19	0.0	c0/img_100824.jpg
35	0.0	c0/img_101414.jpg
41	0.0	c0/img_101668.jpg
48	0.0	c0/img_101938.jpg
62	0.0	c0/img_10570.jpg
78	0.0	c0/img_10909.jpg
79	0.0	c0/img_10997.jpg
106	0.0	c0/img_1236.jpg
110	0.0	c0/img_12389.jpg
111	0.0	c0/img_12458.jpg
113	0.0	c0/img_1256.jpg
115	0.0	c0/img_1267.jpg
141	0.0	c0/img_13675.jpg
148	0.0	c0/img_13916.jpg
149	0.0	c0/img_13922.jpg
158	0.0	c0/img_14223.jpg
167	0.0	c0/img_14621.jpg
168	0.0	c0/img_14634.jpg
173	0.0	c0/img_14779.jpg
180	0.0	c0/img_14979.jpg
183	0.0	c0/img_15117.jpg
187	0.0	c0/img_15221.jpg
208	0.0	c0/img_15934.jpg
227	0.0	c0/img_16813.jpg
241	0.0	c0/img_17515.jpg
268	0.0	c0/img_18339.jpg
281	0.0	c0/img_18806.jpg
311	0.0	c0/img_19970.jpg
327	0.0	c0/img_2064.jpg
340	0.0	c0/img_20948.jpg
342	0.0	c0/img_20994.jpg
366	0.0	c0/img_22011.jpg
389	0.0	c0/img_23004.jpg
390	0.0	c0/img_23082.jpg
391	0.0	c0/img_231.jpg
396	0.0	c0/img_23196.jpg
419	0.0	c0/img_24212.jpg
455	0.0	c0/img_2575.jpg
479	0.0	c0/img_26740.jpg
480	0.0	c0/img_26797.jpg
482	0.0	c0/img_26907.jpg
493	0.0	c0/img_27214.jpg
496	0.0	c0/img_27282.jpg
511	0.0	c0/img_2785.jpg
528	0.0	c0/img_28293.jpg
551	0.0	c0/img_29306.jpg
553	0.0	c0/img_29332.jpg
558	0.0	c0/img_29656.jpg
562	0.0	c0/img_29868.jpg
566	0.0	c0/img_29918.jpg
579	0.0	c0/img_30453.jpg
583	0.0	c0/img_30854.jpg
587	0.0	c0/img_3100.jpg
588	0.0	c0/img_31024.jpg
592	0.0	c0/img_31094.jpg
617	0.0	c0/img_31937.jpg
620	0.0	c0/img_32074.jpg
623	0.0	c0/img_32257.jpg
642	0.0	c0/img_32810.jpg
648	0.0	c0/img_32990.jpg
650	0.0	c0/img_33009.jpg
652	0.0	c0/img_33065.jpg
664	0.0	c0/img_3349.jpg
665	0.0	c0/img_33494.jpg
666	0.0	c0/img_33532.jpg
669	0.0	c0/img_33714.jpg
681	0.0	c0/img_34135.jpg
683	0.0	c0/img_3420.jpg
689	0.0	c0/img_34380.jpg
690	0.0	c0/img_34395.jpg
734	0.0	c0/img_35917.jpg
735	0.0	c0/img_35976.jpg
744	0.0	c0/img_36260.jpg
745	0.0	c0/img_36287.jpg
747	0.0	c0/img_36330.jpg
754	0.0	c0/img_36574.jpg
771	0.0	c0/img_37234.jpg
778	0.0	c0/img_37410.jpg
780	0.0	c0/img_37462.jpg
784	0.0	c0/img_37575.jpg
816	0.0	c0/img_38722.jpg
823	0.0	c0/img_39046.jpg
825	0.0	c0/img_39071.jpg
863	0.0	c0/img_4043.jpg
877	0.0	c0/img_40944.jpg
882	0.0	c0/img_41025.jpg
884	0.0	c0/img_41079.jpg
886	0.0	c0/img_41096.jpg
893	0.0	c0/img_414.jpg
902	0.0	c0/img_41715.jpg
919	0.0	c0/img_42283.jpg
926	0.0	c0/img_42587.jpg
930	0.0	c0/img_42698.jpg
931	0.0	c0/img_42723.jpg
948	0.0	c0/img_43346.jpg
954	0.0	c0/img_43623.jpg
960	0.0	c0/img_43958.jpg
979	0.0	c0/img_4450.jpg
1010	0.0	c0/img_45572.jpg
1028	0.0	c0/img_46484.jpg
1045	0.0	c0/img_47295.jpg
1062	0.0	c0/img_47700.jpg
1064	0.0	c0/img_47804.jpg
1066	0.0	c0/img_47947.jpg
1071	0.0	c0/img_48175.jpg
1097	0.0	c0/img_48886.jpg
1108	0.0	c0/img_49418.jpg
1112	0.0	c0/img_4960.jpg
1114	0.0	c0/img_49623.jpg
1131	0.0	c0/img_5028.jpg
1133	0.0	c0/img_50371.jpg
1148	0.0	c0/img_50819.jpg
1151	0.0	c0/img_50942.jpg
1158	0.0	c0/img_51330.jpg
1163	0.0	c0/img_51537.jpg
1165	0.0	c0/img_51559.jpg
1173	0.0	c0/img_51928.jpg
1189	0.0	c0/img_52396.jpg
1203	0.0	c0/img_52937.jpg
1211	0.0	c0/img_53171.jpg
1212	0.0	c0/img_53191.jpg
1229	0.0	c0/img_53945.jpg
1236	0.0	c0/img_5414.jpg
1270	0.0	c0/img_55291.jpg
1273	0.0	c0/img_55325.jpg
1281	0.0	c0/img_55719.jpg
1286	0.0	c0/img_55890.jpg
1288	0.0	c0/img_55929.jpg
1293	0.0	c0/img_56093.jpg
1321	0.0	c0/img_57126.jpg
1325	0.0	c0/img_57215.jpg
1339	0.0	c0/img_5785.jpg
1347	0.0	c0/img_58093.jpg
1351	0.0	c0/img_58285.jpg
1352	0.0	c0/img_58289.jpg
1353	0.0	c0/img_58324.jpg
1373	0.0	c0/img_58938.jpg
1374	0.0	c0/img_58950.jpg
1385	0.0	c0/img_59322.jpg
1387	0.0	c0/img_59342.jpg
1388	0.0	c0/img_59446.jpg
1396	0.0	c0/img_59598.jpg
1417	0.0	c0/img_60226.jpg
1427	0.0	c0/img_60797.jpg
1429	0.0	c0/img_6087.jpg
1434	0.0	c0/img_60963.jpg
1437	0.0	c0/img_61067.jpg
1439	0.0	c0/img_61112.jpg
1446	0.0	c0/img_61375.jpg
1450	0.0	c0/img_61568.jpg
1456	0.0	c0/img_61788.jpg
1477	0.0	c0/img_62612.jpg
1481	0.0	c0/img_62698.jpg
1482	0.0	c0/img_62737.jpg
1491	0.0	c0/img_63152.jpg
1503	0.0	c0/img_63775.jpg
1526	0.0	c0/img_64681.jpg
1538	0.0	c0/img_65363.jpg
1555	0.0	c0/img_65674.jpg
1568	0.0	c0/img_66355.jpg
1570	0.0	c0/img_66379.jpg
1611	0.0	c0/img_67757.jpg
1631	0.0	c0/img_68379.jpg
1633	0.0	c0/img_68450.jpg
1637	0.0	c0/img_68629.jpg
1639	0.0	c0/img_68652.jpg
1643	0.0	c0/img_68746.jpg
1645	0.0	c0/img_68860.jpg
1646	0.0	c0/img_68866.jpg
1662	0.0	c0/img_69558.jpg
1676	0.0	c0/img_69997.jpg
1684	0.0	c0/img_7031.jpg
1685	0.0	c0/img_70354.jpg
1688	0.0	c0/img_70421.jpg
1697	0.0	c0/img_70787.jpg
1715	0.0	c0/img_71240.jpg
1722	0.0	c0/img_71452.jpg
1728	0.0	c0/img_71674.jpg
1731	0.0	c0/img_71758.jpg
1733	0.0	c0/img_71768.jpg
1738	0.0	c0/img_72128.jpg
1774	0.0	c0/img_73626.jpg
1781	0.0	c0/img_73813.jpg
1783	0.0	c0/img_73830.jpg
1785	0.0	c0/img_74002.jpg
1792	0.0	c0/img_74317.jpg
1795	0.0	c0/img_74403.jpg
1809	0.0	c0/img_74744.jpg
1812	0.0	c0/img_74762.jpg
1815	0.0	c0/img_7501.jpg
1820	0.0	c0/img_75225.jpg
1831	0.0	c0/img_7554.jpg
1834	0.0	c0/img_75704.jpg
1846	0.0	c0/img_7604.jpg
1848	0.0	c0/img_76165.jpg
1873	0.0	c0/img_77606.jpg
1883	0.0	c0/img_77890.jpg
1895	0.0	c0/img_78233.jpg
1900	0.0	c0/img_78509.jpg
1915	0.0	c0/img_78855.jpg
1925	0.0	c0/img_79262.jpg
1938	0.0	c0/img_79806.jpg
1954	0.0	c0/img_80290.jpg
1965	0.0	c0/img_80531.jpg
1969	0.0	c0/img_80621.jpg
1974	0.0	c0/img_80666.jpg
1976	0.0	c0/img_80773.jpg
1978	0.0	c0/img_80838.jpg
1985	0.0	c0/img_81095.jpg
1990	0.0	c0/img_81205.jpg
1996	0.0	c0/img_81332.jpg
2038	0.0	c0/img_8264.jpg
2039	0.0	c0/img_82654.jpg
2054	0.0	c0/img_83326.jpg
2056	0.0	c0/img_83438.jpg
2057	0.0	c0/img_83502.jpg
2067	0.0	c0/img_83924.jpg
2071	0.0	c0/img_84099.jpg
2083	0.0	c0/img_844.jpg
2086	0.0	c0/img_84583.jpg
2091	0.0	c0/img_84905.jpg
2092	0.0	c0/img_84935.jpg
2105	0.0	c0/img_8571.jpg
2111	0.0	c0/img_85898.jpg
2122	0.0	c0/img_86347.jpg
2129	0.0	c0/img_86581.jpg
2132	0.0	c0/img_86606.jpg
2133	0.0	c0/img_86642.jpg
2135	0.0	c0/img_8670.jpg
2144	0.0	c0/img_87085.jpg
2166	0.0	c0/img_87969.jpg
2168	0.0	c0/img_88021.jpg
2179	0.0	c0/img_88389.jpg
2187	0.0	c0/img_88552.jpg
2188	0.0	c0/img_8868.jpg
2195	0.0	c0/img_89051.jpg
2208	0.0	c0/img_89586.jpg
2214	0.0	c0/img_89689.jpg
2234	0.0	c0/img_90347.jpg
2267	0.0	c0/img_91903.jpg
2280	0.0	c0/img_92464.jpg
2286	0.0	c0/img_92645.jpg
2290	0.0	c0/img_92731.jpg
2294	0.0	c0/img_9286.jpg
2308	0.0	c0/img_93422.jpg
2341	0.0	c0/img_94679.jpg
2343	0.0	c0/img_948.jpg
2351	0.0	c0/img_94969.jpg
2371	0.0	c0/img_957.jpg
2374	0.0	c0/img_95760.jpg
2379	0.0	c0/img_95849.jpg
2392	0.0	c0/img_96406.jpg
2411	0.0	c0/img_97031.jpg
2426	0.0	c0/img_97584.jpg
2435	0.0	c0/img_97792.jpg
2447	0.0	c0/img_98415.jpg
2463	0.0	c0/img_99102.jpg
2464	0.0	c0/img_99156.jpg
2466	0.0	c0/img_99194.jpg
2499	1.0	c1/img_100358.jpg
2505	1.0	c1/img_100451.jpg
2510	1.0	c1/img_100777.jpg
2511	1.0	c1/img_101038.jpg
2514	1.0	c1/img_101177.jpg
2516	1.0	c1/img_10119.jpg
2522	1.0	c1/img_101417.jpg
2527	1.0	c1/img_101649.jpg
2558	1.0	c1/img_11030.jpg
2559	1.0	c1/img_11034.jpg
2561	1.0	c1/img_11056.jpg
2567	1.0	c1/img_11198.jpg
2581	1.0	c1/img_11749.jpg
2586	1.0	c1/img_11996.jpg
2593	1.0	c1/img_12216.jpg
2605	1.0	c1/img_12733.jpg
2615	1.0	c1/img_1326.jpg
2624	1.0	c1/img_13503.jpg
2641	1.0	c1/img_14420.jpg
2644	1.0	c1/img_14655.jpg
2654	1.0	c1/img_14933.jpg
2655	1.0	c1/img_14936.jpg
2664	1.0	c1/img_15305.jpg
2685	1.0	c1/img_16282.jpg
2689	1.0	c1/img_16371.jpg
2701	1.0	c1/img_16772.jpg
2702	1.0	c1/img_16792.jpg
2716	1.0	c1/img_17413.jpg
2719	1.0	c1/img_17484.jpg
2721	1.0	c1/img_1756.jpg
2733	1.0	c1/img_18003.jpg
2734	1.0	c1/img_18108.jpg
2736	1.0	c1/img_18181.jpg
2773	1.0	c1/img_19555.jpg
2777	1.0	c1/img_19773.jpg
2781	1.0	c1/img_20054.jpg
2790	1.0	c1/img_20320.jpg
2821	1.0	c1/img_21773.jpg
2832	1.0	c1/img_22174.jpg
2839	1.0	c1/img_22401.jpg
2852	1.0	c1/img_2314.jpg
2860	1.0	c1/img_23745.jpg
2876	1.0	c1/img_24344.jpg
2889	1.0	c1/img_24774.jpg
2890	1.0	c1/img_24793.jpg
2900	1.0	c1/img_25291.jpg
2901	1.0	c1/img_2531.jpg
2921	1.0	c1/img_26100.jpg
2923	1.0	c1/img_26271.jpg
2929	1.0	c1/img_2648.jpg
2931	1.0	c1/img_2657.jpg
2935	1.0	c1/img_26647.jpg
2938	1.0	c1/img_26825.jpg
2941	1.0	c1/img_26914.jpg
2954	1.0	c1/img_27415.jpg
2956	1.0	c1/img_27426.jpg
2971	1.0	c1/img_2825.jpg
2996	1.0	c1/img_29177.jpg
2997	1.0	c1/img_29191.jpg
3003	1.0	c1/img_29378.jpg
3014	1.0	c1/img_29808.jpg
3029	1.0	c1/img_30339.jpg
3040	1.0	c1/img_30641.jpg
3047	1.0	c1/img_30861.jpg
3061	1.0	c1/img_31657.jpg
3067	1.0	c1/img_31915.jpg
3098	1.0	c1/img_32876.jpg
3108	1.0	c1/img_3343.jpg
3112	1.0	c1/img_3358.jpg
3151	1.0	c1/img_35243.jpg
3155	1.0	c1/img_35339.jpg
3157	1.0	c1/img_35433.jpg
3160	1.0	c1/img_35576.jpg
3167	1.0	c1/img_35748.jpg
3175	1.0	c1/img_36010.jpg
3219	1.0	c1/img_37982.jpg
3221	1.0	c1/img_38057.jpg
3233	1.0	c1/img_38431.jpg
3273	1.0	c1/img_40449.jpg
3294	1.0	c1/img_41582.jpg
3299	1.0	c1/img_41699.jpg
3307	1.0	c1/img_42067.jpg
3344	1.0	c1/img_43562.jpg
3361	1.0	c1/img_44204.jpg
3366	1.0	c1/img_44353.jpg
3378	1.0	c1/img_4490.jpg
3381	1.0	c1/img_45049.jpg
3389	1.0	c1/img_45420.jpg
3398	1.0	c1/img_45664.jpg
3399	1.0	c1/img_45692.jpg
3400	1.0	c1/img_45702.jpg
3404	1.0	c1/img_45825.jpg
3430	1.0	c1/img_47034.jpg
3432	1.0	c1/img_47196.jpg
3436	1.0	c1/img_47407.jpg
3444	1.0	c1/img_47579.jpg
3449	1.0	c1/img_4765.jpg
3460	1.0	c1/img_48063.jpg
3477	1.0	c1/img_49167.jpg
3478	1.0	c1/img_49173.jpg
3479	1.0	c1/img_49212.jpg
3483	1.0	c1/img_49336.jpg
3486	1.0	c1/img_49525.jpg
3498	1.0	c1/img_50162.jpg
3503	1.0	c1/img_50448.jpg
3508	1.0	c1/img_50778.jpg
3511	1.0	c1/img_50914.jpg
3514	1.0	c1/img_51101.jpg
3520	1.0	c1/img_51383.jpg
3536	1.0	c1/img_51808.jpg
3556	1.0	c1/img_52415.jpg
3559	1.0	c1/img_52480.jpg
3561	1.0	c1/img_52608.jpg
3566	1.0	c1/img_52886.jpg
3588	1.0	c1/img_53831.jpg
3617	1.0	c1/img_54867.jpg
3628	1.0	c1/img_55353.jpg
3639	1.0	c1/img_55721.jpg
3660	1.0	c1/img_56563.jpg
3663	1.0	c1/img_56775.jpg
3668	1.0	c1/img_56869.jpg
3671	1.0	c1/img_57008.jpg
3683	1.0	c1/img_57629.jpg
3699	1.0	c1/img_58671.jpg
3700	1.0	c1/img_58694.jpg
3717	1.0	c1/img_59613.jpg
3721	1.0	c1/img_59762.jpg
3728	1.0	c1/img_60115.jpg
3730	1.0	c1/img_60127.jpg
3736	1.0	c1/img_60321.jpg
3770	1.0	c1/img_61563.jpg
3777	1.0	c1/img_61839.jpg
3798	1.0	c1/img_62375.jpg
3799	1.0	c1/img_62475.jpg
3816	1.0	c1/img_6300.jpg
3826	1.0	c1/img_63248.jpg
3838	1.0	c1/img_63631.jpg
3842	1.0	c1/img_63762.jpg
3855	1.0	c1/img_64198.jpg
3856	1.0	c1/img_64200.jpg
3858	1.0	c1/img_64278.jpg
3860	1.0	c1/img_64318.jpg
3870	1.0	c1/img_64526.jpg
3894	1.0	c1/img_65272.jpg
3897	1.0	c1/img_65466.jpg
3903	1.0	c1/img_6570.jpg
3906	1.0	c1/img_65749.jpg
3919	1.0	c1/img_665.jpg
3928	1.0	c1/img_66790.jpg
3984	1.0	c1/img_69096.jpg
3987	1.0	c1/img_6915.jpg
3997	1.0	c1/img_69457.jpg
4008	1.0	c1/img_69950.jpg
4009	1.0	c1/img_69956.jpg
4010	1.0	c1/img_69968.jpg
4013	1.0	c1/img_70198.jpg
4014	1.0	c1/img_70211.jpg
4021	1.0	c1/img_70545.jpg
4034	1.0	c1/img_70934.jpg
4035	1.0	c1/img_70978.jpg
4040	1.0	c1/img_71200.jpg
4050	1.0	c1/img_71607.jpg
4055	1.0	c1/img_72144.jpg
4072	1.0	c1/img_72732.jpg
4075	1.0	c1/img_72849.jpg
4091	1.0	c1/img_73485.jpg
4103	1.0	c1/img_7380.jpg
4108	1.0	c1/img_73924.jpg
4119	1.0	c1/img_74517.jpg
4122	1.0	c1/img_74582.jpg
4123	1.0	c1/img_74587.jpg
4130	1.0	c1/img_74900.jpg
4137	1.0	c1/img_75176.jpg
4142	1.0	c1/img_75249.jpg
4147	1.0	c1/img_75390.jpg
4148	1.0	c1/img_75438.jpg
4173	1.0	c1/img_76500.jpg
4179	1.0	c1/img_7665.jpg
4182	1.0	c1/img_7680.jpg
4197	1.0	c1/img_77362.jpg
4200	1.0	c1/img_77489.jpg
4206	1.0	c1/img_77903.jpg
4210	1.0	c1/img_78079.jpg
4212	1.0	c1/img_78193.jpg
4214	1.0	c1/img_78289.jpg
4217	1.0	c1/img_78364.jpg
4222	1.0	c1/img_78575.jpg
4229	1.0	c1/img_78978.jpg
4232	1.0	c1/img_79033.jpg
4242	1.0	c1/img_79334.jpg
4243	1.0	c1/img_79339.jpg
4245	1.0	c1/img_79378.jpg
4250	1.0	c1/img_79713.jpg
4252	1.0	c1/img_79864.jpg
4254	1.0	c1/img_79926.jpg
4290	1.0	c1/img_81137.jpg
4293	1.0	c1/img_81433.jpg
4302	1.0	c1/img_81950.jpg
4310	1.0	c1/img_82299.jpg
4320	1.0	c1/img_82851.jpg
4326	1.0	c1/img_8302.jpg
4328	1.0	c1/img_8305.jpg
4339	1.0	c1/img_8349.jpg
4356	1.0	c1/img_84330.jpg
4358	1.0	c1/img_84433.jpg
4372	1.0	c1/img_84731.jpg
4374	1.0	c1/img_84832.jpg
4379	1.0	c1/img_84974.jpg
4390	1.0	c1/img_85280.jpg
4392	1.0	c1/img_85362.jpg
4408	1.0	c1/img_85914.jpg
4426	1.0	c1/img_86404.jpg
4433	1.0	c1/img_86639.jpg
4445	1.0	c1/img_87088.jpg
4451	1.0	c1/img_87436.jpg
4454	1.0	c1/img_87638.jpg
4476	1.0	c1/img_88768.jpg
4479	1.0	c1/img_88840.jpg
4495	1.0	c1/img_89297.jpg
4503	1.0	c1/img_89704.jpg
4512	1.0	c1/img_89888.jpg
4521	1.0	c1/img_90271.jpg
4526	1.0	c1/img_9039.jpg
4528	1.0	c1/img_90508.jpg
4530	1.0	c1/img_90594.jpg
4547	1.0	c1/img_91481.jpg
4552	1.0	c1/img_91785.jpg
4565	1.0	c1/img_924.jpg
4587	1.0	c1/img_93448.jpg
4589	1.0	c1/img_93498.jpg
4604	1.0	c1/img_942.jpg
4605	1.0	c1/img_94205.jpg
4620	1.0	c1/img_94895.jpg
4624	1.0	c1/img_95081.jpg
4631	1.0	c1/img_95360.jpg
4634	1.0	c1/img_95401.jpg
4646	1.0	c1/img_9587.jpg
4647	1.0	c1/img_95912.jpg
4650	1.0	c1/img_95996.jpg
4655	1.0	c1/img_96129.jpg
4665	1.0	c1/img_96416.jpg
4694	1.0	c1/img_9749.jpg
4702	1.0	c1/img_97808.jpg
4717	1.0	c1/img_98440.jpg
4720	1.0	c1/img_98532.jpg
4727	1.0	c1/img_98916.jpg
4746	1.0	c1/img_99452.jpg
4750	1.0	c1/img_99573.jpg
4754	1.0	c1/img_99822.jpg
4764	2.0	c2/img_100471.jpg
4769	2.0	c2/img_100627.jpg
4783	2.0	c2/img_101258.jpg
4795	2.0	c2/img_101907.jpg
4797	2.0	c2/img_102007.jpg
4813	2.0	c2/img_10768.jpg
4828	2.0	c2/img_1138.jpg
4834	2.0	c2/img_11588.jpg
4851	2.0	c2/img_12376.jpg
4873	2.0	c2/img_13252.jpg
4891	2.0	c2/img_14031.jpg
4926	2.0	c2/img_1521.jpg
4938	2.0	c2/img_15655.jpg
4941	2.0	c2/img_1571.jpg
4945	2.0	c2/img_15791.jpg
4956	2.0	c2/img_16161.jpg
4974	2.0	c2/img_1689.jpg
4975	2.0	c2/img_16918.jpg
4979	2.0	c2/img_1703.jpg
4983	2.0	c2/img_17049.jpg
4999	2.0	c2/img_17701.jpg
5025	2.0	c2/img_18963.jpg
5056	2.0	c2/img_20028.jpg
5061	2.0	c2/img_20214.jpg
5077	2.0	c2/img_20723.jpg
5100	2.0	c2/img_21835.jpg
5102	2.0	c2/img_21958.jpg
5127	2.0	c2/img_22651.jpg
5130	2.0	c2/img_22878.jpg
5131	2.0	c2/img_22879.jpg
5143	2.0	c2/img_23270.jpg
5145	2.0	c2/img_23349.jpg
5171	2.0	c2/img_24303.jpg
5187	2.0	c2/img_25064.jpg
5212	2.0	c2/img_25729.jpg
5221	2.0	c2/img_25993.jpg
5245	2.0	c2/img_27124.jpg
5257	2.0	c2/img_27913.jpg
5263	2.0	c2/img_28092.jpg
5266	2.0	c2/img_28156.jpg
5271	2.0	c2/img_28309.jpg
5275	2.0	c2/img_28590.jpg
5291	2.0	c2/img_29309.jpg
5300	2.0	c2/img_2967.jpg
5302	2.0	c2/img_29688.jpg
5342	2.0	c2/img_31021.jpg
5344	2.0	c2/img_31065.jpg
5347	2.0	c2/img_31171.jpg
5353	2.0	c2/img_31427.jpg
5355	2.0	c2/img_31454.jpg
5365	2.0	c2/img_3183.jpg
5371	2.0	c2/img_3194.jpg
5388	2.0	c2/img_32687.jpg
5395	2.0	c2/img_33012.jpg
5403	2.0	c2/img_33242.jpg
5424	2.0	c2/img_34067.jpg
5434	2.0	c2/img_34386.jpg
5436	2.0	c2/img_34409.jpg
5440	2.0	c2/img_34522.jpg
5457	2.0	c2/img_35149.jpg
5476	2.0	c2/img_35814.jpg
5489	2.0	c2/img_36309.jpg
5491	2.0	c2/img_36377.jpg
5492	2.0	c2/img_36398.jpg
5501	2.0	c2/img_36733.jpg
5513	2.0	c2/img_37132.jpg
5520	2.0	c2/img_37366.jpg
5523	2.0	c2/img_37438.jpg
5525	2.0	c2/img_37483.jpg
5539	2.0	c2/img_37738.jpg
5544	2.0	c2/img_37999.jpg
5565	2.0	c2/img_38761.jpg
5568	2.0	c2/img_38873.jpg
5587	2.0	c2/img_39805.jpg
5595	2.0	c2/img_40017.jpg
5648	2.0	c2/img_42273.jpg
5679	2.0	c2/img_43269.jpg
5687	2.0	c2/img_43436.jpg
5694	2.0	c2/img_43629.jpg
5701	2.0	c2/img_4402.jpg
5702	2.0	c2/img_44050.jpg
5712	2.0	c2/img_44586.jpg
5718	2.0	c2/img_44804.jpg
5720	2.0	c2/img_44940.jpg
5724	2.0	c2/img_45228.jpg
5736	2.0	c2/img_4565.jpg
5763	2.0	c2/img_46704.jpg
5768	2.0	c2/img_4701.jpg
5771	2.0	c2/img_47112.jpg
5793	2.0	c2/img_47981.jpg
5806	2.0	c2/img_48277.jpg
5815	2.0	c2/img_48614.jpg
5819	2.0	c2/img_48825.jpg
5824	2.0	c2/img_49039.jpg
5874	2.0	c2/img_50983.jpg
5934	2.0	c2/img_52919.jpg
5964	2.0	c2/img_54317.jpg
5967	2.0	c2/img_54374.jpg
5986	2.0	c2/img_55152.jpg
5989	2.0	c2/img_55236.jpg
5994	2.0	c2/img_55415.jpg
6020	2.0	c2/img_5646.jpg
6025	2.0	c2/img_56859.jpg
6036	2.0	c2/img_57358.jpg
6038	2.0	c2/img_57389.jpg
6041	2.0	c2/img_57457.jpg
6071	2.0	c2/img_58701.jpg
6075	2.0	c2/img_58882.jpg
6093	2.0	c2/img_59519.jpg
6106	2.0	c2/img_59967.jpg
6108	2.0	c2/img_60040.jpg
6120	2.0	c2/img_60348.jpg
6127	2.0	c2/img_6071.jpg
6129	2.0	c2/img_60738.jpg
6143	2.0	c2/img_61122.jpg
6146	2.0	c2/img_61253.jpg
6173	2.0	c2/img_62328.jpg
6180	2.0	c2/img_62608.jpg
6182	2.0	c2/img_62782.jpg
6191	2.0	c2/img_63085.jpg
6203	2.0	c2/img_63679.jpg
6211	2.0	c2/img_64014.jpg
6213	2.0	c2/img_641.jpg
6228	2.0	c2/img_64611.jpg
6235	2.0	c2/img_64796.jpg
6238	2.0	c2/img_65101.jpg
6250	2.0	c2/img_65657.jpg
6269	2.0	c2/img_66515.jpg
6271	2.0	c2/img_66670.jpg
6276	2.0	c2/img_66857.jpg
6279	2.0	c2/img_66916.jpg
6293	2.0	c2/img_67408.jpg
6297	2.0	c2/img_67521.jpg
6316	2.0	c2/img_68376.jpg
6320	2.0	c2/img_68490.jpg
6339	2.0	c2/img_69156.jpg
6344	2.0	c2/img_69355.jpg
6350	2.0	c2/img_69572.jpg
6356	2.0	c2/img_69752.jpg
6378	2.0	c2/img_704.jpg
6379	2.0	c2/img_70465.jpg
6392	2.0	c2/img_70906.jpg
6398	2.0	c2/img_71100.jpg
6417	2.0	c2/img_71757.jpg
6424	2.0	c2/img_7217.jpg
6428	2.0	c2/img_72348.jpg
6437	2.0	c2/img_72822.jpg
6444	2.0	c2/img_73143.jpg
6445	2.0	c2/img_73183.jpg
6491	2.0	c2/img_75287.jpg
6492	2.0	c2/img_75345.jpg
6503	2.0	c2/img_75914.jpg
6513	2.0	c2/img_76419.jpg
6543	2.0	c2/img_77848.jpg
6560	2.0	c2/img_78370.jpg
6584	2.0	c2/img_79445.jpg
6597	2.0	c2/img_80014.jpg
6605	2.0	c2/img_80296.jpg
6610	2.0	c2/img_80513.jpg
6616	2.0	c2/img_80816.jpg
6631	2.0	c2/img_81418.jpg
6636	2.0	c2/img_81484.jpg
6658	2.0	c2/img_82660.jpg
6711	2.0	c2/img_84776.jpg
6714	2.0	c2/img_84976.jpg
6722	2.0	c2/img_85130.jpg
6731	2.0	c2/img_85600.jpg
6738	2.0	c2/img_85989.jpg
6747	2.0	c2/img_86478.jpg
6751	2.0	c2/img_86569.jpg
6760	2.0	c2/img_86860.jpg
6767	2.0	c2/img_87136.jpg
6777	2.0	c2/img_87387.jpg
6781	2.0	c2/img_8777.jpg
6805	2.0	c2/img_88495.jpg
6807	2.0	c2/img_88563.jpg
6817	2.0	c2/img_88985.jpg
6821	2.0	c2/img_8927.jpg
6833	2.0	c2/img_89885.jpg
6842	2.0	c2/img_90310.jpg
6848	2.0	c2/img_90432.jpg
6869	2.0	c2/img_91222.jpg
6873	2.0	c2/img_91509.jpg
6877	2.0	c2/img_91592.jpg
6891	2.0	c2/img_91890.jpg
6900	2.0	c2/img_92269.jpg
6909	2.0	c2/img_92409.jpg
6911	2.0	c2/img_92614.jpg
6918	2.0	c2/img_92802.jpg
6928	2.0	c2/img_93401.jpg
6929	2.0	c2/img_93411.jpg
6959	2.0	c2/img_94604.jpg
6961	2.0	c2/img_94677.jpg
6985	2.0	c2/img_95634.jpg
6999	2.0	c2/img_96354.jpg
7004	2.0	c2/img_96770.jpg
7026	2.0	c2/img_9779.jpg
7029	2.0	c2/img_97878.jpg
7030	2.0	c2/img_97880.jpg
7044	2.0	c2/img_9869.jpg
7045	2.0	c2/img_9873.jpg
7054	2.0	c2/img_99236.jpg
7066	2.0	c2/img_99689.jpg
7080	3.0	c3/img_10034.jpg
7083	3.0	c3/img_100414.jpg
7095	3.0	c3/img_100838.jpg
7099	3.0	c3/img_100979.jpg
7115	3.0	c3/img_101310.jpg
7120	3.0	c3/img_101486.jpg
7122	3.0	c3/img_101542.jpg
7125	3.0	c3/img_101625.jpg
7130	3.0	c3/img_101757.jpg
7131	3.0	c3/img_10177.jpg
7149	3.0	c3/img_10928.jpg
7162	3.0	c3/img_11340.jpg
7173	3.0	c3/img_11803.jpg
7174	3.0	c3/img_11813.jpg
7176	3.0	c3/img_11902.jpg
7177	3.0	c3/img_11920.jpg
7187	3.0	c3/img_12316.jpg
7206	3.0	c3/img_12960.jpg
7212	3.0	c3/img_13240.jpg
7215	3.0	c3/img_13325.jpg
7225	3.0	c3/img_13542.jpg
7232	3.0	c3/img_13837.jpg
7252	3.0	c3/img_14421.jpg
7257	3.0	c3/img_14564.jpg
7268	3.0	c3/img_14888.jpg
7278	3.0	c3/img_15265.jpg
7287	3.0	c3/img_15737.jpg
7290	3.0	c3/img_15879.jpg
7299	3.0	c3/img_16256.jpg
7300	3.0	c3/img_16359.jpg
7308	3.0	c3/img_16658.jpg
7313	3.0	c3/img_16924.jpg
7317	3.0	c3/img_1701.jpg
7327	3.0	c3/img_17332.jpg
7330	3.0	c3/img_17454.jpg
7332	3.0	c3/img_17550.jpg
7341	3.0	c3/img_17853.jpg
7359	3.0	c3/img_18702.jpg
7360	3.0	c3/img_18730.jpg
7380	3.0	c3/img_19330.jpg
7382	3.0	c3/img_19402.jpg
7384	3.0	c3/img_19472.jpg
7396	3.0	c3/img_19894.jpg
7397	3.0	c3/img_19908.jpg
7426	3.0	c3/img_20805.jpg
7431	3.0	c3/img_21208.jpg
7434	3.0	c3/img_21358.jpg
7443	3.0	c3/img_21703.jpg
7448	3.0	c3/img_21935.jpg
7467	3.0	c3/img_22625.jpg
7471	3.0	c3/img_22854.jpg
7489	3.0	c3/img_23581.jpg
7490	3.0	c3/img_23585.jpg
7491	3.0	c3/img_23667.jpg
7500	3.0	c3/img_24057.jpg
7532	3.0	c3/img_25231.jpg
7533	3.0	c3/img_25235.jpg
7544	3.0	c3/img_25762.jpg
7554	3.0	c3/img_26058.jpg
7556	3.0	c3/img_26122.jpg
7560	3.0	c3/img_26244.jpg
7561	3.0	c3/img_2631.jpg
7565	3.0	c3/img_26377.jpg
7586	3.0	c3/img_27273.jpg
7591	3.0	c3/img_27556.jpg
7596	3.0	c3/img_2770.jpg
7602	3.0	c3/img_27995.jpg
7628	3.0	c3/img_29014.jpg
7666	3.0	c3/img_30529.jpg
7703	3.0	c3/img_32160.jpg
7714	3.0	c3/img_32529.jpg
7715	3.0	c3/img_32553.jpg
7719	3.0	c3/img_32697.jpg
7721	3.0	c3/img_32804.jpg
7725	3.0	c3/img_32892.jpg
7743	3.0	c3/img_33672.jpg
7751	3.0	c3/img_33972.jpg
7757	3.0	c3/img_34151.jpg
7760	3.0	c3/img_34290.jpg
7763	3.0	c3/img_34498.jpg
7766	3.0	c3/img_34546.jpg
7773	3.0	c3/img_34851.jpg
7775	3.0	c3/img_34896.jpg
7834	3.0	c3/img_37240.jpg
7835	3.0	c3/img_37318.jpg
7842	3.0	c3/img_37636.jpg
7870	3.0	c3/img_38708.jpg
7878	3.0	c3/img_38933.jpg
7890	3.0	c3/img_39268.jpg
7895	3.0	c3/img_39465.jpg
7903	3.0	c3/img_39566.jpg
7904	3.0	c3/img_39658.jpg
7906	3.0	c3/img_39698.jpg
7909	3.0	c3/img_39800.jpg
7916	3.0	c3/img_39992.jpg
7971	3.0	c3/img_41863.jpg
7981	3.0	c3/img_42123.jpg
7987	3.0	c3/img_423.jpg
7997	3.0	c3/img_42862.jpg
8005	3.0	c3/img_43136.jpg
8018	3.0	c3/img_43466.jpg
8031	3.0	c3/img_43920.jpg
8038	3.0	c3/img_44049.jpg
8051	3.0	c3/img_44659.jpg
8053	3.0	c3/img_44697.jpg
8069	3.0	c3/img_4518.jpg
8072	3.0	c3/img_45294.jpg
8082	3.0	c3/img_4583.jpg
8087	3.0	c3/img_4592.jpg
8093	3.0	c3/img_46137.jpg
8098	3.0	c3/img_46285.jpg
8107	3.0	c3/img_46540.jpg
8117	3.0	c3/img_47186.jpg
8165	3.0	c3/img_49125.jpg
8168	3.0	c3/img_49269.jpg
8176	3.0	c3/img_49494.jpg
8195	3.0	c3/img_50539.jpg
8232	3.0	c3/img_52166.jpg
8259	3.0	c3/img_533.jpg
8277	3.0	c3/img_53891.jpg
8287	3.0	c3/img_54480.jpg
8294	3.0	c3/img_5479.jpg
8322	3.0	c3/img_56045.jpg
8323	3.0	c3/img_56060.jpg
8330	3.0	c3/img_56440.jpg
8335	3.0	c3/img_56578.jpg
8339	3.0	c3/img_56777.jpg
8353	3.0	c3/img_5733.jpg
8355	3.0	c3/img_57418.jpg
8358	3.0	c3/img_57488.jpg
8364	3.0	c3/img_57628.jpg
8368	3.0	c3/img_57710.jpg
8375	3.0	c3/img_58002.jpg
8383	3.0	c3/img_58279.jpg
8386	3.0	c3/img_58349.jpg
8387	3.0	c3/img_58361.jpg
8392	3.0	c3/img_58508.jpg
8401	3.0	c3/img_58816.jpg
8422	3.0	c3/img_59912.jpg
8430	3.0	c3/img_60343.jpg
8433	3.0	c3/img_60408.jpg
8441	3.0	c3/img_60719.jpg
8461	3.0	c3/img_61136.jpg
8481	3.0	c3/img_62048.jpg
8499	3.0	c3/img_62805.jpg
8500	3.0	c3/img_62877.jpg
8505	3.0	c3/img_63028.jpg
8541	3.0	c3/img_64427.jpg
8548	3.0	c3/img_64856.jpg
8566	3.0	c3/img_65284.jpg
8574	3.0	c3/img_6556.jpg
8584	3.0	c3/img_65941.jpg
8590	3.0	c3/img_66513.jpg
8597	3.0	c3/img_66824.jpg
8602	3.0	c3/img_67160.jpg
8632	3.0	c3/img_68237.jpg
8638	3.0	c3/img_68510.jpg
8640	3.0	c3/img_68570.jpg
8652	3.0	c3/img_68776.jpg
8658	3.0	c3/img_69083.jpg
8670	3.0	c3/img_69696.jpg
8691	3.0	c3/img_70547.jpg
8693	3.0	c3/img_70627.jpg
8714	3.0	c3/img_7122.jpg
8731	3.0	c3/img_71831.jpg
8738	3.0	c3/img_72009.jpg
8764	3.0	c3/img_72989.jpg
8768	3.0	c3/img_73031.jpg
8776	3.0	c3/img_73295.jpg
8808	3.0	c3/img_74405.jpg
8840	3.0	c3/img_75917.jpg
8843	3.0	c3/img_7600.jpg
8863	3.0	c3/img_76872.jpg
8871	3.0	c3/img_77174.jpg
8888	3.0	c3/img_7798.jpg
8923	3.0	c3/img_79626.jpg
8941	3.0	c3/img_80587.jpg
8960	3.0	c3/img_81115.jpg
8979	3.0	c3/img_82071.jpg
8983	3.0	c3/img_82367.jpg
9024	3.0	c3/img_83979.jpg
9025	3.0	c3/img_84004.jpg
9038	3.0	c3/img_84459.jpg
9047	3.0	c3/img_84682.jpg
9052	3.0	c3/img_84792.jpg
9059	3.0	c3/img_85118.jpg
9068	3.0	c3/img_85737.jpg
9073	3.0	c3/img_86057.jpg
9076	3.0	c3/img_86194.jpg
9082	3.0	c3/img_86250.jpg
9086	3.0	c3/img_86452.jpg
9094	3.0	c3/img_86857.jpg
9100	3.0	c3/img_87133.jpg
9104	3.0	c3/img_87177.jpg
9112	3.0	c3/img_87603.jpg
9118	3.0	c3/img_87816.jpg
9126	3.0	c3/img_88056.jpg
9133	3.0	c3/img_88347.jpg
9136	3.0	c3/img_88461.jpg
9140	3.0	c3/img_88598.jpg
9142	3.0	c3/img_8870.jpg
9161	3.0	c3/img_89562.jpg
9171	3.0	c3/img_89871.jpg
9178	3.0	c3/img_90231.jpg
9209	3.0	c3/img_91769.jpg
9235	3.0	c3/img_9271.jpg
9236	3.0	c3/img_92739.jpg
9243	3.0	c3/img_9309.jpg
9264	3.0	c3/img_94032.jpg
9267	3.0	c3/img_94116.jpg
9272	3.0	c3/img_9422.jpg
9273	3.0	c3/img_94232.jpg
9289	3.0	c3/img_94860.jpg
9306	3.0	c3/img_95496.jpg
9316	3.0	c3/img_95786.jpg
9322	3.0	c3/img_95962.jpg
9345	3.0	c3/img_96913.jpg
9380	3.0	c3/img_98242.jpg
9381	3.0	c3/img_98282.jpg
9390	3.0	c3/img_98784.jpg
9402	3.0	c3/img_99341.jpg
9432	4.0	c4/img_10078.jpg
9465	4.0	c4/img_102060.jpg
9484	4.0	c4/img_11052.jpg
9506	4.0	c4/img_12204.jpg
9508	4.0	c4/img_12319.jpg
9525	4.0	c4/img_12925.jpg
9541	4.0	c4/img_13973.jpg
9548	4.0	c4/img_14163.jpg
9552	4.0	c4/img_14370.jpg
9565	4.0	c4/img_14873.jpg
9575	4.0	c4/img_1552.jpg
9581	4.0	c4/img_15738.jpg
9603	4.0	c4/img_16292.jpg
9604	4.0	c4/img_16368.jpg
9614	4.0	c4/img_16601.jpg
9622	4.0	c4/img_17198.jpg
9623	4.0	c4/img_173.jpg
9629	4.0	c4/img_17545.jpg
9630	4.0	c4/img_17546.jpg
9631	4.0	c4/img_17553.jpg
9633	4.0	c4/img_1760.jpg
9643	4.0	c4/img_17996.jpg
9644	4.0	c4/img_18077.jpg
9648	4.0	c4/img_18210.jpg
9659	4.0	c4/img_18609.jpg
9660	4.0	c4/img_18625.jpg
9685	4.0	c4/img_19439.jpg
9745	4.0	c4/img_22127.jpg
9801	4.0	c4/img_24298.jpg
9807	4.0	c4/img_24698.jpg
9832	4.0	c4/img_25691.jpg
9835	4.0	c4/img_2583.jpg
9842	4.0	c4/img_26195.jpg
9853	4.0	c4/img_26524.jpg
9858	4.0	c4/img_26683.jpg
9859	4.0	c4/img_2669.jpg
9876	4.0	c4/img_27381.jpg
9877	4.0	c4/img_27445.jpg
9889	4.0	c4/img_27865.jpg
9891	4.0	c4/img_27960.jpg
9920	4.0	c4/img_29069.jpg
9924	4.0	c4/img_29101.jpg
9932	4.0	c4/img_29362.jpg
9941	4.0	c4/img_2953.jpg
9954	4.0	c4/img_2999.jpg
9955	4.0	c4/img_29997.jpg
9962	4.0	c4/img_30305.jpg
9974	4.0	c4/img_30679.jpg
9983	4.0	c4/img_31005.jpg
9984	4.0	c4/img_31013.jpg
9988	4.0	c4/img_31070.jpg
10011	4.0	c4/img_3187.jpg
10015	4.0	c4/img_31984.jpg
10021	4.0	c4/img_32186.jpg
10025	4.0	c4/img_32355.jpg
10032	4.0	c4/img_32465.jpg
10039	4.0	c4/img_32885.jpg
10050	4.0	c4/img_33121.jpg
10053	4.0	c4/img_33237.jpg
10059	4.0	c4/img_33448.jpg
10075	4.0	c4/img_33930.jpg
10083	4.0	c4/img_34437.jpg
10101	4.0	c4/img_34934.jpg
10117	4.0	c4/img_35762.jpg
10120	4.0	c4/img_35856.jpg
10123	4.0	c4/img_35987.jpg
10134	4.0	c4/img_36459.jpg
10141	4.0	c4/img_36887.jpg
10142	4.0	c4/img_36888.jpg
10153	4.0	c4/img_3714.jpg
10173	4.0	c4/img_37714.jpg
10178	4.0	c4/img_37912.jpg
10180	4.0	c4/img_38128.jpg
10184	4.0	c4/img_38216.jpg
10192	4.0	c4/img_38490.jpg
10195	4.0	c4/img_38628.jpg
10219	4.0	c4/img_39685.jpg
10221	4.0	c4/img_39728.jpg
10222	4.0	c4/img_39731.jpg
10231	4.0	c4/img_40106.jpg
10236	4.0	c4/img_40267.jpg
10245	4.0	c4/img_40612.jpg
10249	4.0	c4/img_40743.jpg
10250	4.0	c4/img_40784.jpg
10262	4.0	c4/img_41226.jpg
10270	4.0	c4/img_41576.jpg
10306	4.0	c4/img_42855.jpg
10319	4.0	c4/img_43363.jpg
10329	4.0	c4/img_43696.jpg
10368	4.0	c4/img_45340.jpg
10376	4.0	c4/img_45662.jpg
10390	4.0	c4/img_46163.jpg
10406	4.0	c4/img_46854.jpg
10409	4.0	c4/img_46939.jpg
10411	4.0	c4/img_47057.jpg
10413	4.0	c4/img_47106.jpg
10437	4.0	c4/img_48252.jpg
10443	4.0	c4/img_48459.jpg
10448	4.0	c4/img_48735.jpg
10454	4.0	c4/img_4893.jpg
10465	4.0	c4/img_49492.jpg
10466	4.0	c4/img_49513.jpg
10471	4.0	c4/img_49664.jpg
10482	4.0	c4/img_503.jpg
10483	4.0	c4/img_5031.jpg
10485	4.0	c4/img_50372.jpg
10489	4.0	c4/img_50523.jpg
10498	4.0	c4/img_50866.jpg
10511	4.0	c4/img_51506.jpg
10542	4.0	c4/img_52391.jpg
10548	4.0	c4/img_52529.jpg
10555	4.0	c4/img_53210.jpg
10559	4.0	c4/img_53412.jpg
10563	4.0	c4/img_53561.jpg
10567	4.0	c4/img_53646.jpg
10568	4.0	c4/img_53650.jpg
10599	4.0	c4/img_55001.jpg
10608	4.0	c4/img_55249.jpg
10611	4.0	c4/img_5539.jpg
10622	4.0	c4/img_55697.jpg
10627	4.0	c4/img_55906.jpg
10644	4.0	c4/img_56536.jpg
10651	4.0	c4/img_56830.jpg
10662	4.0	c4/img_57422.jpg
10671	4.0	c4/img_57654.jpg
10685	4.0	c4/img_58149.jpg
10706	4.0	c4/img_58837.jpg
10708	4.0	c4/img_58937.jpg
10711	4.0	c4/img_59035.jpg
10714	4.0	c4/img_59087.jpg
10736	4.0	c4/img_60066.jpg
10739	4.0	c4/img_6014.jpg
10741	4.0	c4/img_60279.jpg
10759	4.0	c4/img_60930.jpg
10763	4.0	c4/img_61037.jpg
10768	4.0	c4/img_61131.jpg
10774	4.0	c4/img_61376.jpg
10793	4.0	c4/img_61983.jpg
10806	4.0	c4/img_62439.jpg
10817	4.0	c4/img_62804.jpg
10836	4.0	c4/img_63638.jpg
10837	4.0	c4/img_63655.jpg
10845	4.0	c4/img_64071.jpg
10869	4.0	c4/img_65472.jpg
10889	4.0	c4/img_66281.jpg
10892	4.0	c4/img_66357.jpg
10894	4.0	c4/img_664.jpg
10899	4.0	c4/img_66620.jpg
10906	4.0	c4/img_6717.jpg
10908	4.0	c4/img_67203.jpg
10922	4.0	c4/img_67677.jpg
10928	4.0	c4/img_67896.jpg
10946	4.0	c4/img_68567.jpg
10954	4.0	c4/img_68972.jpg
10957	4.0	c4/img_69188.jpg
10975	4.0	c4/img_69790.jpg
10983	4.0	c4/img_69998.jpg
10987	4.0	c4/img_70257.jpg
11006	4.0	c4/img_70764.jpg
11008	4.0	c4/img_70816.jpg
11016	4.0	c4/img_71169.jpg
11022	4.0	c4/img_71441.jpg
11023	4.0	c4/img_71487.jpg
11034	4.0	c4/img_71882.jpg
11038	4.0	c4/img_71984.jpg
11039	4.0	c4/img_7199.jpg
11084	4.0	c4/img_73619.jpg
11088	4.0	c4/img_73835.jpg
11116	4.0	c4/img_74898.jpg
11127	4.0	c4/img_75489.jpg
11134	4.0	c4/img_75752.jpg
11135	4.0	c4/img_75773.jpg
11139	4.0	c4/img_75932.jpg
11152	4.0	c4/img_76254.jpg
11167	4.0	c4/img_76703.jpg
11186	4.0	c4/img_77347.jpg
11207	4.0	c4/img_78372.jpg
11212	4.0	c4/img_7858.jpg
11226	4.0	c4/img_79199.jpg
11248	4.0	c4/img_79905.jpg
11249	4.0	c4/img_79953.jpg
11261	4.0	c4/img_80275.jpg
11274	4.0	c4/img_81044.jpg
11279	4.0	c4/img_81249.jpg
11281	4.0	c4/img_81336.jpg
11320	4.0	c4/img_82854.jpg
11338	4.0	c4/img_83850.jpg
11343	4.0	c4/img_84074.jpg
11357	4.0	c4/img_84456.jpg
11361	4.0	c4/img_84680.jpg
11373	4.0	c4/img_85080.jpg
11376	4.0	c4/img_85134.jpg
11401	4.0	c4/img_86321.jpg
11409	4.0	c4/img_86806.jpg
11412	4.0	c4/img_86916.jpg
11425	4.0	c4/img_8724.jpg
11427	4.0	c4/img_87316.jpg
11448	4.0	c4/img_88291.jpg
11450	4.0	c4/img_88512.jpg
11453	4.0	c4/img_88621.jpg
11458	4.0	c4/img_88761.jpg
11463	4.0	c4/img_89067.jpg
11480	4.0	c4/img_89731.jpg
11486	4.0	c4/img_89899.jpg
11495	4.0	c4/img_902.jpg
11514	4.0	c4/img_91039.jpg
11518	4.0	c4/img_91274.jpg
11533	4.0	c4/img_92155.jpg
11536	4.0	c4/img_92206.jpg
11538	4.0	c4/img_92385.jpg
11539	4.0	c4/img_9248.jpg
11549	4.0	c4/img_92727.jpg
11550	4.0	c4/img_92760.jpg
11551	4.0	c4/img_92769.jpg
11553	4.0	c4/img_92811.jpg
11568	4.0	c4/img_93285.jpg
11588	4.0	c4/img_93987.jpg
11606	4.0	c4/img_94845.jpg
11612	4.0	c4/img_94986.jpg
11617	4.0	c4/img_95256.jpg
11621	4.0	c4/img_95363.jpg
11629	4.0	c4/img_95594.jpg
11630	4.0	c4/img_95599.jpg
11631	4.0	c4/img_9572.jpg
11637	4.0	c4/img_95985.jpg
11649	4.0	c4/img_96353.jpg
11653	4.0	c4/img_96567.jpg
11657	4.0	c4/img_96739.jpg
11659	4.0	c4/img_96871.jpg
11665	4.0	c4/img_97085.jpg
11667	4.0	c4/img_97353.jpg
11690	4.0	c4/img_97891.jpg
11697	4.0	c4/img_98213.jpg
11703	4.0	c4/img_98560.jpg
11712	4.0	c4/img_98950.jpg
11731	4.0	c4/img_99624.jpg
11733	4.0	c4/img_99645.jpg
11741	4.0	c4/img_99871.jpg
11745	5.0	c5/img_10000.jpg
11747	5.0	c5/img_100061.jpg
11763	5.0	c5/img_100690.jpg
11766	5.0	c5/img_100797.jpg
11767	5.0	c5/img_100823.jpg
11769	5.0	c5/img_100905.jpg
11773	5.0	c5/img_101011.jpg
11780	5.0	c5/img_101526.jpg
11799	5.0	c5/img_10288.jpg
11816	5.0	c5/img_11087.jpg
11817	5.0	c5/img_11109.jpg
11826	5.0	c5/img_11505.jpg
11828	5.0	c5/img_11581.jpg
11850	5.0	c5/img_12293.jpg
11851	5.0	c5/img_12301.jpg
11853	5.0	c5/img_12370.jpg
11868	5.0	c5/img_12869.jpg
11872	5.0	c5/img_12931.jpg
11878	5.0	c5/img_13057.jpg
11884	5.0	c5/img_13386.jpg
11909	5.0	c5/img_14369.jpg
11911	5.0	c5/img_14446.jpg
11918	5.0	c5/img_14663.jpg
11930	5.0	c5/img_15312.jpg
11932	5.0	c5/img_15338.jpg
11958	5.0	c5/img_16306.jpg
11966	5.0	c5/img_16680.jpg
11973	5.0	c5/img_17156.jpg
11975	5.0	c5/img_17216.jpg
11993	5.0	c5/img_1797.jpg
11998	5.0	c5/img_18102.jpg
12002	5.0	c5/img_18171.jpg
12021	5.0	c5/img_19041.jpg
12034	5.0	c5/img_19563.jpg
12043	5.0	c5/img_20012.jpg
12057	5.0	c5/img_20458.jpg
12065	5.0	c5/img_20750.jpg
12076	5.0	c5/img_2123.jpg
12081	5.0	c5/img_21382.jpg
12083	5.0	c5/img_21433.jpg
12092	5.0	c5/img_2198.jpg
12114	5.0	c5/img_22901.jpg
12126	5.0	c5/img_23287.jpg
12130	5.0	c5/img_23364.jpg
12132	5.0	c5/img_23383.jpg
12133	5.0	c5/img_23538.jpg
12147	5.0	c5/img_23975.jpg
12148	5.0	c5/img_2398.jpg
12153	5.0	c5/img_24252.jpg
12156	5.0	c5/img_24355.jpg
12164	5.0	c5/img_24758.jpg
12166	5.0	c5/img_24823.jpg
12205	5.0	c5/img_26532.jpg
12206	5.0	c5/img_26547.jpg
12212	5.0	c5/img_26852.jpg
12219	5.0	c5/img_27118.jpg
12224	5.0	c5/img_27352.jpg
12236	5.0	c5/img_27624.jpg
12243	5.0	c5/img_27772.jpg
12249	5.0	c5/img_27880.jpg
12277	5.0	c5/img_29205.jpg
12281	5.0	c5/img_29438.jpg
12301	5.0	c5/img_30527.jpg
12318	5.0	c5/img_31481.jpg
12329	5.0	c5/img_31901.jpg
12335	5.0	c5/img_32136.jpg
12343	5.0	c5/img_32438.jpg
12349	5.0	c5/img_32638.jpg
12375	5.0	c5/img_33419.jpg
12377	5.0	c5/img_33508.jpg
12380	5.0	c5/img_3360.jpg
12382	5.0	c5/img_33680.jpg
12397	5.0	c5/img_34182.jpg
12398	5.0	c5/img_3427.jpg
12402	5.0	c5/img_34344.jpg
12412	5.0	c5/img_34549.jpg
12426	5.0	c5/img_34935.jpg
12431	5.0	c5/img_35077.jpg
12432	5.0	c5/img_35088.jpg
12439	5.0	c5/img_35316.jpg
12447	5.0	c5/img_35628.jpg
12463	5.0	c5/img_36505.jpg
12469	5.0	c5/img_3686.jpg
12472	5.0	c5/img_3705.jpg
12497	5.0	c5/img_37909.jpg
12507	5.0	c5/img_38282.jpg
12508	5.0	c5/img_383.jpg
12517	5.0	c5/img_38617.jpg
12523	5.0	c5/img_38841.jpg
12598	5.0	c5/img_41798.jpg
12607	5.0	c5/img_42253.jpg
12615	5.0	c5/img_42565.jpg
12616	5.0	c5/img_42571.jpg
12662	5.0	c5/img_44279.jpg
12674	5.0	c5/img_44549.jpg
12676	5.0	c5/img_44634.jpg
12682	5.0	c5/img_44821.jpg
12695	5.0	c5/img_45551.jpg
12706	5.0	c5/img_46142.jpg
12747	5.0	c5/img_47389.jpg
12755	5.0	c5/img_47849.jpg
12766	5.0	c5/img_48279.jpg
12774	5.0	c5/img_48631.jpg
12783	5.0	c5/img_48918.jpg
12784	5.0	c5/img_48922.jpg
12785	5.0	c5/img_48960.jpg
12814	5.0	c5/img_49927.jpg
12816	5.0	c5/img_50043.jpg
12823	5.0	c5/img_50458.jpg
12830	5.0	c5/img_50682.jpg
12872	5.0	c5/img_52548.jpg
12879	5.0	c5/img_52794.jpg
12880	5.0	c5/img_52817.jpg
12894	5.0	c5/img_53722.jpg
12905	5.0	c5/img_54068.jpg
12912	5.0	c5/img_54325.jpg
12942	5.0	c5/img_55376.jpg
12947	5.0	c5/img_55575.jpg
12948	5.0	c5/img_55587.jpg
12957	5.0	c5/img_55881.jpg
12973	5.0	c5/img_56602.jpg
12979	5.0	c5/img_56754.jpg
12981	5.0	c5/img_56882.jpg
12990	5.0	c5/img_57168.jpg
12993	5.0	c5/img_57276.jpg
12997	5.0	c5/img_57479.jpg
13000	5.0	c5/img_578.jpg
13002	5.0	c5/img_57851.jpg
13016	5.0	c5/img_5822.jpg
13027	5.0	c5/img_58457.jpg
13037	5.0	c5/img_58763.jpg
13046	5.0	c5/img_5920.jpg
13051	5.0	c5/img_59305.jpg
13079	5.0	c5/img_60404.jpg
13083	5.0	c5/img_60552.jpg
13098	5.0	c5/img_61293.jpg
13107	5.0	c5/img_61808.jpg
13109	5.0	c5/img_61921.jpg
13114	5.0	c5/img_62115.jpg
13122	5.0	c5/img_62632.jpg
13134	5.0	c5/img_63480.jpg
13148	5.0	c5/img_64113.jpg
13151	5.0	c5/img_64180.jpg
13153	5.0	c5/img_64216.jpg
13159	5.0	c5/img_64503.jpg
13164	5.0	c5/img_64728.jpg
13165	5.0	c5/img_6475.jpg
13170	5.0	c5/img_64924.jpg
13182	5.0	c5/img_65649.jpg
13191	5.0	c5/img_65859.jpg
13193	5.0	c5/img_661.jpg
13198	5.0	c5/img_66294.jpg
13213	5.0	c5/img_66622.jpg
13214	5.0	c5/img_66632.jpg
13217	5.0	c5/img_66680.jpg
13221	5.0	c5/img_66778.jpg
13223	5.0	c5/img_66835.jpg
13227	5.0	c5/img_66897.jpg
13228	5.0	c5/img_6690.jpg
13236	5.0	c5/img_67163.jpg
13245	5.0	c5/img_67377.jpg
13258	5.0	c5/img_67676.jpg
13277	5.0	c5/img_68834.jpg
13281	5.0	c5/img_68953.jpg
13301	5.0	c5/img_69634.jpg
13310	5.0	c5/img_70029.jpg
13316	5.0	c5/img_7024.jpg
13324	5.0	c5/img_70461.jpg
13334	5.0	c5/img_70946.jpg
13355	5.0	c5/img_71906.jpg
13370	5.0	c5/img_72355.jpg
13376	5.0	c5/img_72530.jpg
13377	5.0	c5/img_72557.jpg
13382	5.0	c5/img_72777.jpg
13385	5.0	c5/img_7296.jpg
13386	5.0	c5/img_72993.jpg
13393	5.0	c5/img_73269.jpg
13394	5.0	c5/img_7331.jpg
13410	5.0	c5/img_74027.jpg
13438	5.0	c5/img_74964.jpg
13439	5.0	c5/img_75026.jpg
13445	5.0	c5/img_75147.jpg
13459	5.0	c5/img_75836.jpg
13462	5.0	c5/img_75882.jpg
13490	5.0	c5/img_77095.jpg
13493	5.0	c5/img_77139.jpg
13505	5.0	c5/img_77592.jpg
13507	5.0	c5/img_77733.jpg
13528	5.0	c5/img_78504.jpg
13562	5.0	c5/img_8011.jpg
13567	5.0	c5/img_80300.jpg
13578	5.0	c5/img_80555.jpg
13581	5.0	c5/img_80618.jpg
13604	5.0	c5/img_81819.jpg
13607	5.0	c5/img_81921.jpg
13610	5.0	c5/img_82078.jpg
13635	5.0	c5/img_83305.jpg
13647	5.0	c5/img_83675.jpg
13651	5.0	c5/img_84030.jpg
13664	5.0	c5/img_84464.jpg
13667	5.0	c5/img_84714.jpg
13701	5.0	c5/img_8619.jpg
13702	5.0	c5/img_86233.jpg
13713	5.0	c5/img_86703.jpg
13725	5.0	c5/img_87070.jpg
13732	5.0	c5/img_87252.jpg
13735	5.0	c5/img_87356.jpg
13742	5.0	c5/img_87611.jpg
13749	5.0	c5/img_87951.jpg
13753	5.0	c5/img_88045.jpg
13756	5.0	c5/img_88212.jpg
13757	5.0	c5/img_88339.jpg
13759	5.0	c5/img_8838.jpg
13763	5.0	c5/img_8852.jpg
13769	5.0	c5/img_88700.jpg
13770	5.0	c5/img_88846.jpg
13775	5.0	c5/img_88956.jpg
13776	5.0	c5/img_88983.jpg
13778	5.0	c5/img_89040.jpg
13779	5.0	c5/img_89044.jpg
13793	5.0	c5/img_89623.jpg
13797	5.0	c5/img_89677.jpg
13799	5.0	c5/img_89816.jpg
13801	5.0	c5/img_89915.jpg
13803	5.0	c5/img_90032.jpg
13805	5.0	c5/img_90055.jpg
13817	5.0	c5/img_90547.jpg
13829	5.0	c5/img_9096.jpg
13834	5.0	c5/img_91070.jpg
13843	5.0	c5/img_91231.jpg
13848	5.0	c5/img_91418.jpg
13850	5.0	c5/img_91444.jpg
13864	5.0	c5/img_92024.jpg
13870	5.0	c5/img_9234.jpg
13880	5.0	c5/img_9277.jpg
13894	5.0	c5/img_93368.jpg
13900	5.0	c5/img_93586.jpg
13905	5.0	c5/img_93740.jpg
13913	5.0	c5/img_94051.jpg
13925	5.0	c5/img_94382.jpg
13933	5.0	c5/img_94685.jpg
13951	5.0	c5/img_95711.jpg
13970	5.0	c5/img_96732.jpg
13982	5.0	c5/img_97152.jpg
13988	5.0	c5/img_9723.jpg
13994	5.0	c5/img_97449.jpg
13999	5.0	c5/img_97595.jpg
14020	5.0	c5/img_98623.jpg
14030	5.0	c5/img_99144.jpg
14045	5.0	c5/img_99558.jpg
14066	6.0	c6/img_100241.jpg
14075	6.0	c6/img_100568.jpg
14086	6.0	c6/img_101075.jpg
14093	6.0	c6/img_101194.jpg
14116	6.0	c6/img_101914.jpg
14119	6.0	c6/img_102020.jpg
14124	6.0	c6/img_102138.jpg
14129	6.0	c6/img_10422.jpg
14137	6.0	c6/img_10846.jpg
14141	6.0	c6/img_10945.jpg
14157	6.0	c6/img_11388.jpg
14166	6.0	c6/img_11685.jpg
14170	6.0	c6/img_11811.jpg
14172	6.0	c6/img_11843.jpg
14175	6.0	c6/img_1198.jpg
14214	6.0	c6/img_13516.jpg
14218	6.0	c6/img_13590.jpg
14259	6.0	c6/img_15278.jpg
14268	6.0	c6/img_15794.jpg
14285	6.0	c6/img_16526.jpg
14300	6.0	c6/img_17064.jpg
14331	6.0	c6/img_18516.jpg
14332	6.0	c6/img_18548.jpg
14333	6.0	c6/img_18673.jpg
14340	6.0	c6/img_18907.jpg
14346	6.0	c6/img_19159.jpg
14352	6.0	c6/img_19410.jpg
14353	6.0	c6/img_19438.jpg
14361	6.0	c6/img_19690.jpg
14365	6.0	c6/img_19862.jpg
14382	6.0	c6/img_20456.jpg
14391	6.0	c6/img_20939.jpg
14396	6.0	c6/img_21008.jpg
14406	6.0	c6/img_2145.jpg
14410	6.0	c6/img_2152.jpg
14414	6.0	c6/img_21598.jpg
14426	6.0	c6/img_22054.jpg
14429	6.0	c6/img_22101.jpg
14442	6.0	c6/img_2266.jpg
14443	6.0	c6/img_22707.jpg
14448	6.0	c6/img_22833.jpg
14481	6.0	c6/img_24122.jpg
14484	6.0	c6/img_24254.jpg
14491	6.0	c6/img_24365.jpg
14492	6.0	c6/img_24368.jpg
14502	6.0	c6/img_2462.jpg
14510	6.0	c6/img_24905.jpg
14511	6.0	c6/img_24925.jpg
14528	6.0	c6/img_25547.jpg
14556	6.0	c6/img_26670.jpg
14579	6.0	c6/img_27525.jpg
14584	6.0	c6/img_27906.jpg
14598	6.0	c6/img_28431.jpg
14607	6.0	c6/img_2868.jpg
14630	6.0	c6/img_29395.jpg
14643	6.0	c6/img_29761.jpg
14652	6.0	c6/img_30146.jpg
14663	6.0	c6/img_30481.jpg
14686	6.0	c6/img_31437.jpg
14688	6.0	c6/img_31467.jpg
14711	6.0	c6/img_3263.jpg
14720	6.0	c6/img_3320.jpg
14721	6.0	c6/img_33220.jpg
14725	6.0	c6/img_33453.jpg
14738	6.0	c6/img_33850.jpg
14739	6.0	c6/img_33859.jpg
14778	6.0	c6/img_35895.jpg
14790	6.0	c6/img_36323.jpg
14792	6.0	c6/img_36365.jpg
14793	6.0	c6/img_36372.jpg
14794	6.0	c6/img_36392.jpg
14819	6.0	c6/img_37320.jpg
14855	6.0	c6/img_39002.jpg
14864	6.0	c6/img_39601.jpg
14875	6.0	c6/img_39892.jpg
14883	6.0	c6/img_40127.jpg
14887	6.0	c6/img_40307.jpg
14894	6.0	c6/img_40445.jpg
14904	6.0	c6/img_41103.jpg
14916	6.0	c6/img_41583.jpg
14930	6.0	c6/img_4198.jpg
14936	6.0	c6/img_42155.jpg
14937	6.0	c6/img_42194.jpg
14946	6.0	c6/img_42485.jpg
14979	6.0	c6/img_43772.jpg
14988	6.0	c6/img_44031.jpg
14994	6.0	c6/img_44276.jpg
15016	6.0	c6/img_45361.jpg
15025	6.0	c6/img_45898.jpg
15036	6.0	c6/img_46501.jpg
15038	6.0	c6/img_46632.jpg
15047	6.0	c6/img_46903.jpg
15048	6.0	c6/img_46968.jpg
15051	6.0	c6/img_47039.jpg
15053	6.0	c6/img_47148.jpg
15068	6.0	c6/img_47827.jpg
15078	6.0	c6/img_48385.jpg
15079	6.0	c6/img_48390.jpg
15082	6.0	c6/img_48413.jpg
15091	6.0	c6/img_48610.jpg
15095	6.0	c6/img_48787.jpg
15118	6.0	c6/img_49561.jpg
15119	6.0	c6/img_49571.jpg
15126	6.0	c6/img_49749.jpg
15127	6.0	c6/img_49750.jpg
15135	6.0	c6/img_50233.jpg
15136	6.0	c6/img_50275.jpg
15139	6.0	c6/img_50354.jpg
15150	6.0	c6/img_508.jpg
15151	6.0	c6/img_50817.jpg
15155	6.0	c6/img_51067.jpg
15159	6.0	c6/img_51136.jpg
15167	6.0	c6/img_51367.jpg
15169	6.0	c6/img_51441.jpg
15182	6.0	c6/img_52150.jpg
15198	6.0	c6/img_52788.jpg
15201	6.0	c6/img_5297.jpg
15210	6.0	c6/img_5317.jpg
15214	6.0	c6/img_53278.jpg
15215	6.0	c6/img_53347.jpg
15218	6.0	c6/img_53488.jpg
15222	6.0	c6/img_53555.jpg
15235	6.0	c6/img_54164.jpg
15239	6.0	c6/img_54508.jpg
15251	6.0	c6/img_54974.jpg
15266	6.0	c6/img_55578.jpg
15274	6.0	c6/img_56037.jpg
15276	6.0	c6/img_56154.jpg
15278	6.0	c6/img_56334.jpg
15288	6.0	c6/img_56678.jpg
15298	6.0	c6/img_57012.jpg
15307	6.0	c6/img_57572.jpg
15313	6.0	c6/img_57907.jpg
15320	6.0	c6/img_5806.jpg
15326	6.0	c6/img_58265.jpg
15334	6.0	c6/img_5849.jpg
15344	6.0	c6/img_59027.jpg
15353	6.0	c6/img_59366.jpg
15375	6.0	c6/img_60458.jpg
15380	6.0	c6/img_60617.jpg
15404	6.0	c6/img_61402.jpg
15432	6.0	c6/img_62842.jpg
15436	6.0	c6/img_6292.jpg
15460	6.0	c6/img_64018.jpg
15473	6.0	c6/img_64527.jpg
15476	6.0	c6/img_64646.jpg
15513	6.0	c6/img_66165.jpg
15526	6.0	c6/img_66674.jpg
15543	6.0	c6/img_67406.jpg
15547	6.0	c6/img_6758.jpg
15556	6.0	c6/img_6784.jpg
15579	6.0	c6/img_68604.jpg
15584	6.0	c6/img_68727.jpg
15588	6.0	c6/img_69140.jpg
15589	6.0	c6/img_69180.jpg
15599	6.0	c6/img_69568.jpg
15623	6.0	c6/img_70510.jpg
15627	6.0	c6/img_70771.jpg
15633	6.0	c6/img_70953.jpg
15657	6.0	c6/img_72029.jpg
15678	6.0	c6/img_72916.jpg
15683	6.0	c6/img_73124.jpg
15694	6.0	c6/img_73578.jpg
15698	6.0	c6/img_73688.jpg
15719	6.0	c6/img_7420.jpg
15721	6.0	c6/img_74263.jpg
15724	6.0	c6/img_74378.jpg
15736	6.0	c6/img_74917.jpg
15743	6.0	c6/img_75070.jpg
15757	6.0	c6/img_75714.jpg
15796	6.0	c6/img_77311.jpg
15813	6.0	c6/img_78445.jpg
15817	6.0	c6/img_7857.jpg
15834	6.0	c6/img_79390.jpg
15850	6.0	c6/img_79837.jpg
15891	6.0	c6/img_81059.jpg
15897	6.0	c6/img_81286.jpg
15922	6.0	c6/img_81863.jpg
15931	6.0	c6/img_8228.jpg
15945	6.0	c6/img_82843.jpg
15956	6.0	c6/img_83554.jpg
15969	6.0	c6/img_84037.jpg
15994	6.0	c6/img_85357.jpg
15999	6.0	c6/img_85697.jpg
16005	6.0	c6/img_85910.jpg
16030	6.0	c6/img_86685.jpg
16042	6.0	c6/img_87165.jpg
16049	6.0	c6/img_8737.jpg
16052	6.0	c6/img_87601.jpg
16062	6.0	c6/img_87988.jpg
16079	6.0	c6/img_88469.jpg
16087	6.0	c6/img_88695.jpg
16092	6.0	c6/img_8901.jpg
16103	6.0	c6/img_89661.jpg
16107	6.0	c6/img_89854.jpg
16110	6.0	c6/img_90051.jpg
16117	6.0	c6/img_90297.jpg
16123	6.0	c6/img_90556.jpg
16136	6.0	c6/img_90835.jpg
16138	6.0	c6/img_90985.jpg
16140	6.0	c6/img_91042.jpg
16159	6.0	c6/img_91532.jpg
16170	6.0	c6/img_91673.jpg
16177	6.0	c6/img_91854.jpg
16181	6.0	c6/img_92108.jpg
16182	6.0	c6/img_92211.jpg
16191	6.0	c6/img_92413.jpg
16197	6.0	c6/img_92599.jpg
16209	6.0	c6/img_92970.jpg
16226	6.0	c6/img_93627.jpg
16247	6.0	c6/img_94410.jpg
16250	6.0	c6/img_94499.jpg
16252	6.0	c6/img_94533.jpg
16255	6.0	c6/img_94730.jpg
16276	6.0	c6/img_95707.jpg
16277	6.0	c6/img_95722.jpg
16283	6.0	c6/img_96117.jpg
16292	6.0	c6/img_96482.jpg
16294	6.0	c6/img_96564.jpg
16300	6.0	c6/img_96807.jpg
16326	6.0	c6/img_97825.jpg
16336	6.0	c6/img_98318.jpg
16337	6.0	c6/img_98400.jpg
16346	6.0	c6/img_98577.jpg
16360	6.0	c6/img_99261.jpg
16361	6.0	c6/img_99407.jpg
16375	6.0	c6/img_99780.jpg
16378	6.0	c6/img_9994.jpg
16382	7.0	c7/img_100057.jpg
16389	7.0	c7/img_100314.jpg
16390	7.0	c7/img_100336.jpg
16401	7.0	c7/img_100683.jpg
16402	7.0	c7/img_100702.jpg
16416	7.0	c7/img_101378.jpg
16418	7.0	c7/img_101433.jpg
16423	7.0	c7/img_101593.jpg
16433	7.0	c7/img_102076.jpg
16445	7.0	c7/img_10672.jpg
16452	7.0	c7/img_10922.jpg
16454	7.0	c7/img_10950.jpg
16465	7.0	c7/img_11196.jpg
16485	7.0	c7/img_12193.jpg
16493	7.0	c7/img_12658.jpg
16526	7.0	c7/img_14510.jpg
16535	7.0	c7/img_1498.jpg
16538	7.0	c7/img_15033.jpg
16539	7.0	c7/img_15043.jpg
16552	7.0	c7/img_15814.jpg
16560	7.0	c7/img_16435.jpg
16564	7.0	c7/img_16682.jpg
16569	7.0	c7/img_16851.jpg
16577	7.0	c7/img_17270.jpg
16592	7.0	c7/img_18051.jpg
16616	7.0	c7/img_19266.jpg
16636	7.0	c7/img_19923.jpg
16655	7.0	c7/img_20363.jpg
16659	7.0	c7/img_20781.jpg
16666	7.0	c7/img_21137.jpg
16673	7.0	c7/img_21365.jpg
16682	7.0	c7/img_21784.jpg
16693	7.0	c7/img_22221.jpg
16696	7.0	c7/img_22272.jpg
16697	7.0	c7/img_22307.jpg
16698	7.0	c7/img_22372.jpg
16712	7.0	c7/img_22978.jpg
16723	7.0	c7/img_23561.jpg
16736	7.0	c7/img_23970.jpg
16737	7.0	c7/img_23991.jpg
16762	7.0	c7/img_24959.jpg
16765	7.0	c7/img_25167.jpg
16774	7.0	c7/img_25911.jpg
16833	7.0	c7/img_28686.jpg
16843	7.0	c7/img_28989.jpg
16861	7.0	c7/img_29983.jpg
16867	7.0	c7/img_30079.jpg
16869	7.0	c7/img_3012.jpg
16872	7.0	c7/img_30189.jpg
16878	7.0	c7/img_30412.jpg
16884	7.0	c7/img_30585.jpg
16886	7.0	c7/img_30608.jpg
16890	7.0	c7/img_30834.jpg
16899	7.0	c7/img_3109.jpg
16919	7.0	c7/img_32078.jpg
16920	7.0	c7/img_32236.jpg
16921	7.0	c7/img_32247.jpg
16945	7.0	c7/img_33152.jpg
16949	7.0	c7/img_33320.jpg
16950	7.0	c7/img_33368.jpg
16952	7.0	c7/img_33436.jpg
16956	7.0	c7/img_33708.jpg
16958	7.0	c7/img_33741.jpg
16984	7.0	c7/img_34986.jpg
16986	7.0	c7/img_35112.jpg
16987	7.0	c7/img_35139.jpg
16989	7.0	c7/img_35312.jpg
17002	7.0	c7/img_35852.jpg
17016	7.0	c7/img_3643.jpg
17019	7.0	c7/img_36454.jpg
17029	7.0	c7/img_36859.jpg
17035	7.0	c7/img_36985.jpg
17046	7.0	c7/img_37951.jpg
17051	7.0	c7/img_38274.jpg
17052	7.0	c7/img_38291.jpg
17061	7.0	c7/img_38949.jpg
17090	7.0	c7/img_40443.jpg
17093	7.0	c7/img_40641.jpg
17111	7.0	c7/img_41498.jpg
17130	7.0	c7/img_42291.jpg
17142	7.0	c7/img_43046.jpg
17150	7.0	c7/img_43558.jpg
17176	7.0	c7/img_44869.jpg
17179	7.0	c7/img_4504.jpg
17184	7.0	c7/img_45158.jpg
17187	7.0	c7/img_45345.jpg
17188	7.0	c7/img_45351.jpg
17196	7.0	c7/img_45593.jpg
17197	7.0	c7/img_45610.jpg
17204	7.0	c7/img_46057.jpg
17224	7.0	c7/img_46863.jpg
17242	7.0	c7/img_47322.jpg
17254	7.0	c7/img_48064.jpg
17286	7.0	c7/img_49728.jpg
17308	7.0	c7/img_50573.jpg
17322	7.0	c7/img_51555.jpg
17326	7.0	c7/img_51733.jpg
17339	7.0	c7/img_52296.jpg
17353	7.0	c7/img_52786.jpg
17357	7.0	c7/img_52987.jpg
17380	7.0	c7/img_54406.jpg
17394	7.0	c7/img_55214.jpg
17401	7.0	c7/img_55823.jpg
17409	7.0	c7/img_56085.jpg
17421	7.0	c7/img_56577.jpg
17428	7.0	c7/img_56717.jpg
17460	7.0	c7/img_58298.jpg
17462	7.0	c7/img_58314.jpg
17477	7.0	c7/img_58996.jpg
17478	7.0	c7/img_59067.jpg
17483	7.0	c7/img_59213.jpg
17514	7.0	c7/img_6061.jpg
17524	7.0	c7/img_61086.jpg
17536	7.0	c7/img_61456.jpg
17547	7.0	c7/img_62236.jpg
17573	7.0	c7/img_63489.jpg
17581	7.0	c7/img_63794.jpg
17596	7.0	c7/img_64571.jpg
17614	7.0	c7/img_65354.jpg
17621	7.0	c7/img_65708.jpg
17625	7.0	c7/img_65855.jpg
17645	7.0	c7/img_6715.jpg
17662	7.0	c7/img_68024.jpg
17675	7.0	c7/img_68339.jpg
17682	7.0	c7/img_68781.jpg
17693	7.0	c7/img_6949.jpg
17702	7.0	c7/img_69785.jpg
17721	7.0	c7/img_70692.jpg
17729	7.0	c7/img_71088.jpg
17742	7.0	c7/img_7145.jpg
17750	7.0	c7/img_7183.jpg
17754	7.0	c7/img_719.jpg
17794	7.0	c7/img_73441.jpg
17797	7.0	c7/img_73647.jpg
17815	7.0	c7/img_74363.jpg
17829	7.0	c7/img_74786.jpg
17852	7.0	c7/img_75645.jpg
17855	7.0	c7/img_75819.jpg
17865	7.0	c7/img_76458.jpg
17867	7.0	c7/img_7647.jpg
17869	7.0	c7/img_76551.jpg
17871	7.0	c7/img_76565.jpg
17873	7.0	c7/img_76630.jpg
17881	7.0	c7/img_77158.jpg
17886	7.0	c7/img_77360.jpg
17897	7.0	c7/img_7776.jpg
17898	7.0	c7/img_77831.jpg
17905	7.0	c7/img_78293.jpg
17910	7.0	c7/img_78694.jpg
17915	7.0	c7/img_78913.jpg
17917	7.0	c7/img_78964.jpg
17926	7.0	c7/img_79322.jpg
17969	7.0	c7/img_81489.jpg
17971	7.0	c7/img_8152.jpg
17973	7.0	c7/img_81547.jpg
17988	7.0	c7/img_82303.jpg
18007	7.0	c7/img_82937.jpg
18021	7.0	c7/img_83581.jpg
18040	7.0	c7/img_84484.jpg
18053	7.0	c7/img_84833.jpg
18058	7.0	c7/img_85274.jpg
18066	7.0	c7/img_85590.jpg
18080	7.0	c7/img_86086.jpg
18084	7.0	c7/img_86251.jpg
18089	7.0	c7/img_86448.jpg
18109	7.0	c7/img_87419.jpg
18115	7.0	c7/img_87498.jpg
18133	7.0	c7/img_8817.jpg
18139	7.0	c7/img_88521.jpg
18143	7.0	c7/img_88786.jpg
18146	7.0	c7/img_88821.jpg
18163	7.0	c7/img_8968.jpg
18186	7.0	c7/img_90369.jpg
18187	7.0	c7/img_90389.jpg
18193	7.0	c7/img_90517.jpg
18199	7.0	c7/img_90740.jpg
18232	7.0	c7/img_92692.jpg
18234	7.0	c7/img_92745.jpg
18239	7.0	c7/img_92894.jpg
18243	7.0	c7/img_93120.jpg
18248	7.0	c7/img_93416.jpg
18249	7.0	c7/img_93518.jpg
18256	7.0	c7/img_93823.jpg
18261	7.0	c7/img_94009.jpg
18263	7.0	c7/img_9408.jpg
18292	7.0	c7/img_95585.jpg
18316	7.0	c7/img_96730.jpg
18323	7.0	c7/img_96845.jpg
18327	7.0	c7/img_96957.jpg
18332	7.0	c7/img_97631.jpg
18334	7.0	c7/img_97794.jpg
18336	7.0	c7/img_97804.jpg
18338	7.0	c7/img_9782.jpg
18360	7.0	c7/img_98870.jpg
18376	7.0	c7/img_99747.jpg
18386	8.0	c8/img_100295.jpg
18399	8.0	c8/img_10080.jpg
18413	8.0	c8/img_101367.jpg
18426	8.0	c8/img_102047.jpg
18434	8.0	c8/img_10420.jpg
18463	8.0	c8/img_11896.jpg
18464	8.0	c8/img_11924.jpg
18472	8.0	c8/img_12151.jpg
18478	8.0	c8/img_12390.jpg
18491	8.0	c8/img_13099.jpg
18497	8.0	c8/img_13387.jpg
18500	8.0	c8/img_13480.jpg
18508	8.0	c8/img_13868.jpg
18519	8.0	c8/img_14667.jpg
18523	8.0	c8/img_15011.jpg
18592	8.0	c8/img_18645.jpg
18611	8.0	c8/img_19450.jpg
18626	8.0	c8/img_20041.jpg
18627	8.0	c8/img_2006.jpg
18636	8.0	c8/img_20475.jpg
18656	8.0	c8/img_21274.jpg
18663	8.0	c8/img_21871.jpg
18670	8.0	c8/img_22343.jpg
18671	8.0	c8/img_22410.jpg
18675	8.0	c8/img_22667.jpg
18697	8.0	c8/img_23696.jpg
18729	8.0	c8/img_25010.jpg
18734	8.0	c8/img_25239.jpg
18739	8.0	c8/img_25505.jpg
18744	8.0	c8/img_25862.jpg
18745	8.0	c8/img_25969.jpg
18747	8.0	c8/img_26.jpg
18748	8.0	c8/img_26115.jpg
18761	8.0	c8/img_26672.jpg
18774	8.0	c8/img_27307.jpg
18779	8.0	c8/img_27549.jpg
18789	8.0	c8/img_28131.jpg
18792	8.0	c8/img_28224.jpg
18795	8.0	c8/img_28257.jpg
18801	8.0	c8/img_28537.jpg
18819	8.0	c8/img_29196.jpg
18830	8.0	c8/img_29907.jpg
18831	8.0	c8/img_29908.jpg
18852	8.0	c8/img_3131.jpg
18855	8.0	c8/img_31409.jpg
18873	8.0	c8/img_32145.jpg
18887	8.0	c8/img_32789.jpg
18919	8.0	c8/img_34783.jpg
18920	8.0	c8/img_34788.jpg
18924	8.0	c8/img_35083.jpg
18925	8.0	c8/img_35086.jpg
18927	8.0	c8/img_35132.jpg
18942	8.0	c8/img_35831.jpg
18948	8.0	c8/img_36310.jpg
18976	8.0	c8/img_37699.jpg
19000	8.0	c8/img_39068.jpg
19013	8.0	c8/img_3948.jpg
19017	8.0	c8/img_3967.jpg
19019	8.0	c8/img_39741.jpg
19027	8.0	c8/img_40250.jpg
19040	8.0	c8/img_41091.jpg
19051	8.0	c8/img_41480.jpg
19054	8.0	c8/img_41659.jpg
19055	8.0	c8/img_41700.jpg
19056	8.0	c8/img_41708.jpg
19064	8.0	c8/img_42085.jpg
19066	8.0	c8/img_42290.jpg
19072	8.0	c8/img_42399.jpg
19081	8.0	c8/img_42899.jpg
19083	8.0	c8/img_43040.jpg
19085	8.0	c8/img_4308.jpg
19092	8.0	c8/img_43441.jpg
19111	8.0	c8/img_44267.jpg
19112	8.0	c8/img_44369.jpg
19114	8.0	c8/img_44416.jpg
19133	8.0	c8/img_45707.jpg
19136	8.0	c8/img_45868.jpg
19139	8.0	c8/img_45960.jpg
19160	8.0	c8/img_46910.jpg
19186	8.0	c8/img_47986.jpg
19193	8.0	c8/img_48249.jpg
19200	8.0	c8/img_4853.jpg
19204	8.0	c8/img_48605.jpg
19205	8.0	c8/img_48620.jpg
19219	8.0	c8/img_49179.jpg
19225	8.0	c8/img_49411.jpg
19229	8.0	c8/img_49772.jpg
19232	8.0	c8/img_4998.jpg
19238	8.0	c8/img_50134.jpg
19267	8.0	c8/img_50928.jpg
19271	8.0	c8/img_51168.jpg
19284	8.0	c8/img_51981.jpg
19285	8.0	c8/img_51986.jpg
19289	8.0	c8/img_521.jpg
19316	8.0	c8/img_52914.jpg
19333	8.0	c8/img_53839.jpg
19334	8.0	c8/img_53920.jpg
19346	8.0	c8/img_54567.jpg
19348	8.0	c8/img_54657.jpg
19352	8.0	c8/img_54803.jpg
19360	8.0	c8/img_55092.jpg
19364	8.0	c8/img_55449.jpg
19374	8.0	c8/img_56123.jpg
19375	8.0	c8/img_56171.jpg
19380	8.0	c8/img_56372.jpg
19384	8.0	c8/img_56543.jpg
19394	8.0	c8/img_57014.jpg
19400	8.0	c8/img_57199.jpg
19416	8.0	c8/img_58076.jpg
19420	8.0	c8/img_58218.jpg
19422	8.0	c8/img_58392.jpg
19429	8.0	c8/img_58878.jpg
19466	8.0	c8/img_6070.jpg
19484	8.0	c8/img_61896.jpg
19489	8.0	c8/img_62076.jpg
19495	8.0	c8/img_62133.jpg
19500	8.0	c8/img_62501.jpg
19503	8.0	c8/img_62578.jpg
19532	8.0	c8/img_63830.jpg
19541	8.0	c8/img_64367.jpg
19545	8.0	c8/img_64604.jpg
19552	8.0	c8/img_64844.jpg
19587	8.0	c8/img_671.jpg
19616	8.0	c8/img_68387.jpg
19620	8.0	c8/img_68491.jpg
19621	8.0	c8/img_68616.jpg
19627	8.0	c8/img_68838.jpg
19652	8.0	c8/img_70019.jpg
19658	8.0	c8/img_70228.jpg
19666	8.0	c8/img_70640.jpg
19670	8.0	c8/img_70748.jpg
19676	8.0	c8/img_70997.jpg
19682	8.0	c8/img_7139.jpg
19705	8.0	c8/img_72487.jpg
19730	8.0	c8/img_73702.jpg
19733	8.0	c8/img_73885.jpg
19747	8.0	c8/img_74520.jpg
19756	8.0	c8/img_75142.jpg
19764	8.0	c8/img_75413.jpg
19768	8.0	c8/img_75475.jpg
19773	8.0	c8/img_7559.jpg
19788	8.0	c8/img_76073.jpg
19791	8.0	c8/img_76195.jpg
19797	8.0	c8/img_76519.jpg
19802	8.0	c8/img_76714.jpg
19804	8.0	c8/img_76749.jpg
19813	8.0	c8/img_77096.jpg
19816	8.0	c8/img_77225.jpg
19821	8.0	c8/img_77481.jpg
19826	8.0	c8/img_77626.jpg
19829	8.0	c8/img_77899.jpg
19839	8.0	c8/img_78411.jpg
19851	8.0	c8/img_78830.jpg
19883	8.0	c8/img_80675.jpg
19887	8.0	c8/img_80919.jpg
19897	8.0	c8/img_81367.jpg
19912	8.0	c8/img_8245.jpg
19915	8.0	c8/img_82587.jpg
19921	8.0	c8/img_82784.jpg
19947	8.0	c8/img_84138.jpg
19949	8.0	c8/img_8431.jpg
19985	8.0	c8/img_85744.jpg
19986	8.0	c8/img_85747.jpg
19995	8.0	c8/img_86046.jpg
20000	8.0	c8/img_86214.jpg
20009	8.0	c8/img_86493.jpg
20014	8.0	c8/img_8658.jpg
20018	8.0	c8/img_86819.jpg
20019	8.0	c8/img_86824.jpg
20040	8.0	c8/img_8759.jpg
20043	8.0	c8/img_87808.jpg
20047	8.0	c8/img_87982.jpg
20052	8.0	c8/img_88206.jpg
20059	8.0	c8/img_88573.jpg
20067	8.0	c8/img_88749.jpg
20081	8.0	c8/img_89591.jpg
20085	8.0	c8/img_89709.jpg
20086	8.0	c8/img_89739.jpg
20092	8.0	c8/img_89985.jpg
20096	8.0	c8/img_90126.jpg
20105	8.0	c8/img_90567.jpg
20108	8.0	c8/img_90703.jpg
20114	8.0	c8/img_90949.jpg
20119	8.0	c8/img_91091.jpg
20124	8.0	c8/img_9128.jpg
20125	8.0	c8/img_91289.jpg
20126	8.0	c8/img_91366.jpg
20139	8.0	c8/img_92151.jpg
20154	8.0	c8/img_93136.jpg
20168	8.0	c8/img_93848.jpg
20170	8.0	c8/img_93942.jpg
20174	8.0	c8/img_94297.jpg
20191	8.0	c8/img_94897.jpg
20196	8.0	c8/img_95148.jpg
20222	8.0	c8/img_96309.jpg
20238	8.0	c8/img_96785.jpg
20253	8.0	c8/img_97774.jpg
20256	8.0	c8/img_97910.jpg
20276	8.0	c8/img_99027.jpg
20281	8.0	c8/img_99437.jpg
20284	8.0	c8/img_99596.jpg
20308	9.0	c9/img_100697.jpg
20315	9.0	c9/img_101221.jpg
20342	9.0	c9/img_10841.jpg
20354	9.0	c9/img_11545.jpg
20384	9.0	c9/img_12780.jpg
20389	9.0	c9/img_13059.jpg
20397	9.0	c9/img_13447.jpg
20405	9.0	c9/img_13762.jpg
20416	9.0	c9/img_14107.jpg
20451	9.0	c9/img_15583.jpg
20470	9.0	c9/img_16498.jpg
20471	9.0	c9/img_16586.jpg
20477	9.0	c9/img_1671.jpg
20479	9.0	c9/img_16828.jpg
20499	9.0	c9/img_17788.jpg
20508	9.0	c9/img_18208.jpg
20521	9.0	c9/img_18759.jpg
20557	9.0	c9/img_20298.jpg
20561	9.0	c9/img_20461.jpg
20570	9.0	c9/img_20951.jpg
20582	9.0	c9/img_21391.jpg
20586	9.0	c9/img_21644.jpg
20593	9.0	c9/img_21846.jpg
20594	9.0	c9/img_21880.jpg
20603	9.0	c9/img_22164.jpg
20625	9.0	c9/img_23183.jpg
20636	9.0	c9/img_23646.jpg
20641	9.0	c9/img_23728.jpg
20673	9.0	c9/img_24934.jpg
20674	9.0	c9/img_24944.jpg
20680	9.0	c9/img_25178.jpg
20688	9.0	c9/img_25494.jpg
20689	9.0	c9/img_25540.jpg
20706	9.0	c9/img_25964.jpg
20718	9.0	c9/img_26625.jpg
20725	9.0	c9/img_27287.jpg
20730	9.0	c9/img_27407.jpg
20733	9.0	c9/img_27576.jpg
20759	9.0	c9/img_28988.jpg
20760	9.0	c9/img_29098.jpg
20763	9.0	c9/img_29307.jpg
20765	9.0	c9/img_29320.jpg
20766	9.0	c9/img_29386.jpg
20772	9.0	c9/img_29556.jpg
20823	9.0	c9/img_31275.jpg
20828	9.0	c9/img_31560.jpg
20833	9.0	c9/img_31757.jpg
20837	9.0	c9/img_31845.jpg
20840	9.0	c9/img_32081.jpg
20843	9.0	c9/img_32125.jpg
20846	9.0	c9/img_32252.jpg
20858	9.0	c9/img_32794.jpg
20866	9.0	c9/img_33055.jpg
20870	9.0	c9/img_33099.jpg
20919	9.0	c9/img_35788.jpg
20924	9.0	c9/img_35880.jpg
20926	9.0	c9/img_35900.jpg
20946	9.0	c9/img_3700.jpg
20958	9.0	c9/img_37284.jpg
20965	9.0	c9/img_37582.jpg
20968	9.0	c9/img_37658.jpg
20971	9.0	c9/img_37770.jpg
20982	9.0	c9/img_3834.jpg
20983	9.0	c9/img_38346.jpg
20991	9.0	c9/img_38594.jpg
20994	9.0	c9/img_38734.jpg
20998	9.0	c9/img_38864.jpg
21016	9.0	c9/img_39369.jpg
21034	9.0	c9/img_40051.jpg
21044	9.0	c9/img_40697.jpg
21045	9.0	c9/img_40715.jpg
21047	9.0	c9/img_40779.jpg
21049	9.0	c9/img_40825.jpg
21051	9.0	c9/img_40856.jpg
21065	9.0	c9/img_41596.jpg
21069	9.0	c9/img_41912.jpg
21072	9.0	c9/img_41989.jpg
21074	9.0	c9/img_42064.jpg
21109	9.0	c9/img_43969.jpg
21121	9.0	c9/img_44553.jpg
21123	9.0	c9/img_44747.jpg
21125	9.0	c9/img_44926.jpg
21129	9.0	c9/img_45076.jpg
21150	9.0	c9/img_45872.jpg
21154	9.0	c9/img_45923.jpg
21157	9.0	c9/img_46008.jpg
21163	9.0	c9/img_46230.jpg
21165	9.0	c9/img_46342.jpg
21176	9.0	c9/img_46623.jpg
21183	9.0	c9/img_46872.jpg
21187	9.0	c9/img_47018.jpg
21203	9.0	c9/img_47360.jpg
21204	9.0	c9/img_47403.jpg
21215	9.0	c9/img_47970.jpg
21223	9.0	c9/img_48575.jpg
21228	9.0	c9/img_48817.jpg
21254	9.0	c9/img_49712.jpg
21257	9.0	c9/img_49883.jpg
21260	9.0	c9/img_49916.jpg
21263	9.0	c9/img_50.jpg
21268	9.0	c9/img_50340.jpg
21287	9.0	c9/img_50911.jpg
21288	9.0	c9/img_50916.jpg
21290	9.0	c9/img_51038.jpg
21311	9.0	c9/img_51984.jpg
21313	9.0	c9/img_52200.jpg
21319	9.0	c9/img_52436.jpg
21325	9.0	c9/img_52610.jpg
21338	9.0	c9/img_53052.jpg
21371	9.0	c9/img_54282.jpg
21398	9.0	c9/img_55733.jpg
21402	9.0	c9/img_56048.jpg
21405	9.0	c9/img_56116.jpg
21411	9.0	c9/img_56371.jpg
21412	9.0	c9/img_56388.jpg
21415	9.0	c9/img_56584.jpg
21441	9.0	c9/img_5799.jpg
21442	9.0	c9/img_58008.jpg
21447	9.0	c9/img_58302.jpg
21457	9.0	c9/img_58653.jpg
21462	9.0	c9/img_58787.jpg
21469	9.0	c9/img_59020.jpg
21477	9.0	c9/img_59203.jpg
21519	9.0	c9/img_61066.jpg
21543	9.0	c9/img_61991.jpg
21545	9.0	c9/img_62015.jpg
21547	9.0	c9/img_62222.jpg
21549	9.0	c9/img_62321.jpg
21567	9.0	c9/img_63134.jpg
21590	9.0	c9/img_63807.jpg
21594	9.0	c9/img_63965.jpg
21599	9.0	c9/img_64368.jpg
21600	9.0	c9/img_64417.jpg
21603	9.0	c9/img_64532.jpg
21628	9.0	c9/img_65728.jpg
21650	9.0	c9/img_66278.jpg
21652	9.0	c9/img_66333.jpg
21673	9.0	c9/img_67296.jpg
21674	9.0	c9/img_67387.jpg
21680	9.0	c9/img_67626.jpg
21697	9.0	c9/img_68466.jpg
21699	9.0	c9/img_68514.jpg
21702	9.0	c9/img_68625.jpg
21706	9.0	c9/img_68791.jpg
21715	9.0	c9/img_68957.jpg
21727	9.0	c9/img_69483.jpg
21737	9.0	c9/img_69905.jpg
21740	9.0	c9/img_70124.jpg
21749	9.0	c9/img_70712.jpg
21771	9.0	c9/img_71469.jpg
21776	9.0	c9/img_71547.jpg
21779	9.0	c9/img_71632.jpg
21786	9.0	c9/img_71824.jpg
21789	9.0	c9/img_72017.jpg
21817	9.0	c9/img_73669.jpg
21825	9.0	c9/img_74205.jpg
21836	9.0	c9/img_74609.jpg
21843	9.0	c9/img_74981.jpg
21883	9.0	c9/img_76688.jpg
21918	9.0	c9/img_78032.jpg
21931	9.0	c9/img_78966.jpg
21966	9.0	c9/img_80387.jpg
21974	9.0	c9/img_80491.jpg
22005	9.0	c9/img_82288.jpg
22026	9.0	c9/img_83037.jpg
22040	9.0	c9/img_83477.jpg
22041	9.0	c9/img_83500.jpg
22082	9.0	c9/img_84918.jpg
22115	9.0	c9/img_86362.jpg
22118	9.0	c9/img_86543.jpg
22119	9.0	c9/img_8655.jpg
22125	9.0	c9/img_86713.jpg
22130	9.0	c9/img_86924.jpg
22144	9.0	c9/img_87785.jpg
22160	9.0	c9/img_88386.jpg
22179	9.0	c9/img_88919.jpg
22180	9.0	c9/img_88957.jpg
22215	9.0	c9/img_90561.jpg
22224	9.0	c9/img_90851.jpg
22243	9.0	c9/img_9159.jpg
22273	9.0	c9/img_93000.jpg
22295	9.0	c9/img_93787.jpg
22301	9.0	c9/img_93995.jpg
22304	9.0	c9/img_94341.jpg
22317	9.0	c9/img_95019.jpg
22328	9.0	c9/img_95508.jpg
22341	9.0	c9/img_95981.jpg
22342	9.0	c9/img_96002.jpg
22349	9.0	c9/img_96336.jpg
22350	9.0	c9/img_9634.jpg
22361	9.0	c9/img_96805.jpg
22364	9.0	c9/img_96877.jpg
22367	9.0	c9/img_97177.jpg
22371	9.0	c9/img_97490.jpg
22377	9.0	c9/img_9777.jpg
22393	9.0	c9/img_98514.jpg
22411	9.0	c9/img_99505.jpg
22418	9.0	c9/img_99740.jpg
