382	2.000000	c2\img_36413.jpg
250	1.000000	c1\img_52168.jpg
1373	8.000000	c8\img_67682.jpg
186	1.000000	c1\img_11911.jpg
413	2.000000	c2\img_57336.jpg
698	4.000000	c4\img_31612.jpg
1152	7.000000	c7\img_13259.jpg
1226	7.000000	c7\img_55938.jpg
1275	7.000000	c7\img_92767.jpg
929	5.000000	c5\img_73199.jpg
311	1.000000	c1\img_83762.jpg
270	1.000000	c1\img_61839.jpg
451	2.000000	c2\img_81139.jpg
1149	7.000000	c7\img_10961.jpg
1142	7.000000	c7\img_100939.jpg
437	2.000000	c2\img_72063.jpg
1552	9.000000	c9\img_91787.jpg
1418	8.000000	c8\img_98495.jpg
1410	8.000000	c8\img_91555.jpg
1047	6.000000	c6\img_47460.jpg
841	5.000000	c5\img_20164.jpg
1483	9.000000	c9\img_50680.jpg
1040	6.000000	c6\img_43086.jpg
1235	7.000000	c7\img_60423.jpg
211	1.000000	c1\img_24344.jpg
249	1.000000	c1\img_51383.jpg
871	5.000000	c5\img_43509.jpg
134	0.000000	c0\img_77890.jpg
1404	8.000000	c8\img_8860.jpg
907	5.000000	c5\img_63480.jpg
442	2.000000	c2\img_75914.jpg
391	2.000000	c2\img_41327.jpg
1000	6.000000	c6\img_24010.jpg
513	3.000000	c3\img_17550.jpg
1456	9.000000	c9\img_29320.jpg
480	2.000000	c2\img_92315.jpg
594	3.000000	c3\img_58349.jpg
837	5.000000	c5\img_18866.jpg
846	5.000000	c5\img_2356.jpg
1424	9.000000	c9\img_125.jpg
881	5.000000	c5\img_51074.jpg
264	1.000000	c1\img_59864.jpg
396	2.000000	c2\img_44274.jpg
926	5.000000	c5\img_70960.jpg
1011	6.000000	c6\img_28028.jpg
389	2.000000	c2\img_39895.jpg
684	4.000000	c4\img_27168.jpg
916	5.000000	c5\img_67163.jpg
1059	6.000000	c6\img_555.jpg
859	5.000000	c5\img_37119.jpg
490	2.000000	c2\img_99686.jpg
1154	7.000000	c7\img_13540.jpg
401	2.000000	c2\img_4913.jpg
546	3.000000	c3\img_3636.jpg
8	0.000000	c0\img_12375.jpg
581	3.000000	c3\img_53246.jpg
827	5.000000	c5\img_16024.jpg
315	1.000000	c1\img_85914.jpg
699	4.000000	c4\img_31675.jpg
1020	6.000000	c6\img_30553.jpg
1058	6.000000	c6\img_55050.jpg
74	0.000000	c0\img_45499.jpg
371	2.000000	c2\img_28983.jpg
883	5.000000	c5\img_51479.jpg
1314	8.000000	c8\img_32199.jpg
1544	9.000000	c9\img_85422.jpg
1443	9.000000	c9\img_22614.jpg
1024	6.000000	c6\img_31822.jpg
321	1.000000	c1\img_92906.jpg
1221	7.000000	c7\img_50054.jpg
597	3.000000	c3\img_58816.jpg
1017	6.000000	c6\img_28842.jpg
7	0.000000	c0\img_10704.jpg
872	5.000000	c5\img_44279.jpg
261	1.000000	c1\img_57540.jpg
70	0.000000	c0\img_44536.jpg
137	0.000000	c0\img_79138.jpg
868	5.000000	c5\img_41479.jpg
1090	6.000000	c6\img_74803.jpg
280	1.000000	c1\img_68818.jpg
656	4.000000	c4\img_100297.jpg
1257	7.000000	c7\img_77512.jpg
313	1.000000	c1\img_85411.jpg
372	2.000000	c2\img_29151.jpg
1034	6.000000	c6\img_40445.jpg
1095	6.000000	c6\img_77311.jpg
541	3.000000	c3\img_32870.jpg
351	2.000000	c2\img_17918.jpg
730	4.000000	c4\img_45122.jpg
1366	8.000000	c8\img_63317.jpg
565	3.000000	c3\img_44588.jpg
1032	6.000000	c6\img_38382.jpg
255	1.000000	c1\img_54548.jpg
780	4.000000	c4\img_70346.jpg
1077	6.000000	c6\img_70886.jpg
198	1.000000	c1\img_17886.jpg
1215	7.000000	c7\img_4768.jpg
411	2.000000	c2\img_54759.jpg
1565	9.000000	c9\img_99574.jpg
1497	9.000000	c9\img_58413.jpg
692	4.000000	c4\img_30479.jpg
523	3.000000	c3\img_23052.jpg
516	3.000000	c3\img_18917.jpg
963	5.000000	c5\img_91348.jpg
1025	6.000000	c6\img_31912.jpg
1	0.000000	c0\img_100542.jpg
33	0.000000	c0\img_2528.jpg
1495	9.000000	c9\img_57500.jpg
42	0.000000	c0\img_29357.jpg
790	4.000000	c4\img_77156.jpg
331	1.000000	c1\img_9915.jpg
974	5.000000	c5\img_96894.jpg
481	2.000000	c2\img_92707.jpg
1445	9.000000	c9\img_23293.jpg
133	0.000000	c0\img_77648.jpg
934	5.000000	c5\img_77190.jpg
299	1.000000	c1\img_7837.jpg
486	2.000000	c2\img_9779.jpg
120	0.000000	c0\img_69997.jpg
407	2.000000	c2\img_53796.jpg
748	4.000000	c4\img_54942.jpg
1068	6.000000	c6\img_59991.jpg
865	5.000000	c5\img_40076.jpg
1123	6.000000	c6\img_90321.jpg
1030	6.000000	c6\img_35826.jpg
1114	6.000000	c6\img_85762.jpg
483	2.000000	c2\img_96291.jpg
882	5.000000	c5\img_51117.jpg
1399	8.000000	c8\img_85605.jpg
1162	7.000000	c7\img_19793.jpg
945	5.000000	c5\img_81929.jpg
229	1.000000	c1\img_37597.jpg
940	5.000000	c5\img_78821.jpg
1531	9.000000	c9\img_79782.jpg
1303	8.000000	c8\img_25998.jpg
129	0.000000	c0\img_7426.jpg
552	3.000000	c3\img_39523.jpg
894	5.000000	c5\img_57264.jpg
364	2.000000	c2\img_25955.jpg
487	2.000000	c2\img_99208.jpg
21	0.000000	c0\img_19401.jpg
772	4.000000	c4\img_6717.jpg
1046	6.000000	c6\img_47259.jpg
88	0.000000	c0\img_54086.jpg
1252	7.000000	c7\img_72752.jpg
1475	9.000000	c9\img_44471.jpg
502	3.000000	c3\img_13329.jpg
200	1.000000	c1\img_19969.jpg
1295	8.000000	c8\img_18645.jpg
549	3.000000	c3\img_38244.jpg
932	5.000000	c5\img_75836.jpg
76	0.000000	c0\img_45571.jpg
662	4.000000	c4\img_12057.jpg
1436	9.000000	c9\img_19005.jpg
1054	6.000000	c6\img_53227.jpg
296	1.000000	c1\img_75822.jpg
1541	9.000000	c9\img_84188.jpg
90	0.000000	c0\img_54712.jpg
192	1.000000	c1\img_14936.jpg
114	0.000000	c0\img_67071.jpg
378	2.000000	c2\img_32165.jpg
1470	9.000000	c9\img_42967.jpg
993	6.000000	c6\img_18016.jpg
113	0.000000	c0\img_66605.jpg
272	1.000000	c1\img_63381.jpg
1019	6.000000	c6\img_30205.jpg
188	1.000000	c1\img_14102.jpg
1239	7.000000	c7\img_61121.jpg
1069	6.000000	c6\img_63863.jpg
915	5.000000	c5\img_66928.jpg
1115	6.000000	c6\img_86869.jpg
676	4.000000	c4\img_21810.jpg
13	0.000000	c0\img_14634.jpg
1337	8.000000	c8\img_4823.jpg
501	3.000000	c3\img_1317.jpg
653	3.000000	c3\img_98946.jpg
122	0.000000	c0\img_71170.jpg
774	4.000000	c4\img_67738.jpg
1190	7.000000	c7\img_31698.jpg
1273	7.000000	c7\img_92197.jpg
156	0.000000	c0\img_86402.jpg
543	3.000000	c3\img_3392.jpg
738	4.000000	c4\img_49513.jpg
525	3.000000	c3\img_23297.jpg
1260	7.000000	c7\img_79763.jpg
905	5.000000	c5\img_6101.jpg
1208	7.000000	c7\img_45929.jpg
230	1.000000	c1\img_37982.jpg
740	4.000000	c4\img_51547.jpg
404	2.000000	c2\img_51313.jpg
989	6.000000	c6\img_1424.jpg
43	0.000000	c0\img_29918.jpg
995	6.000000	c6\img_19251.jpg
173	0.000000	c0\img_95525.jpg
1119	6.000000	c6\img_88695.jpg
1330	8.000000	c8\img_40249.jpg
854	5.000000	c5\img_32910.jpg
1026	6.000000	c6\img_33859.jpg
1100	6.000000	c6\img_79712.jpg
1511	9.000000	c9\img_64956.jpg
1012	6.000000	c6\img_28193.jpg
560	3.000000	c3\img_41927.jpg
891	5.000000	c5\img_54407.jpg
1027	6.000000	c6\img_3430.jpg
1434	9.000000	c9\img_16606.jpg
463	2.000000	c2\img_87132.jpg
1368	8.000000	c8\img_65187.jpg
1526	9.000000	c9\img_76835.jpg
110	0.000000	c0\img_63349.jpg
753	4.000000	c4\img_57654.jpg
446	2.000000	c2\img_79093.jpg
1290	8.000000	c8\img_14494.jpg
628	3.000000	c3\img_76108.jpg
275	1.000000	c1\img_66965.jpg
522	3.000000	c3\img_22525.jpg
877	5.000000	c5\img_48918.jpg
462	2.000000	c2\img_86796.jpg
1194	7.000000	c7\img_35562.jpg
279	1.000000	c1\img_68780.jpg
441	2.000000	c2\img_7516.jpg
621	3.000000	c3\img_72566.jpg
1341	8.000000	c8\img_49965.jpg
737	4.000000	c4\img_49340.jpg
1442	9.000000	c9\img_22164.jpg
652	3.000000	c3\img_96949.jpg
946	5.000000	c5\img_83651.jpg
801	4.000000	c4\img_87180.jpg
527	3.000000	c3\img_24370.jpg
244	1.000000	c1\img_49213.jpg
384	2.000000	c2\img_38000.jpg
1457	9.000000	c9\img_30622.jpg
1286	8.000000	c8\img_101367.jpg
629	3.000000	c3\img_76504.jpg
1421	9.000000	c9\img_100299.jpg
1354	8.000000	c8\img_56850.jpg
208	1.000000	c1\img_24038.jpg
1183	7.000000	c7\img_2841.jpg
1502	9.000000	c9\img_59769.jpg
1340	8.000000	c8\img_48712.jpg
556	3.000000	c3\img_41297.jpg
775	4.000000	c4\img_68409.jpg
1094	6.000000	c6\img_76998.jpg
750	4.000000	c4\img_55953.jpg
1533	9.000000	c9\img_81401.jpg
512	3.000000	c3\img_17147.jpg
630	3.000000	c3\img_78856.jpg
1382	8.000000	c8\img_72287.jpg
191	1.000000	c1\img_149.jpg
575	3.000000	c3\img_51310.jpg
335	2.000000	c2\img_102007.jpg
1003	6.000000	c6\img_24271.jpg
147	0.000000	c0\img_83748.jpg
771	4.000000	c4\img_66786.jpg
1381	8.000000	c8\img_7128.jpg
252	1.000000	c1\img_5266.jpg
1365	8.000000	c8\img_63251.jpg
1028	6.000000	c6\img_34352.jpg
665	4.000000	c4\img_14208.jpg
1309	8.000000	c8\img_2902.jpg
1476	9.000000	c9\img_4541.jpg
143	0.000000	c0\img_81643.jpg
203	1.000000	c1\img_21191.jpg
694	4.000000	c4\img_30911.jpg
168	0.000000	c0\img_93894.jpg
368	2.000000	c2\img_27895.jpg
642	3.000000	c3\img_92196.jpg
1157	7.000000	c7\img_16851.jpg
444	2.000000	c2\img_76635.jpg
812	4.000000	c4\img_9832.jpg
495	3.000000	c3\img_101014.jpg
1367	8.000000	c8\img_63867.jpg
1207	7.000000	c7\img_45396.jpg
893	5.000000	c5\img_56674.jpg
1199	7.000000	c7\img_38338.jpg
1331	8.000000	c8\img_40554.jpg
375	2.000000	c2\img_29864.jpg
1259	7.000000	c7\img_78784.jpg
682	4.000000	c4\img_26633.jpg
1547	9.000000	c9\img_88330.jpg
162	0.000000	c0\img_90102.jpg
440	2.000000	c2\img_74531.jpg
1276	7.000000	c7\img_92826.jpg
131	0.000000	c0\img_74493.jpg
1355	8.000000	c8\img_57155.jpg
1459	9.000000	c9\img_31603.jpg
477	2.000000	c2\img_91962.jpg
222	1.000000	c1\img_3044.jpg
1007	6.000000	c6\img_25613.jpg
1241	7.000000	c7\img_62470.jpg
220	1.000000	c1\img_28862.jpg
58	0.000000	c0\img_36808.jpg
912	5.000000	c5\img_66294.jpg
613	3.000000	c3\img_68507.jpg
1106	6.000000	c6\img_81741.jpg
1200	7.000000	c7\img_38925.jpg
1485	9.000000	c9\img_53058.jpg
783	4.000000	c4\img_71984.jpg
1448	9.000000	c9\img_24474.jpg
458	2.000000	c2\img_84331.jpg
1088	6.000000	c6\img_74066.jpg
1564	9.000000	c9\img_98803.jpg
1532	9.000000	c9\img_81214.jpg
1308	8.000000	c8\img_28747.jpg
568	3.000000	c3\img_4640.jpg
1516	9.000000	c9\img_68957.jpg
688	4.000000	c4\img_28269.jpg
1048	6.000000	c6\img_47868.jpg
72	0.000000	c0\img_44644.jpg
153	0.000000	c0\img_85057.jpg
236	1.000000	c1\img_40611.jpg
535	3.000000	c3\img_29406.jpg
1262	7.000000	c7\img_82195.jpg
769	4.000000	c4\img_66089.jpg
536	3.000000	c3\img_29533.jpg
622	3.000000	c3\img_73022.jpg
262	1.000000	c1\img_58963.jpg
1559	9.000000	c9\img_95800.jpg
1269	7.000000	c7\img_87575.jpg
862	5.000000	c5\img_37888.jpg
840	5.000000	c5\img_20143.jpg
619	3.000000	c3\img_70891.jpg
1409	8.000000	c8\img_91141.jpg
349	2.000000	c2\img_1703.jpg
1203	7.000000	c7\img_42024.jpg
711	4.000000	c4\img_36645.jpg
786	4.000000	c4\img_75896.jpg
68	0.000000	c0\img_42698.jpg
221	1.000000	c1\img_30389.jpg
668	4.000000	c4\img_17648.jpg
685	4.000000	c4\img_27857.jpg
558	3.000000	c3\img_41584.jpg
715	4.000000	c4\img_38543.jpg
1419	8.000000	c8\img_98846.jpg
266	1.000000	c1\img_6011.jpg
12	0.000000	c0\img_14365.jpg
246	1.000000	c1\img_50448.jpg
1487	9.000000	c9\img_53540.jpg
380	2.000000	c2\img_34148.jpg
1360	8.000000	c8\img_60467.jpg
4	0.000000	c0\img_101668.jpg
474	2.000000	c2\img_91826.jpg
1293	8.000000	c8\img_16820.jpg
59	0.000000	c0\img_37092.jpg
789	4.000000	c4\img_76958.jpg
334	2.000000	c2\img_101312.jpg
1133	6.000000	c6\img_94410.jpg
861	5.000000	c5\img_37629.jpg
672	4.000000	c4\img_19008.jpg
344	2.000000	c2\img_15113.jpg
1391	8.000000	c8\img_77626.jpg
1211	7.000000	c7\img_46492.jpg
1509	9.000000	c9\img_62940.jpg
838	5.000000	c5\img_18922.jpg
92	0.000000	c0\img_54851.jpg
833	5.000000	c5\img_17356.jpg
353	2.000000	c2\img_19260.jpg
1050	6.000000	c6\img_49204.jpg
1172	7.000000	c7\img_22545.jpg
223	1.000000	c1\img_32401.jpg
1550	9.000000	c9\img_8976.jpg
1155	7.000000	c7\img_14025.jpg
639	3.000000	c3\img_87971.jpg
108	0.000000	c0\img_63126.jpg
263	1.000000	c1\img_59748.jpg
800	4.000000	c4\img_85923.jpg
1521	9.000000	c9\img_71258.jpg
1176	7.000000	c7\img_24211.jpg
647	3.000000	c3\img_94860.jpg
1156	7.000000	c7\img_16156.jpg
1318	8.000000	c8\img_35438.jpg
1505	9.000000	c9\img_60563.jpg
767	4.000000	c4\img_64630.jpg
350	2.000000	c2\img_17617.jpg
1274	7.000000	c7\img_92540.jpg
602	3.000000	c3\img_61090.jpg
925	5.000000	c5\img_70786.jpg
197	1.000000	c1\img_1756.jpg
1169	7.000000	c7\img_22247.jpg
1132	6.000000	c6\img_93493.jpg
116	0.000000	c0\img_68066.jpg
1522	9.000000	c9\img_7172.jpg
600	3.000000	c3\img_60891.jpg
724	4.000000	c4\img_42753.jpg
875	5.000000	c5\img_47814.jpg
1092	6.000000	c6\img_75656.jpg
366	2.000000	c2\img_27360.jpg
1406	8.000000	c8\img_89709.jpg
204	1.000000	c1\img_21492.jpg
1071	6.000000	c6\img_64584.jpg
1278	7.000000	c7\img_93810.jpg
605	3.000000	c3\img_62880.jpg
1393	8.000000	c8\img_7974.jpg
426	2.000000	c2\img_66223.jpg
1411	8.000000	c8\img_91565.jpg
1147	7.000000	c7\img_10696.jpg
808	4.000000	c4\img_96526.jpg
99	0.000000	c0\img_60226.jpg
281	1.000000	c1\img_69096.jpg
1402	8.000000	c8\img_8649.jpg
848	5.000000	c5\img_24022.jpg
701	4.000000	c4\img_32364.jpg
241	1.000000	c1\img_45692.jpg
423	2.000000	c2\img_62946.jpg
1014	6.000000	c6\img_28449.jpg
923	5.000000	c5\img_69409.jpg
422	2.000000	c2\img_62911.jpg
765	4.000000	c4\img_63401.jpg
492	3.000000	c3\img_100006.jpg
1128	6.000000	c6\img_91707.jpg
23	0.000000	c0\img_20579.jpg
1118	6.000000	c6\img_87988.jpg
504	3.000000	c3\img_1342.jpg
115	0.000000	c0\img_67829.jpg
54	0.000000	c0\img_35136.jpg
304	1.000000	c1\img_79931.jpg
625	3.000000	c3\img_74558.jpg
1206	7.000000	c7\img_4463.jpg
282	1.000000	c1\img_69211.jpg
388	2.000000	c2\img_39829.jpg
943	5.000000	c5\img_81302.jpg
902	5.000000	c5\img_58594.jpg
964	5.000000	c5\img_91538.jpg
1201	7.000000	c7\img_39939.jpg
631	3.000000	c3\img_80237.jpg
49	0.000000	c0\img_33765.jpg
403	2.000000	c2\img_50236.jpg
1177	7.000000	c7\img_24236.jpg
319	1.000000	c1\img_87978.jpg
1297	8.000000	c8\img_19798.jpg
84	0.000000	c0\img_52100.jpg
228	1.000000	c1\img_36215.jpg
1009	6.000000	c6\img_26563.jpg
1113	6.000000	c6\img_85731.jpg
155	0.000000	c0\img_86347.jpg
1175	7.000000	c7\img_23441.jpg
828	5.000000	c5\img_16214.jpg
1055	6.000000	c6\img_53456.jpg
1233	7.000000	c7\img_59152.jpg
982	6.000000	c6\img_10473.jpg
972	5.000000	c5\img_96153.jpg
860	5.000000	c5\img_37474.jpg
1372	8.000000	c8\img_67207.jpg
1395	8.000000	c8\img_80919.jpg
1285	7.000000	c7\img_98947.jpg
123	0.000000	c0\img_71176.jpg
1398	8.000000	c8\img_85043.jpg
617	3.000000	c3\img_69940.jpg
1250	7.000000	c7\img_70744.jpg
472	2.000000	c2\img_916.jpg
1062	6.000000	c6\img_5659.jpg
140	0.000000	c0\img_79921.jpg
381	2.000000	c2\img_35658.jpg
1435	9.000000	c9\img_18544.jpg
1049	6.000000	c6\img_48141.jpg
878	5.000000	c5\img_49504.jpg
1231	7.000000	c7\img_57989.jpg
612	3.000000	c3\img_67251.jpg
687	4.000000	c4\img_27971.jpg
183	1.000000	c1\img_11056.jpg
965	5.000000	c5\img_9204.jpg
127	0.000000	c0\img_73279.jpg
958	5.000000	c5\img_88992.jpg
1210	7.000000	c7\img_46486.jpg
340	2.000000	c2\img_11520.jpg
886	5.000000	c5\img_52827.jpg
1243	7.000000	c7\img_62818.jpg
1501	9.000000	c9\img_59020.jpg
1217	7.000000	c7\img_48529.jpg
998	6.000000	c6\img_22054.jpg
55	0.000000	c0\img_35867.jpg
253	1.000000	c1\img_52886.jpg
1052	6.000000	c6\img_50767.jpg
957	5.000000	c5\img_88891.jpg
674	4.000000	c4\img_19902.jpg
234	1.000000	c1\img_38913.jpg
913	5.000000	c5\img_66337.jpg
919	5.000000	c5\img_6759.jpg
1289	8.000000	c8\img_11417.jpg
139	0.000000	c0\img_79819.jpg
273	1.000000	c1\img_6459.jpg
45	0.000000	c0\img_32174.jpg
1060	6.000000	c6\img_56055.jpg
577	3.000000	c3\img_51458.jpg
920	5.000000	c5\img_68590.jpg
210	1.000000	c1\img_24286.jpg
1205	7.000000	c7\img_42985.jpg
791	4.000000	c4\img_78018.jpg
112	0.000000	c0\img_66256.jpg
842	5.000000	c5\img_20360.jpg
285	1.000000	c1\img_70622.jpg
362	2.000000	c2\img_25722.jpg
673	4.000000	c4\img_19134.jpg
928	5.000000	c5\img_71661.jpg
1181	7.000000	c7\img_26948.jpg
1513	9.000000	c9\img_66616.jpg
1249	7.000000	c7\img_69823.jpg
1144	7.000000	c7\img_101197.jpg
358	2.000000	c2\img_21094.jpg
269	1.000000	c1\img_61485.jpg
277	1.000000	c1\img_68285.jpg
747	4.000000	c4\img_54091.jpg
901	5.000000	c5\img_58164.jpg
803	4.000000	c4\img_88256.jpg
949	5.000000	c5\img_85141.jpg
985	6.000000	c6\img_11342.jpg
1165	7.000000	c7\img_20544.jpg
138	0.000000	c0\img_79142.jpg
57	0.000000	c0\img_36287.jpg
1336	8.000000	c8\img_48083.jpg
1353	8.000000	c8\img_56123.jpg
415	2.000000	c2\img_60192.jpg
1131	6.000000	c6\img_92582.jpg
1031	6.000000	c6\img_380.jpg
1414	8.000000	c8\img_9537.jpg
708	4.000000	c4\img_3594.jpg
146	0.000000	c0\img_82721.jpg
1539	9.000000	c9\img_83727.jpg
1413	8.000000	c8\img_9449.jpg
1076	6.000000	c6\img_70771.jpg
91	0.000000	c0\img_54848.jpg
849	5.000000	c5\img_25619.jpg
655	3.000000	c3\img_99947.jpg
1437	9.000000	c9\img_19205.jpg
1245	7.000000	c7\img_65634.jpg
1556	9.000000	c9\img_95015.jpg
326	1.000000	c1\img_95090.jpg
450	2.000000	c2\img_81125.jpg
720	4.000000	c4\img_41379.jpg
580	3.000000	c3\img_5250.jpg
714	4.000000	c4\img_37385.jpg
1374	8.000000	c8\img_67941.jpg
578	3.000000	c3\img_51894.jpg
1174	7.000000	c7\img_23059.jpg
526	3.000000	c3\img_23475.jpg
1415	8.000000	c8\img_96702.jpg
1371	8.000000	c8\img_67177.jpg
1352	8.000000	c8\img_56073.jpg
644	3.000000	c3\img_92483.jpg
267	1.000000	c1\img_60115.jpg
52	0.000000	c0\img_3420.jpg
132	0.000000	c0\img_77136.jpg
508	3.000000	c3\img_14320.jpg
1097	6.000000	c6\img_78610.jpg
430	2.000000	c2\img_68417.jpg
209	1.000000	c1\img_24255.jpg
1066	6.000000	c6\img_59365.jpg
66	0.000000	c0\img_41079.jpg
484	2.000000	c2\img_96354.jpg
1151	7.000000	c7\img_12283.jpg
1212	7.000000	c7\img_46539.jpg
424	2.000000	c2\img_6429.jpg
899	5.000000	c5\img_58108.jpg
986	6.000000	c6\img_11523.jpg
1433	9.000000	c9\img_15777.jpg
1488	9.000000	c9\img_53570.jpg
1494	9.000000	c9\img_55655.jpg
1534	9.000000	c9\img_82487.jpg
327	1.000000	c1\img_95794.jpg
1104	6.000000	c6\img_81059.jpg
308	1.000000	c1\img_81499.jpg
1562	9.000000	c9\img_96805.jpg
671	4.000000	c4\img_18909.jpg
1121	6.000000	c6\img_8901.jpg
806	4.000000	c4\img_91678.jpg
1323	8.000000	c8\img_36833.jpg
697	4.000000	c4\img_31448.jpg
392	2.000000	c2\img_41516.jpg
370	2.000000	c2\img_28974.jpg
667	4.000000	c4\img_16220.jpg
1359	8.000000	c8\img_59923.jpg
421	2.000000	c2\img_62871.jpg
305	1.000000	c1\img_79938.jpg
1244	7.000000	c7\img_64092.jpg
24	0.000000	c0\img_208.jpg
1265	7.000000	c7\img_84984.jpg
538	3.000000	c3\img_31492.jpg
866	5.000000	c5\img_40227.jpg
1301	8.000000	c8\img_25438.jpg
130	0.000000	c0\img_74410.jpg
510	3.000000	c3\img_15230.jpg
289	1.000000	c1\img_73015.jpg
962	5.000000	c5\img_91132.jpg
1179	7.000000	c7\img_2594.jpg
906	5.000000	c5\img_62587.jpg
402	2.000000	c2\img_499.jpg
1458	9.000000	c9\img_31358.jpg
242	1.000000	c1\img_46141.jpg
615	3.000000	c3\img_68702.jpg
1478	9.000000	c9\img_46911.jpg
858	5.000000	c5\img_34810.jpg
1383	8.000000	c8\img_7287.jpg
939	5.000000	c5\img_78695.jpg
1305	8.000000	c8\img_27993.jpg
1016	6.000000	c6\img_28772.jpg
1480	9.000000	c9\img_47121.jpg
499	3.000000	c3\img_1153.jpg
434	2.000000	c2\img_70465.jpg
330	1.000000	c1\img_98089.jpg
1525	9.000000	c9\img_76619.jpg
82	0.000000	c0\img_51918.jpg
1283	7.000000	c7\img_97022.jpg
135	0.000000	c0\img_7828.jpg
1216	7.000000	c7\img_47882.jpg
742	4.000000	c4\img_51887.jpg
1227	7.000000	c7\img_55992.jpg
268	1.000000	c1\img_61318.jpg
585	3.000000	c3\img_54273.jpg
1489	9.000000	c9\img_53683.jpg
359	2.000000	c2\img_21456.jpg
1299	8.000000	c8\img_21070.jpg
1417	8.000000	c8\img_97952.jpg
20	0.000000	c0\img_19311.jpg
1452	9.000000	c9\img_27757.jpg
785	4.000000	c4\img_73497.jpg
736	4.000000	c4\img_48761.jpg
784	4.000000	c4\img_73164.jpg
678	4.000000	c4\img_25492.jpg
240	1.000000	c1\img_4454.jpg
303	1.000000	c1\img_79638.jpg
776	4.000000	c4\img_68918.jpg
1126	6.000000	c6\img_91303.jpg
1213	7.000000	c7\img_46943.jpg
620	3.000000	c3\img_71831.jpg
323	1.000000	c1\img_94284.jpg
599	3.000000	c3\img_60065.jpg
706	4.000000	c4\img_35241.jpg
1379	8.000000	c8\img_70449.jpg
2	0.000000	c0\img_101091.jpg
1079	6.000000	c6\img_71713.jpg
459	2.000000	c2\img_85222.jpg
1370	8.000000	c8\img_66705.jpg
109	0.000000	c0\img_6326.jpg
611	3.000000	c3\img_66615.jpg
154	0.000000	c0\img_85888.jpg
1078	6.000000	c6\img_70953.jpg
1056	6.000000	c6\img_54020.jpg
1202	7.000000	c7\img_41901.jpg
201	1.000000	c1\img_20308.jpg
387	2.000000	c2\img_39792.jpg
1150	7.000000	c7\img_1160.jpg
455	2.000000	c2\img_83273.jpg
1549	9.000000	c9\img_89489.jpg
284	1.000000	c1\img_70413.jpg
498	3.000000	c3\img_11228.jpg
816	4.000000	c4\img_99814.jpg
15	0.000000	c0\img_17591.jpg
1362	8.000000	c8\img_62210.jpg
178	1.000000	c1\img_100399.jpg
735	4.000000	c4\img_48252.jpg
1140	6.000000	c6\img_99459.jpg
651	3.000000	c3\img_96913.jpg
1099	6.000000	c6\img_78788.jpg
374	2.000000	c2\img_29729.jpg
1191	7.000000	c7\img_32236.jpg
1166	7.000000	c7\img_21066.jpg
1386	8.000000	c8\img_75295.jpg
999	6.000000	c6\img_22707.jpg
529	3.000000	c3\img_26122.jpg
640	3.000000	c3\img_90742.jpg
863	5.000000	c5\img_383.jpg
1006	6.000000	c6\img_25207.jpg
618	3.000000	c3\img_70695.jpg
709	4.000000	c4\img_36515.jpg
1302	8.000000	c8\img_25862.jpg
1186	7.000000	c7\img_29159.jpg
30	0.000000	c0\img_24212.jpg
1333	8.000000	c8\img_45595.jpg
1067	6.000000	c6\img_59646.jpg
215	1.000000	c1\img_26015.jpg
1561	9.000000	c9\img_96579.jpg
105	0.000000	c0\img_61807.jpg
1390	8.000000	c8\img_7757.jpg
395	2.000000	c2\img_43583.jpg
379	2.000000	c2\img_33252.jpg
788	4.000000	c4\img_76277.jpg
67	0.000000	c0\img_42598.jpg
507	3.000000	c3\img_14264.jpg
260	1.000000	c1\img_57326.jpg
756	4.000000	c4\img_59137.jpg
1070	6.000000	c6\img_64122.jpg
1342	8.000000	c8\img_50224.jpg
454	2.000000	c2\img_82650.jpg
473	2.000000	c2\img_91634.jpg
439	2.000000	c2\img_73730.jpg
161	0.000000	c0\img_9007.jpg
500	3.000000	c3\img_12185.jpg
37	0.000000	c0\img_26802.jpg
641	3.000000	c3\img_91939.jpg
471	2.000000	c2\img_90974.jpg
117	0.000000	c0\img_68487.jpg
1468	9.000000	c9\img_4141.jpg
1279	7.000000	c7\img_95835.jpg
219	1.000000	c1\img_27496.jpg
734	4.000000	c4\img_47177.jpg
1263	7.000000	c7\img_84407.jpg
61	0.000000	c0\img_38025.jpg
762	4.000000	c4\img_60776.jpg
1422	9.000000	c9\img_101293.jpg
1146	7.000000	c7\img_10233.jpg
996	6.000000	c6\img_20035.jpg
307	1.000000	c1\img_80892.jpg
847	5.000000	c5\img_23613.jpg
1430	9.000000	c9\img_14974.jpg
1292	8.000000	c8\img_16530.jpg
17	0.000000	c0\img_17965.jpg
844	5.000000	c5\img_20750.jpg
1320	8.000000	c8\img_35831.jpg
172	0.000000	c0\img_94962.jpg
689	4.000000	c4\img_28277.jpg
48	0.000000	c0\img_3326.jpg
1271	7.000000	c7\img_90001.jpg
169	0.000000	c0\img_94406.jpg
856	5.000000	c5\img_34279.jpg
1188	7.000000	c7\img_30412.jpg
807	4.000000	c4\img_94986.jpg
531	3.000000	c3\img_27859.jpg
1514	9.000000	c9\img_67813.jpg
1454	9.000000	c9\img_28715.jpg
274	1.000000	c1\img_64821.jpg
1173	7.000000	c7\img_22875.jpg
681	4.000000	c4\img_26434.jpg
1503	9.000000	c9\img_60.jpg
34	0.000000	c0\img_25535.jpg
1472	9.000000	c9\img_44117.jpg
118	0.000000	c0\img_69059.jpg
385	2.000000	c2\img_38238.jpg
1253	7.000000	c7\img_72873.jpg
1288	8.000000	c8\img_10580.jpg
759	4.000000	c4\img_6004.jpg
64	0.000000	c0\img_40328.jpg
879	5.000000	c5\img_50368.jpg
571	3.000000	c3\img_49870.jpg
309	1.000000	c1\img_81604.jpg
1294	8.000000	c8\img_17950.jpg
1324	8.000000	c8\img_37519.jpg
960	5.000000	c5\img_90878.jpg
718	4.000000	c4\img_39966.jpg
700	4.000000	c4\img_32112.jpg
609	3.000000	c3\img_64223.jpg
1400	8.000000	c8\img_85744.jpg
1103	6.000000	c6\img_80862.jpg
36	0.000000	c0\img_26695.jpg
410	2.000000	c2\img_54317.jpg
991	6.000000	c6\img_16627.jpg
1101	6.000000	c6\img_80267.jpg
338	2.000000	c2\img_11257.jpg
596	3.000000	c3\img_58803.jpg
409	2.000000	c2\img_54315.jpg
1538	9.000000	c9\img_83643.jpg
830	5.000000	c5\img_17022.jpg
196	1.000000	c1\img_17527.jpg
959	5.000000	c5\img_90498.jpg
1064	6.000000	c6\img_58044.jpg
295	1.000000	c1\img_75568.jpg
598	3.000000	c3\img_59255.jpg
1339	8.000000	c8\img_48601.jpg
1378	8.000000	c8\img_70290.jpg
102	0.000000	c0\img_61038.jpg
341	2.000000	c2\img_1341.jpg
1376	8.000000	c8\img_68849.jpg
1322	8.000000	c8\img_36813.jpg
1023	6.000000	c6\img_31654.jpg
1229	7.000000	c7\img_56661.jpg
897	5.000000	c5\img_57851.jpg
1087	6.000000	c6\img_73837.jpg
224	1.000000	c1\img_33476.jpg
951	5.000000	c5\img_85337.jpg
216	1.000000	c1\img_2648.jpg
1311	8.000000	c8\img_29290.jpg
680	4.000000	c4\img_26067.jpg
1002	6.000000	c6\img_24256.jpg
425	2.000000	c2\img_66221.jpg
1401	8.000000	c8\img_85990.jpg
1029	6.000000	c6\img_3488.jpg
1403	8.000000	c8\img_88202.jpg
705	4.000000	c4\img_34824.jpg
189	1.000000	c1\img_14420.jpg
1057	6.000000	c6\img_54808.jpg
1450	9.000000	c9\img_25712.jpg
10	0.000000	c0\img_13482.jpg
579	3.000000	c3\img_51917.jpg
1490	9.000000	c9\img_54146.jpg
942	5.000000	c5\img_80629.jpg
566	3.000000	c3\img_44932.jpg
39	0.000000	c0\img_2764.jpg
399	2.000000	c2\img_46217.jpg
947	5.000000	c5\img_83675.jpg
727	4.000000	c4\img_43469.jpg
1080	6.000000	c6\img_72202.jpg
952	5.000000	c5\img_8552.jpg
1392	8.000000	c8\img_77901.jpg
489	2.000000	c2\img_99656.jpg
1438	9.000000	c9\img_20671.jpg
850	5.000000	c5\img_28973.jpg
1380	8.000000	c8\img_70488.jpg
997	6.000000	c6\img_21485.jpg
511	3.000000	c3\img_17120.jpg
834	5.000000	c5\img_17571.jpg
761	4.000000	c4\img_60551.jpg
265	1.000000	c1\img_59890.jpg
1348	8.000000	c8\img_52997.jpg
980	6.000000	c6\img_100540.jpg
561	3.000000	c3\img_43136.jpg
646	3.000000	c3\img_92750.jpg
553	3.000000	c3\img_39658.jpg
755	4.000000	c4\img_58244.jpg
1161	7.000000	c7\img_19129.jpg
658	4.000000	c4\img_10125.jpg
1558	9.000000	c9\img_95560.jpg
62	0.000000	c0\img_38732.jpg
429	2.000000	c2\img_67222.jpg
778	4.000000	c4\img_69941.jpg
1364	8.000000	c8\img_62950.jpg
1258	7.000000	c7\img_77968.jpg
749	4.000000	c4\img_55104.jpg
1108	6.000000	c6\img_82726.jpg
1529	9.000000	c9\img_79224.jpg
467	2.000000	c2\img_9050.jpg
1251	7.000000	c7\img_71003.jpg
1254	7.000000	c7\img_7344.jpg
626	3.000000	c3\img_74697.jpg
1089	6.000000	c6\img_74618.jpg
1405	8.000000	c8\img_89208.jpg
954	5.000000	c5\img_86151.jpg
874	5.000000	c5\img_45430.jpg
741	4.000000	c4\img_51626.jpg
447	2.000000	c2\img_79302.jpg
815	4.000000	c4\img_99762.jpg
355	2.000000	c2\img_20223.jpg
1138	6.000000	c6\img_97302.jpg
100	0.000000	c0\img_60454.jpg
794	4.000000	c4\img_79286.jpg
900	5.000000	c5\img_58123.jpg
1189	7.000000	c7\img_30892.jpg
1129	6.000000	c6\img_91829.jpg
567	3.000000	c3\img_456.jpg
557	3.000000	c3\img_41505.jpg
695	4.000000	c4\img_31070.jpg
35	0.000000	c0\img_25865.jpg
587	3.000000	c3\img_54444.jpg
16	0.000000	c0\img_17767.jpg
1130	6.000000	c6\img_92055.jpg
1182	7.000000	c7\img_27694.jpg
1168	7.000000	c7\img_22134.jpg
584	3.000000	c3\img_53623.jpg
1284	7.000000	c7\img_9787.jpg
760	4.000000	c4\img_6018.jpg
1451	9.000000	c9\img_27450.jpg
1281	7.000000	c7\img_96598.jpg
1527	9.000000	c9\img_77168.jpg
898	5.000000	c5\img_57890.jpg
1441	9.000000	c9\img_21907.jpg
583	3.000000	c3\img_53334.jpg
1358	8.000000	c8\img_58907.jpg
582	3.000000	c3\img_533.jpg
746	4.000000	c4\img_53802.jpg
562	3.000000	c3\img_43648.jpg
1013	6.000000	c6\img_28406.jpg
918	5.000000	c5\img_67476.jpg
773	4.000000	c4\img_67543.jpg
469	2.000000	c2\img_90899.jpg
950	5.000000	c5\img_85335.jpg
659	4.000000	c4\img_101669.jpg
1153	7.000000	c7\img_133.jpg
343	2.000000	c2\img_1496.jpg
1171	7.000000	c7\img_22375.jpg
1083	6.000000	c6\img_72410.jpg
73	0.000000	c0\img_45005.jpg
1225	7.000000	c7\img_53754.jpg
606	3.000000	c3\img_63135.jpg
1350	8.000000	c8\img_53620.jpg
885	5.000000	c5\img_52574.jpg
465	2.000000	c2\img_88457.jpg
494	3.000000	c3\img_100545.jpg
1467	9.000000	c9\img_40174.jpg
1291	8.000000	c8\img_16149.jpg
729	4.000000	c4\img_45093.jpg
572	3.000000	c3\img_5.jpg
63	0.000000	c0\img_39146.jpg
175	0.000000	c0\img_97584.jpg
205	1.000000	c1\img_22188.jpg
159	0.000000	c0\img_88409.jpg
1127	6.000000	c6\img_91628.jpg
83	0.000000	c0\img_51985.jpg
890	5.000000	c5\img_54373.jpg
725	4.000000	c4\img_42976.jpg
128	0.000000	c0\img_73555.jpg
1537	9.000000	c9\img_83465.jpg
187	1.000000	c1\img_12181.jpg
1560	9.000000	c9\img_95966.jpg
121	0.000000	c0\img_71093.jpg
910	5.000000	c5\img_64864.jpg
383	2.000000	c2\img_36675.jpg
1347	8.000000	c8\img_51986.jpg
283	1.000000	c1\img_69267.jpg
1112	6.000000	c6\img_85533.jpg
336	2.000000	c2\img_102090.jpg
144	0.000000	c0\img_81735.jpg
745	4.000000	c4\img_53412.jpg
414	2.000000	c2\img_59330.jpg
537	3.000000	c3\img_30528.jpg
726	4.000000	c4\img_43020.jpg
28	0.000000	c0\img_22702.jpg
752	4.000000	c4\img_57422.jpg
739	4.000000	c4\img_50781.jpg
1228	7.000000	c7\img_56581.jpg
1167	7.000000	c7\img_21867.jpg
927	5.000000	c5\img_713.jpg
857	5.000000	c5\img_34306.jpg
1192	7.000000	c7\img_33375.jpg
436	2.000000	c2\img_71476.jpg
1085	6.000000	c6\img_73137.jpg
1481	9.000000	c9\img_47970.jpg
1111	6.000000	c6\img_84868.jpg
1389	8.000000	c8\img_76964.jpg
1098	6.000000	c6\img_78709.jpg
31	0.000000	c0\img_24291.jpg
346	2.000000	c2\img_1599.jpg
592	3.000000	c3\img_57628.jpg
1298	8.000000	c8\img_20728.jpg
1268	7.000000	c7\img_87338.jpg
650	3.000000	c3\img_96401.jpg
574	3.000000	c3\img_51233.jpg
306	1.000000	c1\img_80545.jpg
496	3.000000	c3\img_101582.jpg
853	5.000000	c5\img_32363.jpg
291	1.000000	c1\img_74582.jpg
290	1.000000	c1\img_74573.jpg
732	4.000000	c4\img_46549.jpg
235	1.000000	c1\img_39131.jpg
1223	7.000000	c7\img_52505.jpg
635	3.000000	c3\img_83636.jpg
1554	9.000000	c9\img_93373.jpg
648	3.000000	c3\img_94976.jpg
1491	9.000000	c9\img_55000.jpg
1109	6.000000	c6\img_8395.jpg
675	4.000000	c4\img_20306.jpg
1148	7.000000	c7\img_10919.jpg
412	2.000000	c2\img_56800.jpg
145	0.000000	c0\img_82654.jpg
479	2.000000	c2\img_9230.jpg
482	2.000000	c2\img_92885.jpg
406	2.000000	c2\img_52457.jpg
150	0.000000	c0\img_8415.jpg
345	2.000000	c2\img_1530.jpg
1464	9.000000	c9\img_35696.jpg
239	1.000000	c1\img_43798.jpg
238	1.000000	c1\img_4330.jpg
649	3.000000	c3\img_95266.jpg
519	3.000000	c3\img_20918.jpg
452	2.000000	c2\img_81797.jpg
1102	6.000000	c6\img_80348.jpg
1195	7.000000	c7\img_3657.jpg
160	0.000000	c0\img_88426.jpg
104	0.000000	c0\img_61145.jpg
271	1.000000	c1\img_62069.jpg
1237	7.000000	c7\img_60568.jpg
956	5.000000	c5\img_87973.jpg
1528	9.000000	c9\img_7856.jpg
660	4.000000	c4\img_102043.jpg
1300	8.000000	c8\img_23002.jpg
293	1.000000	c1\img_75260.jpg
994	6.000000	c6\img_1875.jpg
953	5.000000	c5\img_8576.jpg
636	3.000000	c3\img_85359.jpg
530	3.000000	c3\img_26965.jpg
1520	9.000000	c9\img_71243.jpg
1105	6.000000	c6\img_81369.jpg
1416	8.000000	c8\img_96758.jpg
764	4.000000	c4\img_62125.jpg
339	2.000000	c2\img_1138.jpg
869	5.000000	c5\img_42467.jpg
670	4.000000	c4\img_18709.jpg
1120	6.000000	c6\img_88906.jpg
206	1.000000	c1\img_2298.jpg
1432	9.000000	c9\img_15604.jpg
691	4.000000	c4\img_29362.jpg
604	3.000000	c3\img_62624.jpg
356	2.000000	c2\img_20514.jpg
817	5.000000	c5\img_100136.jpg
1082	6.000000	c6\img_72289.jpg
1344	8.000000	c8\img_5065.jpg
1065	6.000000	c6\img_59329.jpg
1548	9.000000	c9\img_88494.jpg
935	5.000000	c5\img_77510.jpg
26	0.000000	c0\img_22026.jpg
924	5.000000	c5\img_69580.jpg
352	2.000000	c2\img_19191.jpg
813	4.000000	c4\img_986.jpg
461	2.000000	c2\img_86648.jpg
770	4.000000	c4\img_66478.jpg
987	6.000000	c6\img_13682.jpg
884	5.000000	c5\img_51627.jpg
707	4.000000	c4\img_35694.jpg
1035	6.000000	c6\img_40723.jpg
829	5.000000	c5\img_16742.jpg
540	3.000000	c3\img_32418.jpg
94	0.000000	c0\img_5585.jpg
723	4.000000	c4\img_42442.jpg
1310	8.000000	c8\img_29095.jpg
50	0.000000	c0\img_34091.jpg
276	1.000000	c1\img_68267.jpg
1145	7.000000	c7\img_101434.jpg
677	4.000000	c4\img_23632.jpg
214	1.000000	c1\img_25771.jpg
903	5.000000	c5\img_59390.jpg
408	2.000000	c2\img_54278.jpg
1455	9.000000	c9\img_2925.jpg
534	3.000000	c3\img_28701.jpg
125	0.000000	c0\img_71538.jpg
1343	8.000000	c8\img_50348.jpg
78	0.000000	c0\img_48482.jpg
1523	9.000000	c9\img_73839.jpg
1566	9.000000	c9\img_99733.jpg
367	2.000000	c2\img_27776.jpg
608	3.000000	c3\img_63479.jpg
1043	6.000000	c6\img_45493.jpg
638	3.000000	c3\img_86203.jpg
1164	7.000000	c7\img_20094.jpg
1369	8.000000	c8\img_66402.jpg
1005	6.000000	c6\img_24783.jpg
141	0.000000	c0\img_800.jpg
1141	7.000000	c7\img_100164.jpg
521	3.000000	c3\img_22142.jpg
843	5.000000	c5\img_20396.jpg
983	6.000000	c6\img_11294.jpg
763	4.000000	c4\img_6211.jpg
1361	8.000000	c8\img_61117.jpg
595	3.000000	c3\img_58543.jpg
0	0.000000	c0\img_10012.jpg
792	4.000000	c4\img_78163.jpg
1377	8.000000	c8\img_6996.jpg
864	5.000000	c5\img_39343.jpg
151	0.000000	c0\img_84822.jpg
570	3.000000	c3\img_4863.jpg
835	5.000000	c5\img_18014.jpg
1214	7.000000	c7\img_47381.jpg
712	4.000000	c4\img_37004.jpg
1248	7.000000	c7\img_69738.jpg
978	5.000000	c5\img_99642.jpg
333	2.000000	c2\img_100113.jpg
1460	9.000000	c9\img_31645.jpg
547	3.000000	c3\img_36660.jpg
1346	8.000000	c8\img_51691.jpg
457	2.000000	c2\img_83976.jpg
1170	7.000000	c7\img_22272.jpg
232	1.000000	c1\img_38727.jpg
1053	6.000000	c6\img_51807.jpg
453	2.000000	c2\img_82282.jpg
1345	8.000000	c8\img_51168.jpg
1510	9.000000	c9\img_64658.jpg
876	5.000000	c5\img_48644.jpg
1041	6.000000	c6\img_43740.jpg
41	0.000000	c0\img_28882.jpg
1473	9.000000	c9\img_44150.jpg
1044	6.000000	c6\img_45854.jpg
65	0.000000	c0\img_4053.jpg
1420	8.000000	c8\img_99982.jpg
1287	8.000000	c8\img_10147.jpg
1427	9.000000	c9\img_13605.jpg
796	4.000000	c4\img_82324.jpg
787	4.000000	c4\img_76257.jpg
795	4.000000	c4\img_80041.jpg
607	3.000000	c3\img_63175.jpg
1543	9.000000	c9\img_8520.jpg
1535	9.000000	c9\img_82902.jpg
354	2.000000	c2\img_20114.jpg
969	5.000000	c5\img_93827.jpg
1482	9.000000	c9\img_49909.jpg
292	1.000000	c1\img_75176.jpg
497	3.000000	c3\img_10879.jpg
1394	8.000000	c8\img_80675.jpg
821	5.000000	c5\img_11360.jpg
51	0.000000	c0\img_34146.jpg
18	0.000000	c0\img_18953.jpg
797	4.000000	c4\img_82585.jpg
586	3.000000	c3\img_5437.jpg
420	2.000000	c2\img_62393.jpg
1540	9.000000	c9\img_84171.jpg
968	5.000000	c5\img_92896.jpg
1325	8.000000	c8\img_38118.jpg
1001	6.000000	c6\img_24200.jpg
1512	9.000000	c9\img_64984.jpg
1465	9.000000	c9\img_36650.jpg
588	3.000000	c3\img_54480.jpg
1407	8.000000	c8\img_89928.jpg
1375	8.000000	c8\img_68300.jpg
1117	6.000000	c6\img_87341.jpg
590	3.000000	c3\img_56045.jpg
3	0.000000	c0\img_101419.jpg
754	4.000000	c4\img_57908.jpg
921	5.000000	c5\img_69053.jpg
1553	9.000000	c9\img_93238.jpg
1504	9.000000	c9\img_60364.jpg
888	5.000000	c5\img_53916.jpg
363	2.000000	c2\img_25954.jpg
1139	6.000000	c6\img_97909.jpg
679	4.000000	c4\img_25635.jpg
809	4.000000	c4\img_96871.jpg
1124	6.000000	c6\img_90555.jpg
1357	8.000000	c8\img_58076.jpg
831	5.000000	c5\img_17216.jpg
318	1.000000	c1\img_87879.jpg
1496	9.000000	c9\img_57814.jpg
174	0.000000	c0\img_97072.jpg
1084	6.000000	c6\img_72962.jpg
1397	8.000000	c8\img_84449.jpg
1004	6.000000	c6\img_24613.jpg
185	1.000000	c1\img_11478.jpg
176	0.000000	c0\img_99179.jpg
373	2.000000	c2\img_29726.jpg
637	3.000000	c3\img_85551.jpg
1015	6.000000	c6\img_2845.jpg
87	0.000000	c0\img_53535.jpg
569	3.000000	c3\img_47421.jpg
1555	9.000000	c9\img_93509.jpg
981	6.000000	c6\img_102138.jpg
1232	7.000000	c7\img_58379.jpg
1530	9.000000	c9\img_79665.jpg
202	1.000000	c1\img_20646.jpg
1096	6.000000	c6\img_77443.jpg
166	0.000000	c0\img_92645.jpg
551	3.000000	c3\img_38933.jpg
9	0.000000	c0\img_13263.jpg
1255	7.000000	c7\img_75294.jpg
1484	9.000000	c9\img_51765.jpg
1178	7.000000	c7\img_24275.jpg
478	2.000000	c2\img_92230.jpg
632	3.000000	c3\img_80737.jpg
766	4.000000	c4\img_64203.jpg
324	1.000000	c1\img_94361.jpg
589	3.000000	c3\img_55189.jpg
1042	6.000000	c6\img_45313.jpg
148	0.000000	c0\img_83780.jpg
1236	7.000000	c7\img_60469.jpg
704	4.000000	c4\img_34757.jpg
975	5.000000	c5\img_97595.jpg
559	3.000000	c3\img_41648.jpg
93	0.000000	c0\img_55476.jpg
832	5.000000	c5\img_17326.jpg
1545	9.000000	c9\img_86543.jpg
1461	9.000000	c9\img_32957.jpg
988	6.000000	c6\img_14167.jpg
573	3.000000	c3\img_50159.jpg
38	0.000000	c0\img_27618.jpg
165	0.000000	c0\img_92014.jpg
503	3.000000	c3\img_1337.jpg
157	0.000000	c0\img_86533.jpg
361	2.000000	c2\img_24508.jpg
432	2.000000	c2\img_70034.jpg
1086	6.000000	c6\img_73220.jpg
199	1.000000	c1\img_18486.jpg
1022	6.000000	c6\img_31314.jpg
505	3.000000	c3\img_13463.jpg
836	5.000000	c5\img_18541.jpg
818	5.000000	c5\img_101011.jpg
1477	9.000000	c9\img_45872.jpg
696	4.000000	c4\img_31341.jpg
1256	7.000000	c7\img_77160.jpg
258	1.000000	c1\img_57167.jpg
1423	9.000000	c9\img_101370.jpg
664	4.000000	c4\img_12476.jpg
744	4.000000	c4\img_51960.jpg
814	4.000000	c4\img_98744.jpg
1093	6.000000	c6\img_76554.jpg
591	3.000000	c3\img_57251.jpg
937	5.000000	c5\img_78424.jpg
528	3.000000	c3\img_25235.jpg
85	0.000000	c0\img_52394.jpg
728	4.000000	c4\img_43513.jpg
152	0.000000	c0\img_84905.jpg
1428	9.000000	c9\img_14413.jpg
1021	6.000000	c6\img_30943.jpg
542	3.000000	c3\img_33228.jpg
80	0.000000	c0\img_50058.jpg
690	4.000000	c4\img_28891.jpg
955	5.000000	c5\img_87356.jpg
44	0.000000	c0\img_30218.jpg
826	5.000000	c5\img_14971.jpg
488	2.000000	c2\img_99489.jpg
1061	6.000000	c6\img_56557.jpg
438	2.000000	c2\img_73240.jpg
758	4.000000	c4\img_59662.jpg
1218	7.000000	c7\img_49728.jpg
347	2.000000	c2\img_16218.jpg
1246	7.000000	c7\img_66121.jpg
1356	8.000000	c8\img_57640.jpg
190	1.000000	c1\img_14796.jpg
851	5.000000	c5\img_30831.jpg
1506	9.000000	c9\img_61264.jpg
360	2.000000	c2\img_22384.jpg
1220	7.000000	c7\img_50030.jpg
493	3.000000	c3\img_100414.jpg
545	3.000000	c3\img_35180.jpg
56	0.000000	c0\img_36138.jpg
1453	9.000000	c9\img_28479.jpg
532	3.000000	c3\img_28316.jpg
802	4.000000	c4\img_87851.jpg
819	5.000000	c5\img_101734.jpg
1304	8.000000	c8\img_26.jpg
445	2.000000	c2\img_78684.jpg
518	3.000000	c3\img_19771.jpg
544	3.000000	c3\img_34672.jpg
419	2.000000	c2\img_60788.jpg
1524	9.000000	c9\img_75703.jpg
892	5.000000	c5\img_5584.jpg
398	2.000000	c2\img_46076.jpg
317	1.000000	c1\img_87443.jpg
781	4.000000	c4\img_70540.jpg
870	5.000000	c5\img_43091.jpg
124	0.000000	c0\img_71418.jpg
1018	6.000000	c6\img_28985.jpg
170	0.000000	c0\img_94674.jpg
14	0.000000	c0\img_16927.jpg
1270	7.000000	c7\img_87929.jpg
1312	8.000000	c8\img_29627.jpg
1492	9.000000	c9\img_55048.jpg
86	0.000000	c0\img_53437.jpg
967	5.000000	c5\img_92865.jpg
1518	9.000000	c9\img_70817.jpg
1063	6.000000	c6\img_58000.jpg
1546	9.000000	c9\img_86576.jpg
32	0.000000	c0\img_24357.jpg
908	5.000000	c5\img_63551.jpg
226	1.000000	c1\img_34061.jpg
312	1.000000	c1\img_84470.jpg
548	3.000000	c3\img_37896.jpg
643	3.000000	c3\img_92213.jpg
1542	9.000000	c9\img_84697.jpg
645	3.000000	c3\img_9271.jpg
1315	8.000000	c8\img_33277.jpg
167	0.000000	c0\img_92731.jpg
867	5.000000	c5\img_41315.jpg
1240	7.000000	c7\img_62214.jpg
314	1.000000	c1\img_85596.jpg
1222	7.000000	c7\img_51728.jpg
702	4.000000	c4\img_33448.jpg
320	1.000000	c1\img_90023.jpg
180	1.000000	c1\img_101579.jpg
666	4.000000	c4\img_15378.jpg
393	2.000000	c2\img_42555.jpg
896	5.000000	c5\img_57437.jpg
624	3.000000	c3\img_74023.jpg
627	3.000000	c3\img_75477.jpg
212	1.000000	c1\img_24644.jpg
1486	9.000000	c9\img_53085.jpg
245	1.000000	c1\img_50388.jpg
657	4.000000	c4\img_100343.jpg
751	4.000000	c4\img_5603.jpg
1321	8.000000	c8\img_36126.jpg
1449	9.000000	c9\img_25059.jpg
22	0.000000	c0\img_2028.jpg
948	5.000000	c5\img_84874.jpg
476	2.000000	c2\img_91875.jpg
1184	7.000000	c7\img_2879.jpg
81	0.000000	c0\img_51569.jpg
376	2.000000	c2\img_30291.jpg
218	1.000000	c1\img_2744.jpg
1073	6.000000	c6\img_66303.jpg
1466	9.000000	c9\img_40093.jpg
1238	7.000000	c7\img_60767.jpg
60	0.000000	c0\img_3730.jpg
524	3.000000	c3\img_23206.jpg
1204	7.000000	c7\img_42302.jpg
1036	6.000000	c6\img_41277.jpg
97	0.000000	c0\img_59566.jpg
1008	6.000000	c6\img_25980.jpg
416	2.000000	c2\img_60235.jpg
977	5.000000	c5\img_98623.jpg
1045	6.000000	c6\img_46460.jpg
717	4.000000	c4\img_39449.jpg
979	6.000000	c6\img_100232.jpg
106	0.000000	c0\img_61905.jpg
961	5.000000	c5\img_91028.jpg
256	1.000000	c1\img_55239.jpg
182	1.000000	c1\img_11034.jpg
1122	6.000000	c6\img_90155.jpg
231	1.000000	c1\img_38254.jpg
1037	6.000000	c6\img_41669.jpg
460	2.000000	c2\img_85849.jpg
29	0.000000	c0\img_23142.jpg
71	0.000000	c0\img_44627.jpg
468	2.000000	c2\img_90583.jpg
713	4.000000	c4\img_3714.jpg
464	2.000000	c2\img_87889.jpg
576	3.000000	c3\img_51345.jpg
966	5.000000	c5\img_92217.jpg
237	1.000000	c1\img_40616.jpg
661	4.000000	c4\img_102058.jpg
992	6.000000	c6\img_16719.jpg
1440	9.000000	c9\img_21897.jpg
777	4.000000	c4\img_69881.jpg
1158	7.000000	c7\img_16947.jpg
733	4.000000	c4\img_47020.jpg
348	2.000000	c2\img_16603.jpg
300	1.000000	c1\img_78379.jpg
1329	8.000000	c8\img_39677.jpg
1135	6.000000	c6\img_94516.jpg
287	1.000000	c1\img_72144.jpg
1474	9.000000	c9\img_44196.jpg
1160	7.000000	c7\img_18765.jpg
1136	6.000000	c6\img_9675.jpg
195	1.000000	c1\img_17484.jpg
1335	8.000000	c8\img_47484.jpg
601	3.000000	c3\img_61027.jpg
181	1.000000	c1\img_10247.jpg
217	1.000000	c1\img_2663.jpg
984	6.000000	c6\img_1133.jpg
316	1.000000	c1\img_86171.jpg
1519	9.000000	c9\img_71015.jpg
40	0.000000	c0\img_27728.jpg
852	5.000000	c5\img_31901.jpg
904	5.000000	c5\img_60593.jpg
95	0.000000	c0\img_57126.jpg
142	0.000000	c0\img_80170.jpg
179	1.000000	c1\img_100754.jpg
719	4.000000	c4\img_40106.jpg
880	5.000000	c5\img_50512.jpg
938	5.000000	c5\img_78633.jpg
805	4.000000	c4\img_89950.jpg
1387	8.000000	c8\img_7590.jpg
456	2.000000	c2\img_83488.jpg
1261	7.000000	c7\img_80744.jpg
1185	7.000000	c7\img_2914.jpg
1327	8.000000	c8\img_39574.jpg
257	1.000000	c1\img_55309.jpg
616	3.000000	c3\img_6899.jpg
227	1.000000	c1\img_35342.jpg
1033	6.000000	c6\img_38718.jpg
1196	7.000000	c7\img_36704.jpg
1197	7.000000	c7\img_37036.jpg
1479	9.000000	c9\img_47074.jpg
278	1.000000	c1\img_68592.jpg
1296	8.000000	c8\img_19381.jpg
936	5.000000	c5\img_77760.jpg
1280	7.000000	c7\img_95855.jpg
149	0.000000	c0\img_84131.jpg
554	3.000000	c3\img_39944.jpg
1125	6.000000	c6\img_90814.jpg
1180	7.000000	c7\img_26522.jpg
1230	7.000000	c7\img_5715.jpg
1429	9.000000	c9\img_14932.jpg
435	2.000000	c2\img_70521.jpg
400	2.000000	c2\img_47230.jpg
914	5.000000	c5\img_66622.jpg
782	4.000000	c4\img_71169.jpg
779	4.000000	c4\img_69965.jpg
1563	9.000000	c9\img_98631.jpg
811	4.000000	c4\img_9813.jpg
1039	6.000000	c6\img_42129.jpg
654	3.000000	c3\img_99754.jpg
27	0.000000	c0\img_22191.jpg
6	0.000000	c0\img_10617.jpg
325	1.000000	c1\img_94778.jpg
294	1.000000	c1\img_75332.jpg
1507	9.000000	c9\img_61660.jpg
721	4.000000	c4\img_4192.jpg
1264	7.000000	c7\img_84715.jpg
46	0.000000	c0\img_32707.jpg
171	0.000000	c0\img_94809.jpg
377	2.000000	c2\img_30524.jpg
69	0.000000	c0\img_44061.jpg
909	5.000000	c5\img_64625.jpg
663	4.000000	c4\img_12319.jpg
722	4.000000	c4\img_42321.jpg
1471	9.000000	c9\img_43974.jpg
177	0.000000	c0\img_99271.jpg
47	0.000000	c0\img_32813.jpg
1536	9.000000	c9\img_83194.jpg
1316	8.000000	c8\img_33383.jpg
1319	8.000000	c8\img_35484.jpg
610	3.000000	c3\img_64427.jpg
449	2.000000	c2\img_80176.jpg
163	0.000000	c0\img_90489.jpg
1338	8.000000	c8\img_48304.jpg
19	0.000000	c0\img_19051.jpg
824	5.000000	c5\img_13760.jpg
475	2.000000	c2\img_91844.jpg
603	3.000000	c3\img_61136.jpg
1143	7.000000	c7\img_1010.jpg
1515	9.000000	c9\img_68681.jpg
77	0.000000	c0\img_45994.jpg
623	3.000000	c3\img_73031.jpg
1385	8.000000	c8\img_74524.jpg
5	0.000000	c0\img_101702.jpg
555	3.000000	c3\img_40875.jpg
799	4.000000	c4\img_85780.jpg
1426	9.000000	c9\img_13396.jpg
466	2.000000	c2\img_88495.jpg
390	2.000000	c2\img_39991.jpg
194	1.000000	c1\img_16317.jpg
533	3.000000	c3\img_28481.jpg
1439	9.000000	c9\img_21708.jpg
550	3.000000	c3\img_38857.jpg
1224	7.000000	c7\img_52786.jpg
158	0.000000	c0\img_88217.jpg
845	5.000000	c5\img_2150.jpg
427	2.000000	c2\img_66370.jpg
297	1.000000	c1\img_76500.jpg
855	5.000000	c5\img_32963.jpg
514	3.000000	c3\img_17615.jpg
1187	7.000000	c7\img_29630.jpg
1242	7.000000	c7\img_62564.jpg
397	2.000000	c2\img_45180.jpg
1072	6.000000	c6\img_64929.jpg
930	5.000000	c5\img_74106.jpg
1493	9.000000	c9\img_55331.jpg
922	5.000000	c5\img_69343.jpg
971	5.000000	c5\img_95598.jpg
873	5.000000	c5\img_44765.jpg
1107	6.000000	c6\img_82352.jpg
75	0.000000	c0\img_45509.jpg
823	5.000000	c5\img_13057.jpg
1408	8.000000	c8\img_91091.jpg
136	0.000000	c0\img_79017.jpg
515	3.000000	c3\img_18004.jpg
251	1.000000	c1\img_5261.jpg
184	1.000000	c1\img_11145.jpg
1313	8.000000	c8\img_30792.jpg
433	2.000000	c2\img_70217.jpg
286	1.000000	c1\img_71544.jpg
1431	9.000000	c9\img_15583.jpg
193	1.000000	c1\img_15790.jpg
322	1.000000	c1\img_92935.jpg
509	3.000000	c3\img_15032.jpg
405	2.000000	c2\img_51410.jpg
96	0.000000	c0\img_57969.jpg
970	5.000000	c5\img_95577.jpg
101	0.000000	c0\img_609.jpg
329	1.000000	c1\img_96828.jpg
911	5.000000	c5\img_650.jpg
79	0.000000	c0\img_48765.jpg
1116	6.000000	c6\img_87158.jpg
976	5.000000	c5\img_98395.jpg
1317	8.000000	c8\img_33479.jpg
1351	8.000000	c8\img_5377.jpg
1266	7.000000	c7\img_85199.jpg
310	1.000000	c1\img_82657.jpg
1388	8.000000	c8\img_76845.jpg
820	5.000000	c5\img_10343.jpg
213	1.000000	c1\img_25199.jpg
798	4.000000	c4\img_85514.jpg
89	0.000000	c0\img_54135.jpg
428	2.000000	c2\img_66429.jpg
1500	9.000000	c9\img_58844.jpg
243	1.000000	c1\img_46867.jpg
1075	6.000000	c6\img_70484.jpg
1517	9.000000	c9\img_69130.jpg
973	5.000000	c5\img_96678.jpg
233	1.000000	c1\img_3879.jpg
1498	9.000000	c9\img_58644.jpg
25	0.000000	c0\img_22019.jpg
1551	9.000000	c9\img_91518.jpg
683	4.000000	c4\img_26915.jpg
731	4.000000	c4\img_45938.jpg
1163	7.000000	c7\img_19896.jpg
1332	8.000000	c8\img_42035.jpg
443	2.000000	c2\img_76529.jpg
1272	7.000000	c7\img_90927.jpg
1074	6.000000	c6\img_70441.jpg
634	3.000000	c3\img_83239.jpg
448	2.000000	c2\img_79518.jpg
1219	7.000000	c7\img_49998.jpg
103	0.000000	c0\img_61067.jpg
247	1.000000	c1\img_5090.jpg
1425	9.000000	c9\img_12633.jpg
1446	9.000000	c9\img_23639.jpg
563	3.000000	c3\img_43787.jpg
111	0.000000	c0\img_66097.jpg
337	2.000000	c2\img_10829.jpg
669	4.000000	c4\img_18519.jpg
1198	7.000000	c7\img_37275.jpg
1384	8.000000	c8\img_73702.jpg
119	0.000000	c0\img_69407.jpg
301	1.000000	c1\img_79028.jpg
520	3.000000	c3\img_21555.jpg
1193	7.000000	c7\img_35532.jpg
1010	6.000000	c6\img_26674.jpg
1051	6.000000	c6\img_50130.jpg
895	5.000000	c5\img_57276.jpg
1463	9.000000	c9\img_33896.jpg
1447	9.000000	c9\img_23876.jpg
491	2.000000	c2\img_9983.jpg
517	3.000000	c3\img_19484.jpg
889	5.000000	c5\img_54207.jpg
1334	8.000000	c8\img_4664.jpg
614	3.000000	c3\img_68588.jpg
207	1.000000	c1\img_2388.jpg
126	0.000000	c0\img_72128.jpg
822	5.000000	c5\img_11581.jpg
990	6.000000	c6\img_16537.jpg
743	4.000000	c4\img_51903.jpg
1110	6.000000	c6\img_84705.jpg
703	4.000000	c4\img_34398.jpg
1396	8.000000	c8\img_82587.jpg
1081	6.000000	c6\img_72256.jpg
693	4.000000	c4\img_30767.jpg
1209	7.000000	c7\img_46308.jpg
1412	8.000000	c8\img_93423.jpg
593	3.000000	c3\img_57770.jpg
1462	9.000000	c9\img_33595.jpg
1557	9.000000	c9\img_95469.jpg
1267	7.000000	c7\img_86363.jpg
1469	9.000000	c9\img_42810.jpg
506	3.000000	c3\img_13910.jpg
1247	7.000000	c7\img_66976.jpg
107	0.000000	c0\img_62307.jpg
1134	6.000000	c6\img_94499.jpg
1277	7.000000	c7\img_93564.jpg
259	1.000000	c1\img_57246.jpg
793	4.000000	c4\img_78267.jpg
1306	8.000000	c8\img_28073.jpg
917	5.000000	c5\img_6741.jpg
485	2.000000	c2\img_97226.jpg
1363	8.000000	c8\img_62578.jpg
53	0.000000	c0\img_34515.jpg
342	2.000000	c2\img_13420.jpg
394	2.000000	c2\img_42803.jpg
332	1.000000	c1\img_99479.jpg
1159	7.000000	c7\img_1752.jpg
302	1.000000	c1\img_79206.jpg
810	4.000000	c4\img_97128.jpg
1234	7.000000	c7\img_59449.jpg
11	0.000000	c0\img_13585.jpg
369	2.000000	c2\img_28677.jpg
254	1.000000	c1\img_53045.jpg
1307	8.000000	c8\img_2861.jpg
1328	8.000000	c8\img_3961.jpg
328	1.000000	c1\img_95843.jpg
768	4.000000	c4\img_64942.jpg
564	3.000000	c3\img_44312.jpg
1137	6.000000	c6\img_97007.jpg
944	5.000000	c5\img_81633.jpg
825	5.000000	c5\img_13915.jpg
431	2.000000	c2\img_68798.jpg
839	5.000000	c5\img_19563.jpg
1282	7.000000	c7\img_96845.jpg
757	4.000000	c4\img_59480.jpg
710	4.000000	c4\img_36557.jpg
386	2.000000	c2\img_39776.jpg
288	1.000000	c1\img_7264.jpg
365	2.000000	c2\img_26136.jpg
417	2.000000	c2\img_60427.jpg
633	3.000000	c3\img_8276.jpg
470	2.000000	c2\img_90920.jpg
686	4.000000	c4\img_27960.jpg
418	2.000000	c2\img_60764.jpg
1326	8.000000	c8\img_39422.jpg
1349	8.000000	c8\img_53436.jpg
98	0.000000	c0\img_59936.jpg
539	3.000000	c3\img_322.jpg
933	5.000000	c5\img_77159.jpg
1508	9.000000	c9\img_61972.jpg
164	0.000000	c0\img_91262.jpg
248	1.000000	c1\img_5135.jpg
1091	6.000000	c6\img_75598.jpg
225	1.000000	c1\img_33965.jpg
1038	6.000000	c6\img_42018.jpg
887	5.000000	c5\img_53336.jpg
716	4.000000	c4\img_38882.jpg
1499	9.000000	c9\img_58732.jpg
804	4.000000	c4\img_89227.jpg
1444	9.000000	c9\img_22687.jpg
357	2.000000	c2\img_20625.jpg
931	5.000000	c5\img_7511.jpg
941	5.000000	c5\img_80618.jpg
298	1.000000	c1\img_77716.jpg
