1604	6.000000	c6\img_85731.jpg
1427	6.000000	c6\img_13481.jpg
313	1.000000	c1\img_30112.jpg
1130	4.000000	c4\img_84278.jpg
923	3.000000	c3\img_9422.jpg
2	0.000000	c0\img_1039.jpg
1724	7.000000	c7\img_4849.jpg
1117	4.000000	c4\img_78196.jpg
1046	4.000000	c4\img_52138.jpg
1423	6.000000	c6\img_12727.jpg
1475	6.000000	c6\img_2998.jpg
725	3.000000	c3\img_13463.jpg
1700	7.000000	c7\img_35312.jpg
306	1.000000	c1\img_26469.jpg
1240	5.000000	c5\img_28146.jpg
1944	8.000000	c8\img_56050.jpg
694	2.000000	c2\img_91184.jpg
359	1.000000	c1\img_53728.jpg
973	4.000000	c4\img_19094.jpg
1239	5.000000	c5\img_27739.jpg
1424	6.000000	c6\img_13012.jpg
1051	4.000000	c4\img_55249.jpg
2235	9.000000	c9\img_98514.jpg
1396	5.000000	c5\img_93990.jpg
1843	8.000000	c8\img_101814.jpg
1744	7.000000	c7\img_57594.jpg
396	1.000000	c1\img_65051.jpg
638	2.000000	c2\img_67835.jpg
482	2.000000	c2\img_12010.jpg
1254	5.000000	c5\img_33799.jpg
1919	8.000000	c8\img_40874.jpg
991	4.000000	c4\img_28996.jpg
1436	6.000000	c6\img_14958.jpg
5	0.000000	c0\img_1197.jpg
1770	7.000000	c7\img_68201.jpg
217	0.000000	c0\img_91262.jpg
1199	5.000000	c5\img_13456.jpg
706	2.000000	c2\img_9843.jpg
680	2.000000	c2\img_87230.jpg
1838	7.000000	c7\img_995.jpg
1205	5.000000	c5\img_17305.jpg
894	3.000000	c3\img_80737.jpg
1540	6.000000	c6\img_60648.jpg
296	1.000000	c1\img_2388.jpg
743	3.000000	c3\img_20543.jpg
1516	6.000000	c6\img_50744.jpg
1692	7.000000	c7\img_30473.jpg
1009	4.000000	c4\img_3837.jpg
2057	9.000000	c9\img_19374.jpg
1097	4.000000	c4\img_72576.jpg
732	3.000000	c3\img_16924.jpg
798	3.000000	c3\img_41927.jpg
1180	5.000000	c5\img_101526.jpg
500	2.000000	c2\img_17429.jpg
673	2.000000	c2\img_85046.jpg
1141	4.000000	c4\img_8794.jpg
1875	8.000000	c8\img_22667.jpg
1868	8.000000	c8\img_19323.jpg
1090	4.000000	c4\img_71882.jpg
134	0.000000	c0\img_55385.jpg
1807	7.000000	c7\img_83885.jpg
652	2.000000	c2\img_74763.jpg
1833	7.000000	c7\img_9768.jpg
178	0.000000	c0\img_73279.jpg
1313	5.000000	c5\img_57116.jpg
2176	9.000000	c9\img_70569.jpg
764	3.000000	c3\img_30787.jpg
1997	8.000000	c8\img_82672.jpg
742	3.000000	c3\img_20185.jpg
15	0.000000	c0\img_15117.jpg
1564	6.000000	c6\img_69904.jpg
786	3.000000	c3\img_37874.jpg
1257	5.000000	c5\img_34167.jpg
954	4.000000	c4\img_14035.jpg
1119	4.000000	c4\img_80185.jpg
1600	6.000000	c6\img_83554.jpg
2100	9.000000	c9\img_37693.jpg
1908	8.000000	c8\img_38759.jpg
1608	6.000000	c6\img_87939.jpg
2050	9.000000	c9\img_17016.jpg
1767	7.000000	c7\img_65452.jpg
1790	7.000000	c7\img_75012.jpg
2010	8.000000	c8\img_88282.jpg
1572	6.000000	c6\img_73699.jpg
1088	4.000000	c4\img_70346.jpg
2030	9.000000	c9\img_100299.jpg
1125	4.000000	c4\img_82059.jpg
609	2.000000	c2\img_56965.jpg
1195	5.000000	c5\img_12823.jpg
262	1.000000	c1\img_13732.jpg
1483	6.000000	c6\img_34375.jpg
1047	4.000000	c4\img_52391.jpg
606	2.000000	c2\img_56198.jpg
33	0.000000	c0\img_19429.jpg
1817	7.000000	c7\img_90951.jpg
1826	7.000000	c7\img_9352.jpg
1157	4.000000	c4\img_93295.jpg
1183	5.000000	c5\img_101734.jpg
1095	4.000000	c4\img_72504.jpg
121	0.000000	c0\img_51545.jpg
91	0.000000	c0\img_41847.jpg
2200	9.000000	c9\img_82986.jpg
1648	7.000000	c7\img_11763.jpg
593	2.000000	c2\img_52239.jpg
268	1.000000	c1\img_15644.jpg
501	2.000000	c2\img_17918.jpg
1784	7.000000	c7\img_7409.jpg
1064	4.000000	c4\img_60913.jpg
335	1.000000	c1\img_40199.jpg
927	3.000000	c3\img_95579.jpg
404	1.000000	c1\img_69126.jpg
972	4.000000	c4\img_19092.jpg
241	0.000000	c0\img_981.jpg
1235	5.000000	c5\img_25777.jpg
1230	5.000000	c5\img_24397.jpg
1192	5.000000	c5\img_12150.jpg
1113	4.000000	c4\img_76399.jpg
562	2.000000	c2\img_38730.jpg
281	1.000000	c1\img_18413.jpg
1530	6.000000	c6\img_54743.jpg
707	2.000000	c2\img_99377.jpg
291	1.000000	c1\img_21447.jpg
329	1.000000	c1\img_36892.jpg
1371	5.000000	c5\img_82082.jpg
2086	9.000000	c9\img_33523.jpg
169	0.000000	c0\img_69702.jpg
1937	8.000000	c8\img_50325.jpg
980	4.000000	c4\img_2479.jpg
2180	9.000000	c9\img_71225.jpg
216	0.000000	c0\img_91149.jpg
558	2.000000	c2\img_3563.jpg
1955	8.000000	c8\img_64914.jpg
385	1.000000	c1\img_63563.jpg
1743	7.000000	c7\img_5753.jpg
1932	8.000000	c8\img_48621.jpg
906	3.000000	c3\img_86245.jpg
2101	9.000000	c9\img_37957.jpg
59	0.000000	c0\img_31461.jpg
1643	7.000000	c7\img_102.jpg
381	1.000000	c1\img_62585.jpg
462	1.000000	c1\img_94448.jpg
2068	9.000000	c9\img_24474.jpg
1058	4.000000	c4\img_57083.jpg
750	3.000000	c3\img_25235.jpg
710	3.000000	c3\img_101560.jpg
1173	4.000000	c4\img_99041.jpg
210	0.000000	c0\img_86913.jpg
2088	9.000000	c9\img_34635.jpg
1349	5.000000	c5\img_72806.jpg
1224	5.000000	c5\img_22586.jpg
2055	9.000000	c9\img_19036.jpg
343	1.000000	c1\img_45420.jpg
860	3.000000	c3\img_65284.jpg
571	2.000000	c2\img_43560.jpg
928	3.000000	c3\img_95706.jpg
567	2.000000	c2\img_41728.jpg
1698	7.000000	c7\img_34766.jpg
536	2.000000	c2\img_28974.jpg
2038	9.000000	c9\img_12998.jpg
1810	7.000000	c7\img_8748.jpg
1398	5.000000	c5\img_96495.jpg
2116	9.000000	c9\img_43792.jpg
1677	7.000000	c7\img_23991.jpg
1941	8.000000	c8\img_52847.jpg
823	3.000000	c3\img_5149.jpg
2118	9.000000	c9\img_45379.jpg
1279	5.000000	c5\img_42329.jpg
1121	4.000000	c4\img_81562.jpg
523	2.000000	c2\img_24319.jpg
1726	7.000000	c7\img_49068.jpg
1575	6.000000	c6\img_73838.jpg
1062	4.000000	c4\img_59087.jpg
1445	6.000000	c6\img_183.jpg
1900	8.000000	c8\img_34370.jpg
465	1.000000	c1\img_96164.jpg
844	3.000000	c3\img_59025.jpg
1954	8.000000	c8\img_6462.jpg
1083	4.000000	c4\img_69645.jpg
1298	5.000000	c5\img_50697.jpg
1827	7.000000	c7\img_93865.jpg
2158	9.000000	c9\img_63600.jpg
1583	6.000000	c6\img_75883.jpg
926	3.000000	c3\img_95458.jpg
1165	4.000000	c4\img_96353.jpg
494	2.000000	c2\img_15655.jpg
911	3.000000	c3\img_89426.jpg
434	1.000000	c1\img_83996.jpg
605	2.000000	c2\img_55939.jpg
509	2.000000	c2\img_20837.jpg
1416	6.000000	c6\img_10945.jpg
1334	5.000000	c5\img_66912.jpg
1716	7.000000	c7\img_44282.jpg
1634	6.000000	c6\img_96127.jpg
868	3.000000	c3\img_70325.jpg
1837	7.000000	c7\img_9897.jpg
736	3.000000	c3\img_17550.jpg
228	0.000000	c0\img_93636.jpg
1478	6.000000	c6\img_3240.jpg
1376	5.000000	c5\img_84200.jpg
619	2.000000	c2\img_5956.jpg
691	2.000000	c2\img_90331.jpg
466	1.000000	c1\img_96239.jpg
941	3.000000	c3\img_99703.jpg
2074	9.000000	c9\img_27194.jpg
76	0.000000	c0\img_35809.jpg
266	1.000000	c1\img_15128.jpg
1991	8.000000	c8\img_78406.jpg
2144	9.000000	c9\img_57608.jpg
1497	6.000000	c6\img_41372.jpg
1263	5.000000	c5\img_35883.jpg
984	4.000000	c4\img_26436.jpg
1969	8.000000	c8\img_70449.jpg
1071	4.000000	c4\img_65988.jpg
594	2.000000	c2\img_52774.jpg
2102	9.000000	c9\img_382.jpg
824	3.000000	c3\img_52166.jpg
805	3.000000	c3\img_44659.jpg
30	0.000000	c0\img_18815.jpg
334	1.000000	c1\img_39857.jpg
277	1.000000	c1\img_17203.jpg
1243	5.000000	c5\img_31385.jpg
250	1.000000	c1\img_102107.jpg
1139	4.000000	c4\img_87294.jpg
2188	9.000000	c9\img_76707.jpg
458	1.000000	c1\img_92374.jpg
114	0.000000	c0\img_4888.jpg
1521	6.000000	c6\img_52150.jpg
1884	8.000000	c8\img_26115.jpg
1104	4.000000	c4\img_73989.jpg
1163	4.000000	c4\img_95437.jpg
1300	5.000000	c5\img_52005.jpg
916	3.000000	c3\img_91027.jpg
67	0.000000	c0\img_33315.jpg
1003	4.000000	c4\img_35987.jpg
1098	4.000000	c4\img_73145.jpg
37	0.000000	c0\img_2113.jpg
755	3.000000	c3\img_27273.jpg
724	3.000000	c3\img_13412.jpg
2153	9.000000	c9\img_62168.jpg
1492	6.000000	c6\img_38512.jpg
1683	7.000000	c7\img_28339.jpg
136	0.000000	c0\img_56056.jpg
504	2.000000	c2\img_19267.jpg
1318	5.000000	c5\img_59493.jpg
1128	4.000000	c4\img_83404.jpg
2046	9.000000	c9\img_15180.jpg
999	4.000000	c4\img_34437.jpg
1389	5.000000	c5\img_90551.jpg
1675	7.000000	c7\img_22875.jpg
158	0.000000	c0\img_66097.jpg
1812	7.000000	c7\img_89230.jpg
127	0.000000	c0\img_5342.jpg
2213	9.000000	c9\img_88683.jpg
669	2.000000	c2\img_83104.jpg
2059	9.000000	c9\img_21907.jpg
1736	7.000000	c7\img_53284.jpg
1188	5.000000	c5\img_11197.jpg
1123	4.000000	c4\img_81838.jpg
2156	9.000000	c9\img_63143.jpg
1895	8.000000	c8\img_31795.jpg
474	1.000000	c1\img_99429.jpg
533	2.000000	c2\img_28156.jpg
63	0.000000	c0\img_32280.jpg
2092	9.000000	c9\img_36140.jpg
1409	6.000000	c6\img_101144.jpg
1060	4.000000	c4\img_5747.jpg
113	0.000000	c0\img_48589.jpg
1345	5.000000	c5\img_71388.jpg
1821	7.000000	c7\img_92729.jpg
512	2.000000	c2\img_22879.jpg
663	2.000000	c2\img_78352.jpg
745	3.000000	c3\img_23042.jpg
884	3.000000	c3\img_7612.jpg
1	0.000000	c0\img_101175.jpg
1982	8.000000	c8\img_75569.jpg
350	1.000000	c1\img_49641.jpg
1485	6.000000	c6\img_35160.jpg
2095	9.000000	c9\img_36588.jpg
274	1.000000	c1\img_16666.jpg
2124	9.000000	c9\img_4658.jpg
1778	7.000000	c7\img_72620.jpg
2139	9.000000	c9\img_54451.jpg
1990	8.000000	c8\img_78175.jpg
808	3.000000	c3\img_46654.jpg
1258	5.000000	c5\img_34454.jpg
1996	8.000000	c8\img_81770.jpg
585	2.000000	c2\img_48891.jpg
346	1.000000	c1\img_46577.jpg
616	2.000000	c2\img_59206.jpg
70	0.000000	c0\img_3432.jpg
1542	6.000000	c6\img_61058.jpg
936	3.000000	c3\img_98718.jpg
2023	8.000000	c8\img_97252.jpg
2222	9.000000	c9\img_92567.jpg
1399	5.000000	c5\img_96678.jpg
1533	6.000000	c6\img_56557.jpg
264	1.000000	c1\img_14833.jpg
803	3.000000	c3\img_43646.jpg
2097	9.000000	c9\img_36746.jpg
866	3.000000	c3\img_69402.jpg
1482	6.000000	c6\img_33786.jpg
1748	7.000000	c7\img_58996.jpg
1567	6.000000	c6\img_71713.jpg
2026	8.000000	c8\img_97861.jpg
1878	8.000000	c8\img_23443.jpg
1105	4.000000	c4\img_74110.jpg
1049	4.000000	c4\img_54661.jpg
1523	6.000000	c6\img_53020.jpg
1929	8.000000	c8\img_46154.jpg
1872	8.000000	c8\img_20265.jpg
1392	5.000000	c5\img_91738.jpg
2084	9.000000	c9\img_32784.jpg
259	1.000000	c1\img_12519.jpg
1032	4.000000	c4\img_47815.jpg
244	0.000000	c0\img_99102.jpg
1759	7.000000	c7\img_61268.jpg
1171	4.000000	c4\img_986.jpg
1033	4.000000	c4\img_48252.jpg
2217	9.000000	c9\img_89593.jpg
890	3.000000	c3\img_78904.jpg
83	0.000000	c0\img_38025.jpg
1229	5.000000	c5\img_2397.jpg
2123	9.000000	c9\img_46424.jpg
718	3.000000	c3\img_11248.jpg
489	2.000000	c2\img_14731.jpg
294	1.000000	c1\img_22404.jpg
353	1.000000	c1\img_51862.jpg
1747	7.000000	c7\img_58990.jpg
568	2.000000	c2\img_42027.jpg
1856	8.000000	c8\img_13868.jpg
930	3.000000	c3\img_95959.jpg
2001	8.000000	c8\img_84138.jpg
1976	8.000000	c8\img_73693.jpg
26	0.000000	c0\img_17862.jpg
1359	5.000000	c5\img_75420.jpg
367	1.000000	c1\img_56546.jpg
1306	5.000000	c5\img_54835.jpg
1989	8.000000	c8\img_77225.jpg
149	0.000000	c0\img_61112.jpg
1546	6.000000	c6\img_62671.jpg
1268	5.000000	c5\img_37530.jpg
529	2.000000	c2\img_26239.jpg
2028	8.000000	c8\img_99596.jpg
28	0.000000	c0\img_18416.jpg
1639	7.000000	c7\img_10039.jpg
1923	8.000000	c8\img_42704.jpg
2096	9.000000	c9\img_36732.jpg
481	2.000000	c2\img_11202.jpg
822	3.000000	c3\img_50731.jpg
2037	9.000000	c9\img_11964.jpg
768	3.000000	c3\img_31948.jpg
1295	5.000000	c5\img_49323.jpg
1201	5.000000	c5\img_1467.jpg
845	3.000000	c3\img_59912.jpg
1437	6.000000	c6\img_15382.jpg
1131	4.000000	c4\img_84352.jpg
452	1.000000	c1\img_89833.jpg
603	2.000000	c2\img_55166.jpg
1595	6.000000	c6\img_81369.jpg
47	0.000000	c0\img_26802.jpg
1676	7.000000	c7\img_23309.jpg
1197	5.000000	c5\img_13202.jpg
1917	8.000000	c8\img_40778.jpg
2191	9.000000	c9\img_78692.jpg
1636	6.000000	c6\img_98577.jpg
2011	8.000000	c8\img_8860.jpg
565	2.000000	c2\img_41219.jpg
442	1.000000	c1\img_86980.jpg
520	2.000000	c2\img_23871.jpg
2041	9.000000	c9\img_13786.jpg
43	0.000000	c0\img_24706.jpg
1503	6.000000	c6\img_44322.jpg
1666	7.000000	c7\img_19482.jpg
1055	4.000000	c4\img_56418.jpg
1560	6.000000	c6\img_68712.jpg
2070	9.000000	c9\img_24944.jpg
1420	6.000000	c6\img_11811.jpg
1981	8.000000	c8\img_75545.jpg
773	3.000000	c3\img_32808.jpg
1323	5.000000	c5\img_62899.jpg
2219	9.000000	c9\img_90816.jpg
1881	8.000000	c8\img_23948.jpg
612	2.000000	c2\img_58128.jpg
1590	6.000000	c6\img_8010.jpg
1637	6.000000	c6\img_99891.jpg
974	4.000000	c4\img_19580.jpg
885	3.000000	c3\img_76235.jpg
1644	7.000000	c7\img_10693.jpg
155	0.000000	c0\img_64276.jpg
1487	6.000000	c6\img_36323.jpg
1935	8.000000	c8\img_50134.jpg
1555	6.000000	c6\img_67564.jpg
761	3.000000	c3\img_29207.jpg
599	2.000000	c2\img_54300.jpg
2166	9.000000	c9\img_66840.jpg
2099	9.000000	c9\img_37363.jpg
1825	7.000000	c7\img_93292.jpg
550	2.000000	c2\img_33067.jpg
2043	9.000000	c9\img_14056.jpg
2225	9.000000	c9\img_94838.jpg
129	0.000000	c0\img_54533.jpg
2142	9.000000	c9\img_55014.jpg
140	0.000000	c0\img_58093.jpg
2232	9.000000	c9\img_97500.jpg
27	0.000000	c0\img_18339.jpg
2240	9.000000	c9\img_99422.jpg
701	2.000000	c2\img_95034.jpg
1851	8.000000	c8\img_11990.jpg
1315	5.000000	c5\img_58032.jpg
584	2.000000	c2\img_48607.jpg
1552	6.000000	c6\img_66537.jpg
1696	7.000000	c7\img_34020.jpg
98	0.000000	c0\img_45095.jpg
1615	6.000000	c6\img_89608.jpg
847	3.000000	c3\img_60891.jpg
25	0.000000	c0\img_17811.jpg
540	2.000000	c2\img_30215.jpg
1518	6.000000	c6\img_51128.jpg
887	3.000000	c3\img_76852.jpg
2113	9.000000	c9\img_42370.jpg
295	1.000000	c1\img_23041.jpg
734	3.000000	c3\img_17379.jpg
2226	9.000000	c9\img_9512.jpg
1505	6.000000	c6\img_46348.jpg
862	3.000000	c3\img_66182.jpg
881	3.000000	c3\img_75607.jpg
1571	6.000000	c6\img_73536.jpg
1927	8.000000	c8\img_44131.jpg
160	0.000000	c0\img_67041.jpg
703	2.000000	c2\img_97465.jpg
1402	5.000000	c5\img_98587.jpg
985	4.000000	c4\img_26479.jpg
1400	5.000000	c5\img_97183.jpg
1079	4.000000	c4\img_68770.jpg
676	2.000000	c2\img_86478.jpg
1965	8.000000	c8\img_69101.jpg
1353	5.000000	c5\img_74372.jpg
1755	7.000000	c7\img_60568.jpg
10	0.000000	c0\img_14223.jpg
655	2.000000	c2\img_76017.jpg
1787	7.000000	c7\img_74536.jpg
1332	5.000000	c5\img_66622.jpg
1362	5.000000	c5\img_76436.jpg
2215	9.000000	c9\img_8885.jpg
642	2.000000	c2\img_70316.jpg
1971	8.000000	c8\img_72343.jpg
409	1.000000	c1\img_70978.jpg
17	0.000000	c0\img_16287.jpg
2081	9.000000	c9\img_3155.jpg
490	2.000000	c2\img_14742.jpg
1179	5.000000	c5\img_101079.jpg
1893	8.000000	c8\img_31338.jpg
541	2.000000	c2\img_30296.jpg
1573	6.000000	c6\img_73800.jpg
1286	5.000000	c5\img_46054.jpg
671	2.000000	c2\img_84503.jpg
1312	5.000000	c5\img_56742.jpg
382	1.000000	c1\img_62814.jpg
526	2.000000	c2\img_25064.jpg
1391	5.000000	c5\img_91114.jpg
1138	4.000000	c4\img_8599.jpg
131	0.000000	c0\img_54792.jpg
1815	7.000000	c7\img_90651.jpg
953	4.000000	c4\img_12160.jpg
2065	9.000000	c9\img_23756.jpg
483	2.000000	c2\img_12908.jpg
188	0.000000	c0\img_76418.jpg
903	3.000000	c3\img_86136.jpg
2209	9.000000	c9\img_85835.jpg
402	1.000000	c1\img_68126.jpg
1522	6.000000	c6\img_52659.jpg
220	0.000000	c0\img_91975.jpg
2120	9.000000	c9\img_45690.jpg
871	3.000000	c3\img_72416.jpg
72	0.000000	c0\img_34928.jpg
1763	7.000000	c7\img_64563.jpg
1067	4.000000	c4\img_62157.jpg
519	2.000000	c2\img_23794.jpg
1936	8.000000	c8\img_50182.jpg
16	0.000000	c0\img_15696.jpg
1468	6.000000	c6\img_25847.jpg
1025	4.000000	c4\img_4499.jpg
2121	9.000000	c9\img_45885.jpg
1181	5.000000	c5\img_101561.jpg
753	3.000000	c3\img_25895.jpg
1156	4.000000	c4\img_93277.jpg
444	1.000000	c1\img_872.jpg
2009	8.000000	c8\img_88106.jpg
1598	6.000000	c6\img_82468.jpg
1454	6.000000	c6\img_20687.jpg
857	3.000000	c3\img_63787.jpg
874	3.000000	c3\img_73672.jpg
2067	9.000000	c9\img_24277.jpg
1913	8.000000	c8\img_40239.jpg
873	3.000000	c3\img_73580.jpg
246	0.000000	c0\img_99281.jpg
1085	4.000000	c4\img_69941.jpg
1246	5.000000	c5\img_32167.jpg
833	3.000000	c3\img_55546.jpg
841	3.000000	c3\img_57773.jpg
1172	4.000000	c4\img_99035.jpg
678	2.000000	c2\img_86850.jpg
469	1.000000	c1\img_9656.jpg
1278	5.000000	c5\img_42317.jpg
535	2.000000	c2\img_28846.jpg
1795	7.000000	c7\img_77512.jpg
944	4.000000	c4\img_100361.jpg
1249	5.000000	c5\img_32499.jpg
1718	7.000000	c7\img_45704.jpg
1488	6.000000	c6\img_36365.jpg
1535	6.000000	c6\img_56854.jpg
2205	9.000000	c9\img_84420.jpg
556	2.000000	c2\img_34796.jpg
1072	4.000000	c4\img_664.jpg
630	2.000000	c2\img_63085.jpg
1656	7.000000	c7\img_15089.jpg
1351	5.000000	c5\img_74079.jpg
407	1.000000	c1\img_70413.jpg
1013	4.000000	c4\img_40638.jpg
1429	6.000000	c6\img_13709.jpg
965	4.000000	c4\img_17852.jpg
364	1.000000	c1\img_55309.jpg
1933	8.000000	c8\img_4866.jpg
685	2.000000	c2\img_88100.jpg
240	0.000000	c0\img_96945.jpg
1766	7.000000	c7\img_65428.jpg
1361	5.000000	c5\img_76414.jpg
1185	5.000000	c5\img_10388.jpg
411	1.000000	c1\img_7149.jpg
1340	5.000000	c5\img_68833.jpg
1672	7.000000	c7\img_22545.jpg
473	1.000000	c1\img_98507.jpg
716	3.000000	c3\img_11177.jpg
610	2.000000	c2\img_57028.jpg
878	3.000000	c3\img_74540.jpg
1642	7.000000	c7\img_101410.jpg
1820	7.000000	c7\img_92692.jpg
600	2.000000	c2\img_54312.jpg
1742	7.000000	c7\img_57137.jpg
667	2.000000	c2\img_81706.jpg
1857	8.000000	c8\img_14084.jpg
99	0.000000	c0\img_45373.jpg
525	2.000000	c2\img_24557.jpg
1388	5.000000	c5\img_90523.jpg
1417	6.000000	c6\img_11212.jpg
68	0.000000	c0\img_33532.jpg
945	4.000000	c4\img_100371.jpg
1145	4.000000	c4\img_8951.jpg
1897	8.000000	c8\img_32172.jpg
1233	5.000000	c5\img_2553.jpg
700	2.000000	c2\img_94307.jpg
1561	6.000000	c6\img_69099.jpg
2197	9.000000	c9\img_81401.jpg
1727	7.000000	c7\img_49450.jpg
100	0.000000	c0\img_45462.jpg
1657	7.000000	c7\img_15631.jpg
401	1.000000	c1\img_67684.jpg
2170	9.000000	c9\img_68887.jpg
1728	7.000000	c7\img_50030.jpg
278	1.000000	c1\img_17218.jpg
1562	6.000000	c6\img_69370.jpg
729	3.000000	c3\img_14752.jpg
1702	7.000000	c7\img_35479.jpg
311	1.000000	c1\img_29706.jpg
345	1.000000	c1\img_46531.jpg
1316	5.000000	c5\img_58442.jpg
221	0.000000	c0\img_92645.jpg
1847	8.000000	c8\img_11529.jpg
425	1.000000	c1\img_7893.jpg
1069	4.000000	c4\img_64336.jpg
2186	9.000000	c9\img_75016.jpg
1660	7.000000	c7\img_16176.jpg
522	2.000000	c2\img_2403.jpg
122	0.000000	c0\img_52098.jpg
853	3.000000	c3\img_62089.jpg
1697	7.000000	c7\img_34214.jpg
1462	6.000000	c6\img_2410.jpg
2049	9.000000	c9\img_16688.jpg
1589	6.000000	c6\img_79723.jpg
1118	4.000000	c4\img_78271.jpg
1248	5.000000	c5\img_32438.jpg
2145	9.000000	c9\img_57833.jpg
1466	6.000000	c6\img_25489.jpg
6	0.000000	c0\img_12017.jpg
1375	5.000000	c5\img_83651.jpg
1140	4.000000	c4\img_87911.jpg
688	2.000000	c2\img_88757.jpg
650	2.000000	c2\img_73876.jpg
1568	6.000000	c6\img_71958.jpg
1447	6.000000	c6\img_18820.jpg
546	2.000000	c2\img_31429.jpg
1586	6.000000	c6\img_78779.jpg
446	1.000000	c1\img_88506.jpg
2047	9.000000	c9\img_154.jpg
2056	9.000000	c9\img_19291.jpg
539	2.000000	c2\img_29811.jpg
815	3.000000	c3\img_48169.jpg
915	3.000000	c3\img_90603.jpg
1102	4.000000	c4\img_73448.jpg
1844	8.000000	c8\img_102114.jpg
848	3.000000	c3\img_61064.jpg
1543	6.000000	c6\img_6185.jpg
66	0.000000	c0\img_33193.jpg
225	0.000000	c0\img_93387.jpg
2168	9.000000	c9\img_67387.jpg
132	0.000000	c0\img_54849.jpg
486	2.000000	c2\img_13894.jpg
35	0.000000	c0\img_20579.jpg
1794	7.000000	c7\img_77431.jpg
1671	7.000000	c7\img_22456.jpg
1397	5.000000	c5\img_94649.jpg
1369	5.000000	c5\img_79836.jpg
1408	6.000000	c6\img_101075.jpg
370	1.000000	c1\img_57575.jpg
285	1.000000	c1\img_19918.jpg
1348	5.000000	c5\img_7237.jpg
775	3.000000	c3\img_3384.jpg
2107	9.000000	c9\img_40319.jpg
608	2.000000	c2\img_5685.jpg
24	0.000000	c0\img_17677.jpg
412	1.000000	c1\img_71607.jpg
912	3.000000	c3\img_89714.jpg
1114	4.000000	c4\img_76793.jpg
471	1.000000	c1\img_97645.jpg
440	1.000000	c1\img_86152.jpg
125	0.000000	c0\img_52476.jpg
383	1.000000	c1\img_62971.jpg
341	1.000000	c1\img_44731.jpg
234	0.000000	c0\img_94642.jpg
139	0.000000	c0\img_57235.jpg
747	3.000000	c3\img_24674.jpg
1048	4.000000	c4\img_53595.jpg
236	0.000000	c0\img_95735.jpg
1255	5.000000	c5\img_33914.jpg
1695	7.000000	c7\img_33906.jpg
248	0.000000	c0\img_99652.jpg
658	2.000000	c2\img_76970.jpg
1734	7.000000	c7\img_52323.jpg
431	1.000000	c1\img_83189.jpg
1993	8.000000	c8\img_80432.jpg
54	0.000000	c0\img_30243.jpg
639	2.000000	c2\img_69691.jpg
275	1.000000	c1\img_16744.jpg
731	3.000000	c3\img_16658.jpg
2203	9.000000	c9\img_84168.jpg
1771	7.000000	c7\img_70037.jpg
387	1.000000	c1\img_63949.jpg
1789	7.000000	c7\img_74834.jpg
1330	5.000000	c5\img_66479.jpg
1471	6.000000	c6\img_27887.jpg
2060	9.000000	c9\img_21954.jpg
852	3.000000	c3\img_61794.jpg
1274	5.000000	c5\img_39343.jpg
1781	7.000000	c7\img_73267.jpg
1103	4.000000	c4\img_73619.jpg
1582	6.000000	c6\img_75760.jpg
1038	4.000000	c4\img_50429.jpg
173	0.000000	c0\img_71093.jpg
8	0.000000	c0\img_13584.jpg
1418	6.000000	c6\img_11300.jpg
96	0.000000	c0\img_43775.jpg
1594	6.000000	c6\img_80758.jpg
267	1.000000	c1\img_15557.jpg
399	1.000000	c1\img_67138.jpg
1921	8.000000	c8\img_41440.jpg
1174	4.000000	c4\img_99325.jpg
1491	6.000000	c6\img_38382.jpg
699	2.000000	c2\img_93998.jpg
962	4.000000	c4\img_16762.jpg
1889	8.000000	c8\img_2902.jpg
1116	4.000000	c4\img_77933.jpg
1370	5.000000	c5\img_79850.jpg
1442	6.000000	c6\img_1786.jpg
498	2.000000	c2\img_16918.jpg
1757	7.000000	c7\img_60839.jpg
1526	6.000000	c6\img_53488.jpg
2024	8.000000	c8\img_97558.jpg
198	0.000000	c0\img_82290.jpg
279	1.000000	c1\img_17527.jpg
141	0.000000	c0\img_58551.jpg
1556	6.000000	c6\img_67703.jpg
1864	8.000000	c8\img_16326.jpg
1840	8.000000	c8\img_101034.jpg
168	0.000000	c0\img_69558.jpg
1419	6.000000	c6\img_1133.jpg
1496	6.000000	c6\img_41245.jpg
1381	5.000000	c5\img_87558.jpg
959	4.000000	c4\img_16087.jpg
82	0.000000	c0\img_37570.jpg
2072	9.000000	c9\img_25913.jpg
143	0.000000	c0\img_59322.jpg
740	3.000000	c3\img_19196.jpg
919	3.000000	c3\img_9244.jpg
219	0.000000	c0\img_91624.jpg
850	3.000000	c3\img_61314.jpg
115	0.000000	c0\img_4891.jpg
855	3.000000	c3\img_63127.jpg
1979	8.000000	c8\img_74524.jpg
1339	5.000000	c5\img_68264.jpg
626	2.000000	c2\img_61702.jpg
560	2.000000	c2\img_37188.jpg
1842	8.000000	c8\img_101751.jpg
1986	8.000000	c8\img_76212.jpg
181	0.000000	c0\img_74184.jpg
1538	6.000000	c6\img_59150.jpg
1760	7.000000	c7\img_61341.jpg
877	3.000000	c3\img_74430.jpg
2227	9.000000	c9\img_95191.jpg
1712	7.000000	c7\img_39761.jpg
538	2.000000	c2\img_29788.jpg
1715	7.000000	c7\img_42911.jpg
2012	8.000000	c8\img_88731.jpg
1948	8.000000	c8\img_59136.jpg
1154	4.000000	c4\img_92727.jpg
1413	6.000000	c6\img_101914.jpg
1894	8.000000	c8\img_31519.jpg
1357	5.000000	c5\img_7511.jpg
1926	8.000000	c8\img_43579.jpg
883	3.000000	c3\img_76001.jpg
224	0.000000	c0\img_93261.jpg
422	1.000000	c1\img_77693.jpg
770	3.000000	c3\img_32433.jpg
1040	4.000000	c4\img_50613.jpg
1352	5.000000	c5\img_74344.jpg
1638	6.000000	c6\img_99980.jpg
1688	7.000000	c7\img_30097.jpg
298	1.000000	c1\img_24153.jpg
1277	5.000000	c5\img_4105.jpg
1773	7.000000	c7\img_71288.jpg
1960	8.000000	c8\img_66492.jpg
1830	7.000000	c7\img_96185.jpg
1207	5.000000	c5\img_17632.jpg
337	1.000000	c1\img_42544.jpg
1210	5.000000	c5\img_18102.jpg
1836	7.000000	c7\img_98890.jpg
769	3.000000	c3\img_32399.jpg
1509	6.000000	c6\img_48597.jpg
1689	7.000000	c7\img_30145.jpg
1534	6.000000	c6\img_56776.jpg
1027	4.000000	c4\img_45614.jpg
794	3.000000	c3\img_40012.jpg
762	3.000000	c3\img_30170.jpg
1519	6.000000	c6\img_51260.jpg
1251	5.000000	c5\img_33395.jpg
162	0.000000	c0\img_67547.jpg
461	1.000000	c1\img_94230.jpg
1732	7.000000	c7\img_51833.jpg
1774	7.000000	c7\img_71300.jpg
1606	6.000000	c6\img_86247.jpg
447	1.000000	c1\img_88617.jpg
1147	4.000000	c4\img_89747.jpg
720	3.000000	c3\img_12035.jpg
554	2.000000	c2\img_34522.jpg
172	0.000000	c0\img_71091.jpg
2040	9.000000	c9\img_13513.jpg
1566	6.000000	c6\img_70739.jpg
1100	4.000000	c4\img_73304.jpg
924	3.000000	c3\img_94488.jpg
1883	8.000000	c8\img_25738.jpg
1765	7.000000	c7\img_65354.jpg
757	3.000000	c3\img_28539.jpg
116	0.000000	c0\img_49423.jpg
517	2.000000	c2\img_23672.jpg
153	0.000000	c0\img_63152.jpg
1307	5.000000	c5\img_55045.jpg
1920	8.000000	c8\img_41153.jpg
990	4.000000	c4\img_27597.jpg
687	2.000000	c2\img_88556.jpg
84	0.000000	c0\img_38615.jpg
778	3.000000	c3\img_34546.jpg
42	0.000000	c0\img_24289.jpg
776	3.000000	c3\img_3392.jpg
1668	7.000000	c7\img_20363.jpg
2131	9.000000	c9\img_50751.jpg
305	1.000000	c1\img_26334.jpg
1591	6.000000	c6\img_80110.jpg
827	3.000000	c3\img_52453.jpg
697	2.000000	c2\img_92283.jpg
1016	4.000000	c4\img_41635.jpg
1762	7.000000	c7\img_63035.jpg
1848	8.000000	c8\img_11557.jpg
326	1.000000	c1\img_35339.jpg
1871	8.000000	c8\img_2006.jpg
1024	4.000000	c4\img_44862.jpg
662	2.000000	c2\img_78324.jpg
1261	5.000000	c5\img_35074.jpg
2063	9.000000	c9\img_23183.jpg
865	3.000000	c3\img_68507.jpg
1685	7.000000	c7\img_29635.jpg
479	2.000000	c2\img_10697.jpg
709	3.000000	c3\img_101063.jpg
1087	4.000000	c4\img_70266.jpg
898	3.000000	c3\img_82367.jpg
1633	6.000000	c6\img_95963.jpg
1054	4.000000	c4\img_56362.jpg
1272	5.000000	c5\img_38692.jpg
1225	5.000000	c5\img_22714.jpg
882	3.000000	c3\img_75722.jpg
375	1.000000	c1\img_61074.jpg
459	1.000000	c1\img_93448.jpg
891	3.000000	c3\img_7943.jpg
1259	5.000000	c5\img_34794.jpg
510	2.000000	c2\img_22105.jpg
816	3.000000	c3\img_48360.jpg
2117	9.000000	c9\img_45245.jpg
1758	7.000000	c7\img_60980.jpg
1283	5.000000	c5\img_44397.jpg
1661	7.000000	c7\img_1644.jpg
1107	4.000000	c4\img_75001.jpg
323	1.000000	c1\img_32876.jpg
689	2.000000	c2\img_8927.jpg
1189	5.000000	c5\img_11526.jpg
249	1.000000	c1\img_100594.jpg
325	1.000000	c1\img_34499.jpg
1799	7.000000	c7\img_80863.jpg
230	0.000000	c0\img_93757.jpg
53	0.000000	c0\img_30069.jpg
1212	5.000000	c5\img_19068.jpg
507	2.000000	c2\img_20381.jpg
400	1.000000	c1\img_67337.jpg
1722	7.000000	c7\img_47254.jpg
1958	8.000000	c8\img_65976.jpg
239	0.000000	c0\img_96725.jpg
88	0.000000	c0\img_40765.jpg
846	3.000000	c3\img_60584.jpg
1887	8.000000	c8\img_28537.jpg
64	0.000000	c0\img_32299.jpg
1824	7.000000	c7\img_92826.jpg
1946	8.000000	c8\img_57135.jpg
1288	5.000000	c5\img_46321.jpg
622	2.000000	c2\img_60135.jpg
1120	4.000000	c4\img_81528.jpg
2133	9.000000	c9\img_51003.jpg
723	3.000000	c3\img_13326.jpg
527	2.000000	c2\img_25697.jpg
1858	8.000000	c8\img_14814.jpg
1231	5.000000	c5\img_24968.jpg
1682	7.000000	c7\img_27529.jpg
254	1.000000	c1\img_11444.jpg
946	4.000000	c4\img_100870.jpg
901	3.000000	c3\img_83851.jpg
175	0.000000	c0\img_72492.jpg
372	1.000000	c1\img_59482.jpg
1435	6.000000	c6\img_14851.jpg
394	1.000000	c1\img_64821.jpg
1635	6.000000	c6\img_9741.jpg
1053	4.000000	c4\img_55675.jpg
925	3.000000	c3\img_9480.jpg
2008	8.000000	c8\img_88063.jpg
1430	6.000000	c6\img_13918.jpg
227	0.000000	c0\img_9345.jpg
1434	6.000000	c6\img_14576.jpg
1153	4.000000	c4\img_92710.jpg
2073	9.000000	c9\img_26017.jpg
276	1.000000	c1\img_16772.jpg
1506	6.000000	c6\img_48198.jpg
58	0.000000	c0\img_31121.jpg
1161	4.000000	c4\img_94186.jpg
1977	8.000000	c8\img_73917.jpg
963	4.000000	c4\img_17118.jpg
269	1.000000	c1\img_1579.jpg
436	1.000000	c1\img_84433.jpg
1617	6.000000	c6\img_90597.jpg
1967	8.000000	c8\img_69796.jpg
186	0.000000	c0\img_75400.jpg
737	3.000000	c3\img_18004.jpg
1467	6.000000	c6\img_25723.jpg
1532	6.000000	c6\img_55547.jpg
1703	7.000000	c7\img_36303.jpg
648	2.000000	c2\img_72063.jpg
1005	4.000000	c4\img_36844.jpg
1999	8.000000	c8\img_83277.jpg
1324	5.000000	c5\img_63348.jpg
943	4.000000	c4\img_100277.jpg
356	1.000000	c1\img_53306.jpg
1331	5.000000	c5\img_66494.jpg
1264	5.000000	c5\img_35979.jpg
111	0.000000	c0\img_48185.jpg
252	1.000000	c1\img_10440.jpg
807	3.000000	c3\img_46420.jpg
1951	8.000000	c8\img_62613.jpg
1202	5.000000	c5\img_15338.jpg
1631	6.000000	c6\img_95325.jpg
1226	5.000000	c5\img_22799.jpg
316	1.000000	c1\img_31296.jpg
880	3.000000	c3\img_75567.jpg
834	3.000000	c3\img_55897.jpg
1983	8.000000	c8\img_75893.jpg
2231	9.000000	c9\img_96905.jpg
1244	5.000000	c5\img_3158.jpg
1870	8.000000	c8\img_19665.jpg
1328	5.000000	c5\img_66251.jpg
749	3.000000	c3\img_25231.jpg
785	3.000000	c3\img_3767.jpg
144	0.000000	c0\img_59737.jpg
806	3.000000	c3\img_45114.jpg
293	1.000000	c1\img_22086.jpg
1335	5.000000	c5\img_67288.jpg
765	3.000000	c3\img_30791.jpg
492	2.000000	c2\img_1521.jpg
575	2.000000	c2\img_45904.jpg
2184	9.000000	c9\img_73663.jpg
1177	5.000000	c5\img_100270.jpg
309	1.000000	c1\img_28897.jpg
204	0.000000	c0\img_85888.jpg
1186	5.000000	c5\img_10516.jpg
1719	7.000000	c7\img_46713.jpg
790	3.000000	c3\img_39523.jpg
783	3.000000	c3\img_37425.jpg
2042	9.000000	c9\img_13982.jpg
1972	8.000000	c8\img_72387.jpg
516	2.000000	c2\img_23552.jpg
1336	5.000000	c5\img_67330.jpg
698	2.000000	c2\img_92930.jpg
2242	9.000000	c9\img_99692.jpg
629	2.000000	c2\img_62946.jpg
1580	6.000000	c6\img_74901.jpg
647	2.000000	c2\img_71654.jpg
902	3.000000	c3\img_85737.jpg
1577	6.000000	c6\img_74066.jpg
1834	7.000000	c7\img_9787.jpg
406	1.000000	c1\img_69886.jpg
1995	8.000000	c8\img_81077.jpg
336	1.000000	c1\img_40429.jpg
2193	9.000000	c9\img_79389.jpg
1337	5.000000	c5\img_67675.jpg
957	4.000000	c4\img_15088.jpg
1294	5.000000	c5\img_48219.jpg
247	0.000000	c0\img_99635.jpg
1215	5.000000	c5\img_19611.jpg
1356	5.000000	c5\img_75026.jpg
1007	4.000000	c4\img_37120.jpg
1507	6.000000	c6\img_48390.jpg
1321	5.000000	c5\img_60274.jpg
2183	9.000000	c9\img_72049.jpg
2005	8.000000	c8\img_85957.jpg
760	3.000000	c3\img_28978.jpg
283	1.000000	c1\img_19099.jpg
270	1.000000	c1\img_15989.jpg
1211	5.000000	c5\img_18146.jpg
631	2.000000	c2\img_63309.jpg
1776	7.000000	c7\img_71866.jpg
1461	6.000000	c6\img_23850.jpg
1002	4.000000	c4\img_35072.jpg
1814	7.000000	c7\img_90460.jpg
1310	5.000000	c5\img_56202.jpg
875	3.000000	c3\img_74030.jpg
1798	7.000000	c7\img_80730.jpg
1200	5.000000	c5\img_1395.jpg
592	2.000000	c2\img_51809.jpg
1943	8.000000	c8\img_54657.jpg
110	0.000000	c0\img_48175.jpg
1647	7.000000	c7\img_11499.jpg
1242	5.000000	c5\img_30208.jpg
949	4.000000	c4\img_101471.jpg
263	1.000000	c1\img_14796.jpg
194	0.000000	c0\img_80290.jpg
36	0.000000	c0\img_20759.jpg
242	0.000000	c0\img_98275.jpg
1094	4.000000	c4\img_72477.jpg
1796	7.000000	c7\img_77857.jpg
2015	8.000000	c8\img_90746.jpg
414	1.000000	c1\img_73610.jpg
441	1.000000	c1\img_86827.jpg
117	0.000000	c0\img_50246.jpg
756	3.000000	c3\img_27995.jpg
315	1.000000	c1\img_31004.jpg
1621	6.000000	c6\img_92820.jpg
1070	4.000000	c4\img_65880.jpg
1035	4.000000	c4\img_48750.jpg
1809	7.000000	c7\img_86464.jpg
1738	7.000000	c7\img_54414.jpg
1159	4.000000	c4\img_9376.jpg
1311	5.000000	c5\img_5653.jpg
89	0.000000	c0\img_40967.jpg
1499	6.000000	c6\img_4239.jpg
366	1.000000	c1\img_55951.jpg
1691	7.000000	c7\img_30390.jpg
1939	8.000000	c8\img_50570.jpg
297	1.000000	c1\img_23966.jpg
391	1.000000	c1\img_64525.jpg
788	3.000000	c3\img_38733.jpg
1610	6.000000	c6\img_88304.jpg
118	0.000000	c0\img_50295.jpg
1714	7.000000	c7\img_4199.jpg
1394	5.000000	c5\img_9277.jpg
145	0.000000	c0\img_59907.jpg
307	1.000000	c1\img_28679.jpg
472	1.000000	c1\img_98261.jpg
1720	7.000000	c7\img_46943.jpg
2234	9.000000	c9\img_98296.jpg
184	0.000000	c0\img_74623.jpg
2085	9.000000	c9\img_33260.jpg
1191	5.000000	c5\img_12126.jpg
2161	9.000000	c9\img_65440.jpg
1495	6.000000	c6\img_4090.jpg
1973	8.000000	c8\img_72701.jpg
859	3.000000	c3\img_65086.jpg
660	2.000000	c2\img_77863.jpg
1548	6.000000	c6\img_62896.jpg
304	1.000000	c1\img_26063.jpg
681	2.000000	c2\img_87247.jpg
1903	8.000000	c8\img_35337.jpg
640	2.000000	c2\img_69894.jpg
1452	6.000000	c6\img_19796.jpg
1099	4.000000	c4\img_73177.jpg
1797	7.000000	c7\img_78979.jpg
280	1.000000	c1\img_18230.jpg
726	3.000000	c3\img_13542.jpg
2039	9.000000	c9\img_13253.jpg
1984	8.000000	c8\img_7590.jpg
1547	6.000000	c6\img_62683.jpg
137	0.000000	c0\img_56181.jpg
443	1.000000	c1\img_87088.jpg
2218	9.000000	c9\img_90247.jpg
1304	5.000000	c5\img_54197.jpg
46	0.000000	c0\img_26185.jpg
2080	9.000000	c9\img_29906.jpg
1194	5.000000	c5\img_12550.jpg
1162	4.000000	c4\img_95363.jpg
1050	4.000000	c4\img_54866.jpg
310	1.000000	c1\img_29400.jpg
1876	8.000000	c8\img_23033.jpg
48	0.000000	c0\img_27568.jpg
2006	8.000000	c8\img_8649.jpg
830	3.000000	c3\img_53871.jpg
1705	7.000000	c7\img_36861.jpg
1832	7.000000	c7\img_96775.jpg
1358	5.000000	c5\img_75380.jpg
423	1.000000	c1\img_7837.jpg
1613	6.000000	c6\img_88469.jpg
108	0.000000	c0\img_47017.jpg
1694	7.000000	c7\img_33282.jpg
563	2.000000	c2\img_39882.jpg
552	2.000000	c2\img_3352.jpg
1481	6.000000	c6\img_33560.jpg
2237	9.000000	c9\img_98618.jpg
428	1.000000	c1\img_79938.jpg
1498	6.000000	c6\img_42010.jpg
893	3.000000	c3\img_80287.jpg
2111	9.000000	c9\img_41912.jpg
90	0.000000	c0\img_41128.jpg
77	0.000000	c0\img_36619.jpg
1806	7.000000	c7\img_83419.jpg
1909	8.000000	c8\img_38860.jpg
1346	5.000000	c5\img_7177.jpg
1622	6.000000	c6\img_9292.jpg
103	0.000000	c0\img_46034.jpg
1749	7.000000	c7\img_59067.jpg
668	2.000000	c2\img_81800.jpg
1899	8.000000	c8\img_33256.jpg
1026	4.000000	c4\img_45526.jpg
1740	7.000000	c7\img_56577.jpg
2195	9.000000	c9\img_80769.jpg
1603	6.000000	c6\img_85370.jpg
2007	8.000000	c8\img_86546.jpg
1616	6.000000	c6\img_90585.jpg
1557	6.000000	c6\img_6821.jpg
2045	9.000000	c9\img_14238.jpg
907	3.000000	c3\img_87014.jpg
1384	5.000000	c5\img_88681.jpg
2054	9.000000	c9\img_19.jpg
177	0.000000	c0\img_73049.jpg
1151	4.000000	c4\img_91307.jpg
628	2.000000	c2\img_62433.jpg
408	1.000000	c1\img_70921.jpg
397	1.000000	c1\img_66072.jpg
331	1.000000	c1\img_37328.jpg
1651	7.000000	c7\img_13805.jpg
1431	6.000000	c6\img_13932.jpg
1751	7.000000	c7\img_59152.jpg
439	1.000000	c1\img_85694.jpg
1150	4.000000	c4\img_91039.jpg
1601	6.000000	c6\img_83776.jpg
1581	6.000000	c6\img_75536.jpg
95	0.000000	c0\img_43532.jpg
2233	9.000000	c9\img_98182.jpg
1477	6.000000	c6\img_32311.jpg
463	1.000000	c1\img_94991.jpg
1382	5.000000	c5\img_88035.jpg
384	1.000000	c1\img_63201.jpg
1245	5.000000	c5\img_31824.jpg
112	0.000000	c0\img_48547.jpg
838	3.000000	c3\img_56746.jpg
2201	9.000000	c9\img_83465.jpg
437	1.000000	c1\img_84847.jpg
2228	9.000000	c9\img_96054.jpg
1741	7.000000	c7\img_56938.jpg
1450	6.000000	c6\img_19675.jpg
339	1.000000	c1\img_43819.jpg
914	3.000000	c3\img_90046.jpg
1739	7.000000	c7\img_56552.jpg
2032	9.000000	c9\img_101705.jpg
623	2.000000	c2\img_60764.jpg
2241	9.000000	c9\img_99440.jpg
1380	5.000000	c5\img_87070.jpg
1804	7.000000	c7\img_83335.jpg
421	1.000000	c1\img_77290.jpg
1326	5.000000	c5\img_65234.jpg
1404	5.000000	c5\img_99270.jpg
635	2.000000	c2\img_64645.jpg
1545	6.000000	c6\img_62220.jpg
960	4.000000	c4\img_16093.jpg
1433	6.000000	c6\img_14189.jpg
377	1.000000	c1\img_61667.jpg
561	2.000000	c2\img_38038.jpg
109	0.000000	c0\img_47225.jpg
255	1.000000	c1\img_11484.jpg
670	2.000000	c2\img_84270.jpg
395	1.000000	c1\img_64887.jpg
2029	8.000000	c8\img_99709.jpg
40	0.000000	c0\img_22011.jpg
511	2.000000	c2\img_22345.jpg
499	2.000000	c2\img_17252.jpg
513	2.000000	c2\img_23318.jpg
1768	7.000000	c7\img_66456.jpg
2126	9.000000	c9\img_46726.jpg
1652	7.000000	c7\img_13873.jpg
222	0.000000	c0\img_92795.jpg
1014	4.000000	c4\img_40976.jpg
2134	9.000000	c9\img_5361.jpg
939	3.000000	c3\img_99374.jpg
2098	9.000000	c9\img_37267.jpg
2157	9.000000	c9\img_63234.jpg
1788	7.000000	c7\img_74700.jpg
1092	4.000000	c4\img_72226.jpg
1524	6.000000	c6\img_53041.jpg
727	3.000000	c3\img_14229.jpg
1076	4.000000	c4\img_68215.jpg
840	3.000000	c3\img_57710.jpg
1155	4.000000	c4\img_92769.jpg
2106	9.000000	c9\img_40018.jpg
2229	9.000000	c9\img_96297.jpg
1898	8.000000	c8\img_32665.jpg
365	1.000000	c1\img_55432.jpg
104	0.000000	c0\img_46229.jpg
583	2.000000	c2\img_4805.jpg
555	2.000000	c2\img_34538.jpg
229	0.000000	c0\img_9368.jpg
598	2.000000	c2\img_54278.jpg
1701	7.000000	c7\img_35412.jpg
951	4.000000	c4\img_101957.jpg
1137	4.000000	c4\img_85595.jpg
272	1.000000	c1\img_16317.jpg
1931	8.000000	c8\img_48213.jpg
1673	7.000000	c7\img_22612.jpg
2220	9.000000	c9\img_91182.jpg
2022	8.000000	c8\img_96734.jpg
485	2.000000	c2\img_13764.jpg
183	0.000000	c0\img_74590.jpg
1911	8.000000	c8\img_3945.jpg
302	1.000000	c1\img_25397.jpg
1957	8.000000	c8\img_65947.jpg
621	2.000000	c2\img_59935.jpg
1250	5.000000	c5\img_32752.jpg
451	1.000000	c1\img_8943.jpg
653	2.000000	c2\img_7486.jpg
900	3.000000	c3\img_83592.jpg
1914	8.000000	c8\img_40284.jpg
579	2.000000	c2\img_46704.jpg
1597	6.000000	c6\img_82113.jpg
2127	9.000000	c9\img_46908.jpg
261	1.000000	c1\img_13531.jpg
161	0.000000	c0\img_67320.jpg
1142	4.000000	c4\img_88290.jpg
1679	7.000000	c7\img_24500.jpg
1052	4.000000	c4\img_55626.jpg
1031	4.000000	c4\img_4736.jpg
1886	8.000000	c8\img_28073.jpg
12	0.000000	c0\img_14757.jpg
1057	4.000000	c4\img_56830.jpg
534	2.000000	c2\img_28194.jpg
1108	4.000000	c4\img_75239.jpg
1112	4.000000	c4\img_76277.jpg
1305	5.000000	c5\img_5460.jpg
105	0.000000	c0\img_46234.jpg
265	1.000000	c1\img_14936.jpg
1017	4.000000	c4\img_41698.jpg
994	4.000000	c4\img_31067.jpg
861	3.000000	c3\img_65566.jpg
1885	8.000000	c8\img_27663.jpg
708	3.000000	c3\img_10068.jpg
133	0.000000	c0\img_55301.jpg
1669	7.000000	c7\img_22221.jpg
2214	9.000000	c9\img_88790.jpg
340	1.000000	c1\img_44245.jpg
849	3.000000	c3\img_61068.jpg
829	3.000000	c3\img_53600.jpg
993	4.000000	c4\img_31046.jpg
920	3.000000	c3\img_9266.jpg
2187	9.000000	c9\img_75530.jpg
1659	7.000000	c7\img_16156.jpg
2216	9.000000	c9\img_89022.jpg
654	2.000000	c2\img_74929.jpg
349	1.000000	c1\img_49048.jpg
617	2.000000	c2\img_59295.jpg
2167	9.000000	c9\img_67234.jpg
389	1.000000	c1\img_64207.jpg
1630	6.000000	c6\img_95040.jpg
1585	6.000000	c6\img_78403.jpg
1670	7.000000	c7\img_22226.jpg
1333	5.000000	c5\img_66681.jpg
784	3.000000	c3\img_37584.jpg
741	3.000000	c3\img_19992.jpg
1393	5.000000	c5\img_92127.jpg
2090	9.000000	c9\img_35288.jpg
842	3.000000	c3\img_57996.jpg
611	2.000000	c2\img_5722.jpg
424	1.000000	c1\img_78685.jpg
49	0.000000	c0\img_27877.jpg
2044	9.000000	c9\img_14162.jpg
1077	4.000000	c4\img_68258.jpg
2143	9.000000	c9\img_56371.jpg
2114	9.000000	c9\img_4275.jpg
260	1.000000	c1\img_1326.jpg
1020	4.000000	c4\img_42776.jpg
578	2.000000	c2\img_46345.jpg
2035	9.000000	c9\img_10731.jpg
976	4.000000	c4\img_22983.jpg
1987	8.000000	c8\img_76358.jpg
804	3.000000	c3\img_44228.jpg
2160	9.000000	c9\img_64984.jpg
484	2.000000	c2\img_1341.jpg
1411	6.000000	c6\img_101718.jpg
1363	5.000000	c5\img_76603.jpg
2048	9.000000	c9\img_15583.jpg
1859	8.000000	c8\img_15331.jpg
1539	6.000000	c6\img_59654.jpg
1828	7.000000	c7\img_93920.jpg
20	0.000000	c0\img_16714.jpg
206	0.000000	c0\img_86237.jpg
998	4.000000	c4\img_32925.jpg
869	3.000000	c3\img_70362.jpg
2017	8.000000	c8\img_90913.jpg
2210	9.000000	c9\img_86563.jpg
2150	9.000000	c9\img_59938.jpg
1043	4.000000	c4\img_51775.jpg
271	1.000000	c1\img_16267.jpg
746	3.000000	c3\img_23244.jpg
820	3.000000	c3\img_49473.jpg
997	4.000000	c4\img_32364.jpg
537	2.000000	c2\img_29742.jpg
1170	4.000000	c4\img_98481.jpg
1438	6.000000	c6\img_15592.jpg
719	3.000000	c3\img_11275.jpg
2177	9.000000	c9\img_70712.jpg
368	1.000000	c1\img_57326.jpg
2152	9.000000	c9\img_6084.jpg
1949	8.000000	c8\img_59783.jpg
1785	7.000000	c7\img_74363.jpg
549	2.000000	c2\img_31740.jpg
78	0.000000	c0\img_37094.jpg
1686	7.000000	c7\img_29866.jpg
480	2.000000	c2\img_11018.jpg
1665	7.000000	c7\img_19095.jpg
378	1.000000	c1\img_62070.jpg
1441	6.000000	c6\img_17696.jpg
1998	8.000000	c8\img_82784.jpg
1241	5.000000	c5\img_28973.jpg
646	2.000000	c2\img_71583.jpg
1198	5.000000	c5\img_13299.jpg
1342	5.000000	c5\img_69055.jpg
1146	4.000000	c4\img_89667.jpg
4	0.000000	c0\img_10792.jpg
502	2.000000	c2\img_18242.jpg
918	3.000000	c3\img_92349.jpg
1297	5.000000	c5\img_49511.jpg
1966	8.000000	c8\img_69425.jpg
1223	5.000000	c5\img_22049.jpg
308	1.000000	c1\img_28862.jpg
577	2.000000	c2\img_46332.jpg
130	0.000000	c0\img_54739.jpg
1089	4.000000	c4\img_70761.jpg
403	1.000000	c1\img_69096.jpg
774	3.000000	c3\img_33672.jpg
1801	7.000000	c7\img_81595.jpg
910	3.000000	c3\img_88895.jpg
197	0.000000	c0\img_82101.jpg
1753	7.000000	c7\img_59647.jpg
996	4.000000	c4\img_3187.jpg
1460	6.000000	c6\img_23402.jpg
31	0.000000	c0\img_19051.jpg
986	4.000000	c4\img_26853.jpg
357	1.000000	c1\img_53619.jpg
2141	9.000000	c9\img_55.jpg
75	0.000000	c0\img_35779.jpg
1287	5.000000	c5\img_46237.jpg
163	0.000000	c0\img_68261.jpg
748	3.000000	c3\img_24974.jpg
1214	5.000000	c5\img_19310.jpg
1537	6.000000	c6\img_58294.jpg
530	2.000000	c2\img_26588.jpg
2128	9.000000	c9\img_47109.jpg
1059	4.000000	c4\img_57436.jpg
1750	7.000000	c7\img_5912.jpg
1469	6.000000	c6\img_26918.jpg
2199	9.000000	c9\img_82259.jpg
1237	5.000000	c5\img_27143.jpg
1901	8.000000	c8\img_34727.jpg
390	1.000000	c1\img_64390.jpg
675	2.000000	c2\img_85758.jpg
61	0.000000	c0\img_31785.jpg
1065	4.000000	c4\img_61548.jpg
147	0.000000	c0\img_60985.jpg
430	1.000000	c1\img_83086.jpg
1426	6.000000	c6\img_13092.jpg
211	0.000000	c0\img_87669.jpg
2115	9.000000	c9\img_43316.jpg
791	3.000000	c3\img_39542.jpg
759	3.000000	c3\img_28902.jpg
1414	6.000000	c6\img_10291.jpg
135	0.000000	c0\img_55583.jpg
2130	9.000000	c9\img_49831.jpg
1602	6.000000	c6\img_8395.jpg
1385	5.000000	c5\img_89040.jpg
995	4.000000	c4\img_31570.jpg
1891	8.000000	c8\img_29381.jpg
909	3.000000	c3\img_87603.jpg
947	4.000000	c4\img_101029.jpg
879	3.000000	c3\img_75233.jpg
1822	7.000000	c7\img_92745.jpg
1000	4.000000	c4\img_3446.jpg
74	0.000000	c0\img_35549.jpg
1282	5.000000	c5\img_43655.jpg
942	3.000000	c3\img_99906.jpg
235	0.000000	c0\img_95056.jpg
2173	9.000000	c9\img_6919.jpg
1710	7.000000	c7\img_39371.jpg
1855	8.000000	c8\img_13646.jpg
1368	5.000000	c5\img_78328.jpg
738	3.000000	c3\img_18343.jpg
123	0.000000	c0\img_52394.jpg
1291	5.000000	c5\img_46764.jpg
2140	9.000000	c9\img_54789.jpg
1006	4.000000	c4\img_36999.jpg
1081	4.000000	c4\img_69188.jpg
615	2.000000	c2\img_58777.jpg
1457	6.000000	c6\img_21168.jpg
1514	6.000000	c6\img_50626.jpg
752	3.000000	c3\img_25891.jpg
34	0.000000	c0\img_20192.jpg
2003	8.000000	c8\img_84959.jpg
2062	9.000000	c9\img_22446.jpg
344	1.000000	c1\img_462.jpg
2189	9.000000	c9\img_76926.jpg
935	3.000000	c3\img_98185.jpg
338	1.000000	c1\img_43798.jpg
1693	7.000000	c7\img_31104.jpg
1449	6.000000	c6\img_1952.jpg
1428	6.000000	c6\img_13497.jpg
1632	6.000000	c6\img_95498.jpg
2094	9.000000	c9\img_36439.jpg
1916	8.000000	c8\img_40554.jpg
1918	8.000000	c8\img_40824.jpg
1733	7.000000	c7\img_52127.jpg
2174	9.000000	c9\img_69396.jpg
2061	9.000000	c9\img_22323.jpg
2109	9.000000	c9\img_40697.jpg
1655	7.000000	c7\img_15043.jpg
771	3.000000	c3\img_32697.jpg
952	4.000000	c4\img_102118.jpg
2179	9.000000	c9\img_71174.jpg
1480	6.000000	c6\img_33148.jpg
128	0.000000	c0\img_54415.jpg
1484	6.000000	c6\img_3488.jpg
1654	7.000000	c7\img_14986.jpg
618	2.000000	c2\img_59380.jpg
1818	7.000000	c7\img_91037.jpg
2064	9.000000	c9\img_23293.jpg
1559	6.000000	c6\img_68703.jpg
1218	5.000000	c5\img_20291.jpg
1029	4.000000	c4\img_4637.jpg
73	0.000000	c0\img_35203.jpg
1681	7.000000	c7\img_26580.jpg
1786	7.000000	c7\img_74476.jpg
2230	9.000000	c9\img_96651.jpg
677	2.000000	c2\img_86702.jpg
1193	5.000000	c5\img_12211.jpg
1880	8.000000	c8\img_2378.jpg
201	0.000000	c0\img_83911.jpg
392	1.000000	c1\img_64606.jpg
2004	8.000000	c8\img_85511.jpg
1930	8.000000	c8\img_4734.jpg
2020	8.000000	c8\img_94489.jpg
2034	9.000000	c9\img_1069.jpg
2104	9.000000	c9\img_39424.jpg
205	0.000000	c0\img_86168.jpg
682	2.000000	c2\img_87286.jpg
1440	6.000000	c6\img_16683.jpg
120	0.000000	c0\img_51066.jpg
1780	7.000000	c7\img_72873.jpg
1290	5.000000	c5\img_46664.jpg
1501	6.000000	c6\img_42785.jpg
1473	6.000000	c6\img_28772.jpg
449	1.000000	c1\img_8888.jpg
1551	6.000000	c6\img_66165.jpg
433	1.000000	c1\img_83762.jpg
1167	4.000000	c4\img_97621.jpg
1360	5.000000	c5\img_75985.jpg
2013	8.000000	c8\img_89839.jpg
1865	8.000000	c8\img_16872.jpg
380	1.000000	c1\img_62375.jpg
1614	6.000000	c6\img_88564.jpg
1663	7.000000	c7\img_17812.jpg
379	1.000000	c1\img_62226.jpg
572	2.000000	c2\img_44660.jpg
208	0.000000	c0\img_86533.jpg
21	0.000000	c0\img_17152.jpg
2027	8.000000	c8\img_97904.jpg
813	3.000000	c3\img_47426.jpg
1625	6.000000	c6\img_94078.jpg
79	0.000000	c0\img_37234.jpg
799	3.000000	c3\img_42751.jpg
1959	8.000000	c8\img_66402.jpg
514	2.000000	c2\img_23349.jpg
2164	9.000000	c9\img_66255.jpg
1730	7.000000	c7\img_5037.jpg
1628	6.000000	c6\img_94801.jpg
933	3.000000	c3\img_9699.jpg
1988	8.000000	c8\img_76851.jpg
1579	6.000000	c6\img_74645.jpg
1023	4.000000	c4\img_4460.jpg
531	2.000000	c2\img_26771.jpg
692	2.000000	c2\img_90432.jpg
1994	8.000000	c8\img_80932.jpg
1735	7.000000	c7\img_53193.jpg
1106	4.000000	c4\img_74161.jpg
1329	5.000000	c5\img_66432.jpg
1317	5.000000	c5\img_59456.jpg
1892	8.000000	c8\img_29553.jpg
858	3.000000	c3\img_65026.jpg
102	0.000000	c0\img_45671.jpg
371	1.000000	c1\img_58510.jpg
934	3.000000	c3\img_97911.jpg
45	0.000000	c0\img_26025.jpg
695	2.000000	c2\img_91676.jpg
1777	7.000000	c7\img_71872.jpg
7	0.000000	c0\img_12951.jpg
1464	6.000000	c6\img_24525.jpg
2036	9.000000	c9\img_10755.jpg
1126	4.000000	c4\img_82202.jpg
895	3.000000	c3\img_80807.jpg
711	3.000000	c3\img_101994.jpg
187	0.000000	c0\img_75764.jpg
200	0.000000	c0\img_83654.jpg
1664	7.000000	c7\img_18290.jpg
215	0.000000	c0\img_90333.jpg
1134	4.000000	c4\img_85134.jpg
1115	4.000000	c4\img_77761.jpg
1390	5.000000	c5\img_90724.jpg
2000	8.000000	c8\img_8407.jpg
1175	4.000000	c4\img_99624.jpg
1962	8.000000	c8\img_67701.jpg
649	2.000000	c2\img_72095.jpg
171	0.000000	c0\img_70220.jpg
1169	4.000000	c4\img_97945.jpg
929	3.000000	c3\img_95879.jpg
50	0.000000	c0\img_28145.jpg
142	0.000000	c0\img_5929.jpg
303	1.000000	c1\img_25600.jpg
1166	4.000000	c4\img_97436.jpg
92	0.000000	c0\img_42514.jpg
1164	4.000000	c4\img_96070.jpg
1124	4.000000	c4\img_81986.jpg
1658	7.000000	c7\img_15974.jpg
1904	8.000000	c8\img_36310.jpg
938	3.000000	c3\img_99007.jpg
1550	6.000000	c6\img_65492.jpg
1319	5.000000	c5\img_59755.jpg
1011	4.000000	c4\img_40516.jpg
1793	7.000000	c7\img_77164.jpg
203	0.000000	c0\img_84894.jpg
810	3.000000	c3\img_468.jpg
146	0.000000	c0\img_60026.jpg
625	2.000000	c2\img_61397.jpg
1213	5.000000	c5\img_19279.jpg
1308	5.000000	c5\img_5584.jpg
1502	6.000000	c6\img_42943.jpg
931	3.000000	c3\img_96465.jpg
989	4.000000	c4\img_27178.jpg
2172	9.000000	c9\img_69098.jpg
1783	7.000000	c7\img_73441.jpg
1144	4.000000	c4\img_89067.jpg
126	0.000000	c0\img_52557.jpg
351	1.000000	c1\img_51515.jpg
410	1.000000	c1\img_71013.jpg
319	1.000000	c1\img_32297.jpg
956	4.000000	c4\img_14895.jpg
1924	8.000000	c8\img_43052.jpg
1494	6.000000	c6\img_39802.jpg
1451	6.000000	c6\img_19690.jpg
1992	8.000000	c8\img_78411.jpg
374	1.000000	c1\img_60990.jpg
2194	9.000000	c9\img_80387.jpg
243	0.000000	c0\img_98494.jpg
1752	7.000000	c7\img_59527.jpg
767	3.000000	c3\img_31862.jpg
2239	9.000000	c9\img_99295.jpg
566	2.000000	c2\img_41294.jpg
1216	5.000000	c5\img_20012.jpg
672	2.000000	c2\img_84527.jpg
289	1.000000	c1\img_20734.jpg
1490	6.000000	c6\img_36519.jpg
828	3.000000	c3\img_53253.jpg
1970	8.000000	c8\img_70836.jpg
1607	6.000000	c6\img_879.jpg
57	0.000000	c0\img_31032.jpg
1504	6.000000	c6\img_46301.jpg
1479	6.000000	c6\img_32421.jpg
2207	9.000000	c9\img_85632.jpg
1056	4.000000	c4\img_56731.jpg
580	2.000000	c2\img_47662.jpg
987	4.000000	c4\img_26929.jpg
872	3.000000	c3\img_72441.jpg
1148	4.000000	c4\img_89957.jpg
2159	9.000000	c9\img_64680.jpg
1275	5.000000	c5\img_39485.jpg
1890	8.000000	c8\img_29290.jpg
62	0.000000	c0\img_31885.jpg
1731	7.000000	c7\img_5175.jpg
1961	8.000000	c8\img_66573.jpg
574	2.000000	c2\img_45607.jpg
1208	5.000000	c5\img_17939.jpg
1301	5.000000	c5\img_52293.jpg
1149	4.000000	c4\img_90874.jpg
613	2.000000	c2\img_58397.jpg
2019	8.000000	c8\img_93136.jpg
582	2.000000	c2\img_48034.jpg
581	2.000000	c2\img_47981.jpg
2025	8.000000	c8\img_97624.jpg
470	1.000000	c1\img_97598.jpg
1270	5.000000	c5\img_38067.jpg
1674	7.000000	c7\img_22678.jpg
1296	5.000000	c5\img_49419.jpg
2190	9.000000	c9\img_78318.jpg
352	1.000000	c1\img_51649.jpg
1350	5.000000	c5\img_7390.jpg
722	3.000000	c3\img_1317.jpg
825	3.000000	c3\img_52357.jpg
290	1.000000	c1\img_21096.jpg
958	4.000000	c4\img_15378.jpg
964	4.000000	c4\img_17467.jpg
812	3.000000	c3\img_47421.jpg
2033	9.000000	c9\img_10224.jpg
1879	8.000000	c8\img_23776.jpg
2171	9.000000	c9\img_68926.jpg
1772	7.000000	c7\img_71003.jpg
477	2.000000	c2\img_102090.jpg
1299	5.000000	c5\img_51395.jpg
1039	4.000000	c4\img_50455.jpg
905	3.000000	c3\img_86219.jpg
636	2.000000	c2\img_66384.jpg
1366	5.000000	c5\img_7779.jpg
321	1.000000	c1\img_32563.jpg
209	0.000000	c0\img_86714.jpg
543	2.000000	c2\img_30728.jpg
641	2.000000	c2\img_70170.jpg
656	2.000000	c2\img_76136.jpg
1320	5.000000	c5\img_59929.jpg
2031	9.000000	c9\img_101325.jpg
587	2.000000	c2\img_50063.jpg
1273	5.000000	c5\img_39216.jpg
1852	8.000000	c8\img_12041.jpg
2206	9.000000	c9\img_84697.jpg
1176	5.000000	c5\img_100121.jpg
1803	7.000000	c7\img_82387.jpg
1528	6.000000	c6\img_53635.jpg
1723	7.000000	c7\img_48335.jpg
1341	5.000000	c5\img_69003.jpg
413	1.000000	c1\img_72243.jpg
1383	5.000000	c5\img_88375.jpg
1209	5.000000	c5\img_18028.jpg
2002	8.000000	c8\img_84337.jpg
52	0.000000	c0\img_2992.jpg
705	2.000000	c2\img_97878.jpg
2053	9.000000	c9\img_18669.jpg
1626	6.000000	c6\img_94274.jpg
2069	9.000000	c9\img_2454.jpg
1080	4.000000	c4\img_68837.jpg
189	0.000000	c0\img_77606.jpg
1446	6.000000	c6\img_18707.jpg
2018	8.000000	c8\img_91228.jpg
1841	8.000000	c8\img_101096.jpg
553	2.000000	c2\img_34386.jpg
330	1.000000	c1\img_37266.jpg
2192	9.000000	c9\img_79074.jpg
429	1.000000	c1\img_81487.jpg
817	3.000000	c3\img_4842.jpg
1068	4.000000	c4\img_62615.jpg
251	1.000000	c1\img_10229.jpg
801	3.000000	c3\img_43136.jpg
156	0.000000	c0\img_65674.jpg
2208	9.000000	c9\img_85817.jpg
597	2.000000	c2\img_54046.jpg
735	3.000000	c3\img_17454.jpg
1217	5.000000	c5\img_20143.jpg
2079	9.000000	c9\img_29556.jpg
1276	5.000000	c5\img_4041.jpg
2196	9.000000	c9\img_81375.jpg
2058	9.000000	c9\img_21310.jpg
282	1.000000	c1\img_18831.jpg
2169	9.000000	c9\img_68108.jpg
521	2.000000	c2\img_23946.jpg
843	3.000000	c3\img_58967.jpg
983	4.000000	c4\img_26388.jpg
1377	5.000000	c5\img_84217.jpg
1347	5.000000	c5\img_72051.jpg
1453	6.000000	c6\img_20609.jpg
1553	6.000000	c6\img_66687.jpg
763	3.000000	c3\img_30491.jpg
1303	5.000000	c5\img_54110.jpg
69	0.000000	c0\img_34135.jpg
2108	9.000000	c9\img_40415.jpg
2122	9.000000	c9\img_46230.jpg
0	0.000000	c0\img_101015.jpg
792	3.000000	c3\img_39678.jpg
475	1.000000	c1\img_99452.jpg
864	3.000000	c3\img_67160.jpg
151	0.000000	c0\img_62781.jpg
570	2.000000	c2\img_42951.jpg
2223	9.000000	c9\img_93509.jpg
1896	8.000000	c8\img_31819.jpg
712	3.000000	c3\img_102064.jpg
1364	5.000000	c5\img_76680.jpg
1953	8.000000	c8\img_63216.jpg
1133	4.000000	c4\img_84831.jpg
1541	6.000000	c6\img_6089.jpg
1737	7.000000	c7\img_53811.jpg
978	4.000000	c4\img_23632.jpg
1800	7.000000	c7\img_81.jpg
333	1.000000	c1\img_39643.jpg
1517	6.000000	c6\img_51067.jpg
1869	8.000000	c8\img_19543.jpg
634	2.000000	c2\img_64545.jpg
547	2.000000	c2\img_31643.jpg
779	3.000000	c3\img_35391.jpg
1372	5.000000	c5\img_82158.jpg
457	1.000000	c1\img_91550.jpg
1839	8.000000	c8\img_100961.jpg
232	0.000000	c0\img_94525.jpg
2132	9.000000	c9\img_50864.jpg
453	1.000000	c1\img_90351.jpg
782	3.000000	c3\img_3715.jpg
793	3.000000	c3\img_39698.jpg
876	3.000000	c3\img_74049.jpg
2178	9.000000	c9\img_71080.jpg
41	0.000000	c0\img_23874.jpg
119	0.000000	c0\img_50942.jpg
1529	6.000000	c6\img_54059.jpg
1044	4.000000	c4\img_51903.jpg
65	0.000000	c0\img_32779.jpg
286	1.000000	c1\img_20213.jpg
1592	6.000000	c6\img_80221.jpg
1168	4.000000	c4\img_97831.jpg
1143	4.000000	c4\img_89043.jpg
2016	8.000000	c8\img_90873.jpg
970	4.000000	c4\img_18625.jpg
1386	5.000000	c5\img_89131.jpg
1593	6.000000	c6\img_80274.jpg
1456	6.000000	c6\img_21008.jpg
1831	7.000000	c7\img_96751.jpg
796	3.000000	c3\img_41685.jpg
787	3.000000	c3\img_38619.jpg
2125	9.000000	c9\img_46648.jpg
1074	4.000000	c4\img_67338.jpg
607	2.000000	c2\img_56236.jpg
633	2.000000	c2\img_64407.jpg
839	3.000000	c3\img_5736.jpg
354	1.000000	c1\img_5213.jpg
969	4.000000	c4\img_18549.jpg
491	2.000000	c2\img_15124.jpg
1544	6.000000	c6\img_61911.jpg
1563	6.000000	c6\img_69392.jpg
292	1.000000	c1\img_21737.jpg
497	2.000000	c2\img_16635.jpg
1182	5.000000	c5\img_1016.jpg
1500	6.000000	c6\img_42629.jpg
2238	9.000000	c9\img_98631.jpg
2083	9.000000	c9\img_31845.jpg
1578	6.000000	c6\img_74166.jpg
1928	8.000000	c8\img_46040.jpg
821	3.000000	c3\img_5051.jpg
2162	9.000000	c9\img_65486.jpg
18	0.000000	c0\img_16474.jpg
797	3.000000	c3\img_41820.jpg
586	2.000000	c2\img_49761.jpg
1314	5.000000	c5\img_57852.jpg
1684	7.000000	c7\img_29630.jpg
420	1.000000	c1\img_77247.jpg
288	1.000000	c1\img_20667.jpg
968	4.000000	c4\img_18519.jpg
257	1.000000	c1\img_11996.jpg
1082	4.000000	c4\img_69524.jpg
2165	9.000000	c9\img_66278.jpg
1302	5.000000	c5\img_52817.jpg
1001	4.000000	c4\img_34627.jpg
917	3.000000	c3\img_91214.jpg
1627	6.000000	c6\img_94516.jpg
405	1.000000	c1\img_69182.jpg
1662	7.000000	c7\img_16851.jpg
2087	9.000000	c9\img_33595.jpg
2185	9.000000	c9\img_74819.jpg
1470	6.000000	c6\img_27418.jpg
1680	7.000000	c7\img_24959.jpg
922	3.000000	c3\img_92990.jpg
19	0.000000	c0\img_16568.jpg
1756	7.000000	c7\img_6061.jpg
590	2.000000	c2\img_50667.jpg
3	0.000000	c0\img_10446.jpg
2091	9.000000	c9\img_35387.jpg
921	3.000000	c3\img_9271.jpg
164	0.000000	c0\img_6874.jpg
1395	5.000000	c5\img_93857.jpg
1234	5.000000	c5\img_25690.jpg
1531	6.000000	c6\img_54808.jpg
1405	5.000000	c5\img_99307.jpg
1618	6.000000	c6\img_91327.jpg
506	2.000000	c2\img_20122.jpg
888	3.000000	c3\img_77390.jpg
1152	4.000000	c4\img_91908.jpg
1653	7.000000	c7\img_14644.jpg
363	1.000000	c1\img_54572.jpg
1792	7.000000	c7\img_76561.jpg
679	2.000000	c2\img_87218.jpg
809	3.000000	c3\img_46661.jpg
1769	7.000000	c7\img_6778.jpg
1975	8.000000	c8\img_73393.jpg
831	3.000000	c3\img_5479.jpg
318	1.000000	c1\img_31913.jpg
1455	6.000000	c6\img_20928.jpg
1253	5.000000	c5\img_3360.jpg
693	2.000000	c2\img_90856.jpg
174	0.000000	c0\img_71214.jpg
1084	4.000000	c4\img_69668.jpg
427	1.000000	c1\img_79931.jpg
1293	5.000000	c5\img_48108.jpg
2175	9.000000	c9\img_70035.jpg
1256	5.000000	c5\img_34098.jpg
1004	4.000000	c4\img_36036.jpg
1811	7.000000	c7\img_87830.jpg
185	0.000000	c0\img_74965.jpg
176	0.000000	c0\img_72543.jpg
373	1.000000	c1\img_60804.jpg
637	2.000000	c2\img_67164.jpg
1289	5.000000	c5\img_46529.jpg
1401	5.000000	c5\img_97222.jpg
1015	4.000000	c4\img_41172.jpg
87	0.000000	c0\img_39071.jpg
1403	5.000000	c5\img_98614.jpg
1132	4.000000	c4\img_84579.jpg
1281	5.000000	c5\img_43426.jpg
1576	6.000000	c6\img_7391.jpg
1513	6.000000	c6\img_50354.jpg
569	2.000000	c2\img_42273.jpg
1091	4.000000	c4\img_71935.jpg
981	4.000000	c4\img_25593.jpg
1925	8.000000	c8\img_43109.jpg
1285	5.000000	c5\img_45969.jpg
564	2.000000	c2\img_39895.jpg
1629	6.000000	c6\img_9492.jpg
1687	7.000000	c7\img_29975.jpg
2146	9.000000	c9\img_58787.jpg
1782	7.000000	c7\img_73323.jpg
2212	9.000000	c9\img_88237.jpg
1472	6.000000	c6\img_28125.jpg
1096	4.000000	c4\img_72542.jpg
166	0.000000	c0\img_68999.jpg
551	2.000000	c2\img_33418.jpg
9	0.000000	c0\img_13585.jpg
1963	8.000000	c8\img_68616.jpg
889	3.000000	c3\img_78650.jpg
1850	8.000000	c8\img_11932.jpg
478	2.000000	c2\img_10365.jpg
2051	9.000000	c9\img_17453.jpg
766	3.000000	c3\img_30976.jpg
324	1.000000	c1\img_34036.jpg
1527	6.000000	c6\img_5358.jpg
1252	5.000000	c5\img_33496.jpg
1764	7.000000	c7\img_652.jpg
589	2.000000	c2\img_50650.jpg
1042	4.000000	c4\img_51146.jpg
148	0.000000	c0\img_61038.jpg
2129	9.000000	c9\img_48026.jpg
1458	6.000000	c6\img_21697.jpg
1934	8.000000	c8\img_49083.jpg
1412	6.000000	c6\img_101722.jpg
704	2.000000	c2\img_97672.jpg
975	4.000000	c4\img_22399.jpg
559	2.000000	c2\img_3688.jpg
1219	5.000000	c5\img_20662.jpg
2089	9.000000	c9\img_35155.jpg
1415	6.000000	c6\img_10846.jpg
832	3.000000	c3\img_55192.jpg
686	2.000000	c2\img_88377.jpg
