17923	7.0	c7\img_79113.jpg
12894	5.0	c5\img_53722.jpg
877	0.0	c0\img_40944.jpg
13834	5.0	c5\img_91070.jpg
18319	7.0	c7\img_96751.jpg
11319	4.0	c4\img_82806.jpg
10175	4.0	c4\img_37788.jpg
19046	8.0	c8\img_4128.jpg
15750	6.0	c6\img_75410.jpg
11528	4.0	c4\img_91899.jpg
6556	2.0	c2\img_78324.jpg
14960	6.0	c6\img_43066.jpg
2628	1.0	c1\img_13732.jpg
18448	8.0	c8\img_11324.jpg
12949	5.0	c5\img_55613.jpg
8476	3.0	c3\img_61727.jpg
9873	4.0	c4\img_27295.jpg
13697	5.0	c5\img_86048.jpg
10210	4.0	c4\img_39260.jpg
13789	5.0	c5\img_89460.jpg
505	0.0	c0\img_27618.jpg
8639	3.0	c3\img_68558.jpg
12601	5.0	c5\img_41824.jpg
15241	6.0	c6\img_54633.jpg
15873	6.0	c6\img_80314.jpg
20370	9.0	c9\img_12419.jpg
19431	8.0	c8\img_58933.jpg
12365	5.0	c5\img_33106.jpg
8548	3.0	c3\img_64856.jpg
10846	4.0	c4\img_64105.jpg
12203	5.0	c5\img_2645.jpg
18221	7.0	c7\img_92000.jpg
1079	0.0	c0\img_48339.jpg
13617	5.0	c5\img_82232.jpg
11685	4.0	c4\img_97775.jpg
14726	6.0	c6\img_33468.jpg
6904	2.0	c2\img_9230.jpg
19485	8.0	c8\img_61907.jpg
3866	1.0	c1\img_64494.jpg
21048	9.0	c9\img_40797.jpg
7159	3.0	c3\img_11230.jpg
3889	1.0	c1\img_65051.jpg
12366	5.0	c5\img_33132.jpg
11734	4.0	c4\img_99662.jpg
8403	3.0	c3\img_589.jpg
20837	9.0	c9\img_31845.jpg
15246	6.0	c6\img_54717.jpg
10974	4.0	c4\img_6973.jpg
16134	6.0	c6\img_90809.jpg
15372	6.0	c6\img_6028.jpg
15642	6.0	c6\img_71506.jpg
487	0.0	c0\img_2704.jpg
13531	5.0	c5\img_78585.jpg
21285	9.0	c9\img_50883.jpg
545	0.0	c0\img_29163.jpg
16113	6.0	c6\img_90192.jpg
12443	5.0	c5\img_3539.jpg
10584	4.0	c4\img_54114.jpg
19270	8.0	c8\img_51140.jpg
9123	3.0	c3\img_87971.jpg
3169	1.0	c1\img_35833.jpg
11716	4.0	c4\img_99041.jpg
13767	5.0	c5\img_88670.jpg
12695	5.0	c5\img_45551.jpg
9610	4.0	c4\img_16503.jpg
15629	6.0	c6\img_70886.jpg
4856	2.0	c2\img_12612.jpg
19203	8.0	c8\img_48601.jpg
5288	2.0	c2\img_29170.jpg
19313	8.0	c8\img_52841.jpg
22186	9.0	c9\img_89196.jpg
20280	8.0	c8\img_99432.jpg
9552	4.0	c4\img_14370.jpg
3937	1.0	c1\img_67138.jpg
5322	2.0	c2\img_3024.jpg
1069	0.0	c0\img_48062.jpg
5590	2.0	c2\img_39829.jpg
16455	7.0	c7\img_10961.jpg
2327	0.0	c0\img_94299.jpg
19799	8.0	c8\img_76640.jpg
12683	5.0	c5\img_44851.jpg
300	0.0	c0\img_19386.jpg
13134	5.0	c5\img_63480.jpg
7599	3.0	c3\img_27867.jpg
716	0.0	c0\img_35443.jpg
7020	2.0	c2\img_97520.jpg
3236	1.0	c1\img_38457.jpg
14357	6.0	c6\img_19619.jpg
14092	6.0	c6\img_101187.jpg
14307	6.0	c6\img_17228.jpg
20299	9.0	c9\img_100294.jpg
20242	8.0	c8\img_97122.jpg
9670	4.0	c4\img_18909.jpg
5094	2.0	c2\img_21584.jpg
2502	1.0	c1\img_100399.jpg
20289	8.0	c8\img_99812.jpg
16604	7.0	c7\img_18653.jpg
19761	8.0	c8\img_75335.jpg
10152	4.0	c4\img_37120.jpg
17273	7.0	c7\img_49138.jpg
9540	4.0	c4\img_13940.jpg
6547	2.0	c2\img_77950.jpg
4826	2.0	c2\img_11278.jpg
17781	7.0	c7\img_7303.jpg
14790	6.0	c6\img_36323.jpg
10593	4.0	c4\img_54546.jpg
20278	8.0	c8\img_99262.jpg
10798	4.0	c4\img_62125.jpg
12764	5.0	c5\img_48210.jpg
21411	9.0	c9\img_56371.jpg
19318	8.0	c8\img_52950.jpg
5247	2.0	c2\img_27360.jpg
17753	7.0	c7\img_71887.jpg
296	0.0	c0\img_1929.jpg
14186	6.0	c6\img_1247.jpg
8004	3.0	c3\img_43041.jpg
10678	4.0	c4\img_57786.jpg
9945	4.0	c4\img_29748.jpg
14886	6.0	c6\img_40201.jpg
1315	0.0	c0\img_56851.jpg
394	0.0	c0\img_23158.jpg
12508	5.0	c5\img_383.jpg
21963	9.0	c9\img_80112.jpg
1480	0.0	c0\img_62662.jpg
13390	5.0	c5\img_73199.jpg
11720	4.0	c4\img_99325.jpg
11107	4.0	c4\img_74566.jpg
17249	7.0	c7\img_47831.jpg
4	0.0	c0\img_10012.jpg
19268	8.0	c8\img_51051.jpg
6795	2.0	c2\img_88333.jpg
21045	9.0	c9\img_40715.jpg
9962	4.0	c4\img_30305.jpg
18750	8.0	c8\img_26143.jpg
4875	2.0	c2\img_13350.jpg
14052	5.0	c5\img_99748.jpg
15585	6.0	c6\img_68881.jpg
4793	2.0	c2\img_101769.jpg
7373	3.0	c3\img_19028.jpg
2663	1.0	c1\img_15277.jpg
11504	4.0	c4\img_90666.jpg
7916	3.0	c3\img_39992.jpg
2424	0.0	c0\img_97525.jpg
13844	5.0	c5\img_91237.jpg
8296	3.0	c3\img_54846.jpg
19656	8.0	c8\img_70188.jpg
15447	6.0	c6\img_6334.jpg
7797	3.0	c3\img_35808.jpg
6519	2.0	c2\img_7655.jpg
17215	7.0	c7\img_46609.jpg
18696	8.0	c8\img_23658.jpg
13013	5.0	c5\img_58135.jpg
18442	8.0	c8\img_10861.jpg
10852	4.0	c4\img_64386.jpg
6237	2.0	c2\img_64968.jpg
14421	6.0	c6\img_218.jpg
8151	3.0	c3\img_48454.jpg
6761	2.0	c2\img_86887.jpg
10385	4.0	c4\img_45956.jpg
21543	9.0	c9\img_61991.jpg
17738	7.0	c7\img_71340.jpg
3180	1.0	c1\img_36215.jpg
2672	1.0	c1\img_15503.jpg
141	0.0	c0\img_13675.jpg
4219	1.0	c1\img_78379.jpg
5635	2.0	c2\img_41918.jpg
21682	9.0	c9\img_67779.jpg
17947	7.0	c7\img_8032.jpg
848	0.0	c0\img_40020.jpg
6900	2.0	c2\img_92269.jpg
16907	7.0	c7\img_31562.jpg
9138	3.0	c3\img_88520.jpg
3581	1.0	c1\img_53660.jpg
408	0.0	c0\img_2380.jpg
6781	2.0	c2\img_8777.jpg
8877	3.0	c3\img_77421.jpg
13297	5.0	c5\img_69565.jpg
2295	0.0	c0\img_92867.jpg
14190	6.0	c6\img_12699.jpg
1570	0.0	c0\img_66379.jpg
10133	4.0	c4\img_36357.jpg
6027	2.0	c2\img_56934.jpg
8519	3.0	c3\img_63572.jpg
21046	9.0	c9\img_40776.jpg
3858	1.0	c1\img_64278.jpg
19309	8.0	c8\img_52596.jpg
4974	2.0	c2\img_1689.jpg
17575	7.0	c7\img_63576.jpg
177	0.0	c0\img_14903.jpg
16259	6.0	c6\img_9492.jpg
20801	9.0	c9\img_30622.jpg
18969	8.0	c8\img_37289.jpg
8616	3.0	c3\img_67821.jpg
12875	5.0	c5\img_52640.jpg
18256	7.0	c7\img_93823.jpg
11997	5.0	c5\img_18066.jpg
9774	4.0	c4\img_23259.jpg
18872	8.0	c8\img_32089.jpg
11605	4.0	c4\img_94810.jpg
22421	9.0	c9\img_99927.jpg
17758	7.0	c7\img_72142.jpg
2636	1.0	c1\img_14184.jpg
21939	9.0	c9\img_79178.jpg
3286	1.0	c1\img_41084.jpg
9853	4.0	c4\img_26524.jpg
3954	1.0	c1\img_67684.jpg
9344	3.0	c3\img_96864.jpg
4730	1.0	c1\img_98983.jpg
14799	6.0	c6\img_36585.jpg
8154	3.0	c3\img_4863.jpg
8955	3.0	c3\img_80916.jpg
11650	4.0	c4\img_96469.jpg
18524	8.0	c8\img_15160.jpg
20013	8.0	c8\img_86546.jpg
4399	1.0	c1\img_85596.jpg
7153	3.0	c3\img_11126.jpg
4751	1.0	c1\img_99633.jpg
11784	5.0	c5\img_101561.jpg
5810	2.0	c2\img_48473.jpg
12106	5.0	c5\img_22586.jpg
12957	5.0	c5\img_55881.jpg
2030	0.0	c0\img_82355.jpg
8102	3.0	c3\img_46420.jpg
9364	3.0	c3\img_97634.jpg
13988	5.0	c5\img_9723.jpg
12425	5.0	c5\img_3493.jpg
21700	9.0	c9\img_68543.jpg
234	0.0	c0\img_17115.jpg
7100	3.0	c3\img_101014.jpg
3168	1.0	c1\img_35791.jpg
19101	8.0	c8\img_43663.jpg
16627	7.0	c7\img_19755.jpg
2598	1.0	c1\img_12457.jpg
7714	3.0	c3\img_32529.jpg
18510	8.0	c8\img_14072.jpg
21759	9.0	c9\img_71065.jpg
7232	3.0	c3\img_13837.jpg
16002	6.0	c6\img_85765.jpg
8611	3.0	c3\img_67567.jpg
20198	8.0	c8\img_95215.jpg
7892	3.0	c3\img_39308.jpg
21849	9.0	c9\img_75306.jpg
6636	2.0	c2\img_81484.jpg
20630	9.0	c9\img_23477.jpg
1075	0.0	c0\img_4824.jpg
19102	8.0	c8\img_43680.jpg
4123	1.0	c1\img_74587.jpg
4568	1.0	c1\img_92674.jpg
1462	0.0	c0\img_62023.jpg
5388	2.0	c2\img_32687.jpg
985	0.0	c0\img_44655.jpg
5565	2.0	c2\img_38761.jpg
16077	6.0	c6\img_88432.jpg
9272	3.0	c3\img_9422.jpg
22323	9.0	c9\img_95191.jpg
14318	6.0	c6\img_1790.jpg
6777	2.0	c2\img_87387.jpg
3678	1.0	c1\img_57540.jpg
16255	6.0	c6\img_94730.jpg
20425	9.0	c9\img_14413.jpg
12411	5.0	c5\img_34504.jpg
11708	4.0	c4\img_98630.jpg
2262	0.0	c0\img_91624.jpg
4712	1.0	c1\img_9820.jpg
11885	5.0	c5\img_13456.jpg
21425	9.0	c9\img_57343.jpg
10394	4.0	c4\img_4637.jpg
6348	2.0	c2\img_69455.jpg
2239	0.0	c0\img_90464.jpg
15182	6.0	c6\img_52150.jpg
1184	0.0	c0\img_5232.jpg
4543	1.0	c1\img_9122.jpg
17026	7.0	c7\img_36798.jpg
2863	1.0	c1\img_2388.jpg
11034	4.0	c4\img_71882.jpg
20166	8.0	c8\img_93598.jpg
16531	7.0	c7\img_14783.jpg
15026	6.0	c6\img_45903.jpg
21609	9.0	c9\img_64712.jpg
18353	7.0	c7\img_98713.jpg
3627	1.0	c1\img_55309.jpg
17473	7.0	c7\img_58828.jpg
12462	5.0	c5\img_36489.jpg
15887	6.0	c6\img_80938.jpg
19667	8.0	c8\img_70664.jpg
12392	5.0	c5\img_34098.jpg
18641	8.0	c8\img_20676.jpg
7664	3.0	c3\img_30514.jpg
3599	1.0	c1\img_54125.jpg
17372	7.0	c7\img_54003.jpg
442	0.0	c0\img_25185.jpg
15084	6.0	c6\img_4844.jpg
20668	9.0	c9\img_24747.jpg
5752	2.0	c2\img_46344.jpg
2421	0.0	c0\img_97329.jpg
4324	1.0	c1\img_82970.jpg
14897	6.0	c6\img_4062.jpg
15149	6.0	c6\img_50789.jpg
8382	3.0	c3\img_58247.jpg
10765	4.0	c4\img_6108.jpg
14220	6.0	c6\img_13709.jpg
3610	1.0	c1\img_54548.jpg
4481	1.0	c1\img_88857.jpg
15526	6.0	c6\img_66674.jpg
2764	1.0	c1\img_19099.jpg
153	0.0	c0\img_13965.jpg
5106	2.0	c2\img_22091.jpg
11293	4.0	c4\img_81806.jpg
432	0.0	c0\img_24638.jpg
10654	4.0	c4\img_5704.jpg
11876	5.0	c5\img_1304.jpg
6001	2.0	c2\img_55857.jpg
19951	8.0	c8\img_84399.jpg
12639	5.0	c5\img_4344.jpg
13143	5.0	c5\img_63872.jpg
20376	9.0	c9\img_12548.jpg
7990	3.0	c3\img_42365.jpg
17910	7.0	c7\img_78694.jpg
8130	3.0	c3\img_47635.jpg
21315	9.0	c9\img_5229.jpg
21634	9.0	c9\img_65912.jpg
21169	9.0	c9\img_46485.jpg
841	0.0	c0\img_3975.jpg
20269	8.0	c8\img_98779.jpg
19500	8.0	c8\img_62501.jpg
7726	3.0	c3\img_32926.jpg
7189	3.0	c3\img_12347.jpg
4433	1.0	c1\img_86639.jpg
15064	6.0	c6\img_47712.jpg
9709	4.0	c4\img_20494.jpg
10455	4.0	c4\img_48946.jpg
10547	4.0	c4\img_52461.jpg
2545	1.0	c1\img_10543.jpg
9786	4.0	c4\img_23611.jpg
6047	2.0	c2\img_5764.jpg
7165	3.0	c3\img_1145.jpg
21693	9.0	c9\img_68229.jpg
12967	5.0	c5\img_56341.jpg
21530	9.0	c9\img_61467.jpg
2497	1.0	c1\img_100230.jpg
5073	2.0	c2\img_20514.jpg
22190	9.0	c9\img_89346.jpg
1590	0.0	c0\img_66900.jpg
2832	1.0	c1\img_22174.jpg
15947	6.0	c6\img_82910.jpg
19965	8.0	c8\img_85043.jpg
9333	3.0	c3\img_96527.jpg
1868	0.0	c0\img_77490.jpg
10602	4.0	c4\img_5513.jpg
754	0.0	c0\img_36574.jpg
1465	0.0	c0\img_62066.jpg
6872	2.0	c2\img_91506.jpg
10420	4.0	c4\img_47405.jpg
20250	8.0	c8\img_97665.jpg
12341	5.0	c5\img_32363.jpg
18624	8.0	c8\img_19944.jpg
20560	9.0	c9\img_20408.jpg
9828	4.0	c4\img_25590.jpg
1905	0.0	c0\img_78627.jpg
2140	0.0	c0\img_86913.jpg
18955	8.0	c8\img_36602.jpg
18404	8.0	c8\img_100850.jpg
14067	6.0	c6\img_100251.jpg
6857	2.0	c2\img_90751.jpg
11929	5.0	c5\img_15127.jpg
11458	4.0	c4\img_88761.jpg
10968	4.0	c4\img_69668.jpg
22155	9.0	c9\img_88201.jpg
17201	7.0	c7\img_45782.jpg
14048	5.0	c5\img_99673.jpg
8850	3.0	c3\img_7612.jpg
10689	4.0	c4\img_58242.jpg
21501	9.0	c9\img_60095.jpg
18381	7.0	c7\img_99944.jpg
5511	2.0	c2\img_36964.jpg
22176	9.0	c9\img_88856.jpg
2903	1.0	c1\img_25397.jpg
22261	9.0	c9\img_92404.jpg
22318	9.0	c9\img_95032.jpg
4725	1.0	c1\img_98746.jpg
10596	4.0	c4\img_54938.jpg
252	0.0	c0\img_17767.jpg
5566	2.0	c2\img_38818.jpg
3565	1.0	c1\img_5280.jpg
13946	5.0	c5\img_95552.jpg
3094	1.0	c1\img_32811.jpg
19651	8.0	c8\img_6996.jpg
1014	0.0	c0\img_45932.jpg
7503	3.0	c3\img_24165.jpg
8957	3.0	c3\img_81003.jpg
20366	9.0	c9\img_12046.jpg
13147	5.0	c5\img_64109.jpg
20451	9.0	c9\img_15583.jpg
9854	4.0	c4\img_26530.jpg
18379	7.0	c7\img_99851.jpg
17839	7.0	c7\img_75012.jpg
1526	0.0	c0\img_64681.jpg
7443	3.0	c3\img_21703.jpg
14567	6.0	c6\img_27077.jpg
12157	5.0	c5\img_24397.jpg
7006	2.0	c2\img_96924.jpg
9312	3.0	c3\img_95579.jpg
16850	7.0	c7\img_29368.jpg
14908	6.0	c6\img_41268.jpg
9391	3.0	c3\img_98826.jpg
1549	0.0	c0\img_65599.jpg
13851	5.0	c5\img_91483.jpg
10363	4.0	c4\img_45122.jpg
7166	3.0	c3\img_1153.jpg
22029	9.0	c9\img_83115.jpg
18383	7.0	c7\img_99997.jpg
13516	5.0	c5\img_77970.jpg
16310	6.0	c6\img_97213.jpg
12437	5.0	c5\img_35207.jpg
21889	9.0	c9\img_76835.jpg
17336	7.0	c7\img_52117.jpg
13407	5.0	c5\img_7390.jpg
17523	7.0	c7\img_61076.jpg
3681	1.0	c1\img_57595.jpg
3597	1.0	c1\img_54079.jpg
147	0.0	c0\img_13907.jpg
1289	0.0	c0\img_55933.jpg
15045	6.0	c6\img_46799.jpg
1140	0.0	c0\img_50586.jpg
6322	2.0	c2\img_68641.jpg
21549	9.0	c9\img_62321.jpg
5876	2.0	c2\img_51015.jpg
21883	9.0	c9\img_76688.jpg
15553	6.0	c6\img_678.jpg
15808	6.0	c6\img_78038.jpg
9831	4.0	c4\img_25641.jpg
6551	2.0	c2\img_78070.jpg
13333	5.0	c5\img_70943.jpg
21790	9.0	c9\img_72049.jpg
19628	8.0	c8\img_6884.jpg
13610	5.0	c5\img_82078.jpg
15587	6.0	c6\img_69099.jpg
12144	5.0	c5\img_23894.jpg
11270	4.0	c4\img_80836.jpg
19463	8.0	c8\img_60585.jpg
11185	4.0	c4\img_77298.jpg
4287	1.0	c1\img_81045.jpg
8386	3.0	c3\img_58349.jpg
824	0.0	c0\img_39067.jpg
2653	1.0	c1\img_14919.jpg
9053	3.0	c3\img_84810.jpg
1245	0.0	c0\img_54531.jpg
9183	3.0	c3\img_90742.jpg
15927	6.0	c6\img_82096.jpg
5595	2.0	c2\img_40017.jpg
22134	9.0	c9\img_87236.jpg
16051	6.0	c6\img_87505.jpg
12489	5.0	c5\img_37568.jpg
3057	1.0	c1\img_31469.jpg
9140	3.0	c3\img_88598.jpg
4263	1.0	c1\img_80087.jpg
16293	6.0	c6\img_9650.jpg
17980	7.0	c7\img_81857.jpg
18337	7.0	c7\img_97818.jpg
9837	4.0	c4\img_2589.jpg
12834	5.0	c5\img_50932.jpg
15272	6.0	c6\img_5588.jpg
1445	0.0	c0\img_61373.jpg
1018	0.0	c0\img_46053.jpg
13967	5.0	c5\img_96629.jpg
21587	9.0	c9\img_63730.jpg
22219	9.0	c9\img_90680.jpg
16462	7.0	c7\img_11140.jpg
10096	4.0	c4\img_34824.jpg
6670	2.0	c2\img_83161.jpg
21147	9.0	c9\img_45655.jpg
6352	2.0	c2\img_69650.jpg
11173	4.0	c4\img_77039.jpg
20193	8.0	c8\img_9499.jpg
211	0.0	c0\img_16046.jpg
3419	1.0	c1\img_46294.jpg
16239	6.0	c6\img_9426.jpg
6092	2.0	c2\img_59509.jpg
17180	7.0	c7\img_4505.jpg
19328	8.0	c8\img_53697.jpg
7978	3.0	c3\img_42021.jpg
6132	2.0	c2\img_60788.jpg
11777	5.0	c5\img_10117.jpg
21128	9.0	c9\img_45010.jpg
4206	1.0	c1\img_77903.jpg
393	0.0	c0\img_23144.jpg
12980	5.0	c5\img_56799.jpg
3818	1.0	c1\img_63037.jpg
1199	0.0	c0\img_52699.jpg
16880	7.0	c7\img_30473.jpg
8937	3.0	c3\img_80440.jpg
16756	7.0	c7\img_24670.jpg
15591	6.0	c6\img_69335.jpg
7750	3.0	c3\img_3392.jpg
10651	4.0	c4\img_56830.jpg
8359	3.0	c3\img_57502.jpg
8054	3.0	c3\img_44716.jpg
20253	8.0	c8\img_97774.jpg
10023	4.0	c4\img_32268.jpg
5289	2.0	c2\img_29251.jpg
14728	6.0	c6\img_33560.jpg
20718	9.0	c9\img_26625.jpg
20105	8.0	c8\img_90567.jpg
13195	5.0	c5\img_66246.jpg
21668	9.0	c9\img_67001.jpg
17480	7.0	c7\img_5912.jpg
21149	9.0	c9\img_45771.jpg
11213	4.0	c4\img_78612.jpg
17253	7.0	c7\img_48001.jpg
13895	5.0	c5\img_93424.jpg
9959	4.0	c4\img_30266.jpg
22199	9.0	c9\img_89657.jpg
16981	7.0	c7\img_34798.jpg
9529	4.0	c4\img_1327.jpg
4636	1.0	c1\img_95497.jpg
2699	1.0	c1\img_16706.jpg
20435	9.0	c9\img_14866.jpg
8181	3.0	c3\img_49889.jpg
18862	8.0	c8\img_3171.jpg
10211	4.0	c4\img_39367.jpg
14368	6.0	c6\img_19975.jpg
19087	8.0	c8\img_43197.jpg
10804	4.0	c4\img_62351.jpg
13111	5.0	c5\img_61985.jpg
3440	1.0	c1\img_47530.jpg
589	0.0	c0\img_31032.jpg
13467	5.0	c5\img_76359.jpg
5319	2.0	c2\img_30215.jpg
15774	6.0	c6\img_76293.jpg
10953	4.0	c4\img_68963.jpg
12472	5.0	c5\img_3705.jpg
12627	5.0	c5\img_42997.jpg
20148	8.0	c8\img_926.jpg
10244	4.0	c4\img_40600.jpg
15377	6.0	c6\img_60494.jpg
12725	5.0	c5\img_46627.jpg
9663	4.0	c4\img_18713.jpg
3759	1.0	c1\img_61193.jpg
8380	3.0	c3\img_58188.jpg
4387	1.0	c1\img_85245.jpg
10046	4.0	c4\img_33024.jpg
16616	7.0	c7\img_19266.jpg
15102	6.0	c6\img_4901.jpg
14241	6.0	c6\img_14576.jpg
5994	2.0	c2\img_55415.jpg
9238	3.0	c3\img_92779.jpg
93	0.0	c0\img_11863.jpg
5414	2.0	c2\img_33669.jpg
10402	4.0	c4\img_46579.jpg
7434	3.0	c3\img_21358.jpg
21355	9.0	c9\img_5361.jpg
8484	3.0	c3\img_6220.jpg
10269	4.0	c4\img_4154.jpg
19115	8.0	c8\img_44430.jpg
2256	0.0	c0\img_91409.jpg
11899	5.0	c5\img_1401.jpg
6467	2.0	c2\img_74494.jpg
4211	1.0	c1\img_78090.jpg
11539	4.0	c4\img_9248.jpg
10232	4.0	c4\img_40115.jpg
1692	0.0	c0\img_70442.jpg
14104	6.0	c6\img_101682.jpg
2953	1.0	c1\img_27390.jpg
18344	7.0	c7\img_9827.jpg
15253	6.0	c6\img_55050.jpg
13927	5.0	c5\img_94498.jpg
9450	4.0	c4\img_101456.jpg
19621	8.0	c8\img_68616.jpg
2175	0.0	c0\img_88177.jpg
52	0.0	c0\img_10225.jpg
18749	8.0	c8\img_26130.jpg
21537	9.0	c9\img_61711.jpg
1760	0.0	c0\img_73127.jpg
19963	8.0	c8\img_8489.jpg
6103	2.0	c2\img_59884.jpg
15141	6.0	c6\img_50457.jpg
19288	8.0	c8\img_52010.jpg
39	0.0	c0\img_101609.jpg
17248	7.0	c7\img_47798.jpg
14089	6.0	c6\img_101102.jpg
8934	3.0	c3\img_80292.jpg
11807	5.0	c5\img_10510.jpg
7806	3.0	c3\img_36089.jpg
13119	5.0	c5\img_62389.jpg
2681	1.0	c1\img_15989.jpg
17292	7.0	c7\img_50030.jpg
2309	0.0	c0\img_9345.jpg
20988	9.0	c9\img_3854.jpg
4784	2.0	c2\img_101312.jpg
11100	4.0	c4\img_74371.jpg
3881	1.0	c1\img_6482.jpg
6306	2.0	c2\img_68059.jpg
14119	6.0	c6\img_102020.jpg
18966	8.0	c8\img_37069.jpg
21387	9.0	c9\img_55014.jpg
12708	5.0	c5\img_46168.jpg
21036	9.0	c9\img_40174.jpg
14076	6.0	c6\img_100634.jpg
3356	1.0	c1\img_43955.jpg
12654	5.0	c5\img_43900.jpg
13798	5.0	c5\img_89679.jpg
22413	9.0	c9\img_99574.jpg
5704	2.0	c2\img_44139.jpg
20747	9.0	c9\img_28421.jpg
8578	3.0	c3\img_65627.jpg
17258	7.0	c7\img_48312.jpg
7249	3.0	c3\img_14358.jpg
18612	8.0	c8\img_19530.jpg
17663	7.0	c7\img_68040.jpg
3615	1.0	c1\img_54810.jpg
3984	1.0	c1\img_69096.jpg
18017	7.0	c7\img_83335.jpg
17037	7.0	c7\img_37275.jpg
5444	2.0	c2\img_34658.jpg
10568	4.0	c4\img_53650.jpg
10862	4.0	c4\img_64790.jpg
2848	1.0	c1\img_23001.jpg
11115	4.0	c4\img_74878.jpg
9499	4.0	c4\img_11851.jpg
13246	5.0	c5\img_6741.jpg
12983	5.0	c5\img_5690.jpg
4691	1.0	c1\img_97366.jpg
10896	4.0	c4\img_66478.jpg
18042	7.0	c7\img_84555.jpg
6730	2.0	c2\img_85485.jpg
2796	1.0	c1\img_20667.jpg
17492	7.0	c7\img_59527.jpg
18626	8.0	c8\img_20041.jpg
12913	5.0	c5\img_54341.jpg
6769	2.0	c2\img_87176.jpg
583	0.0	c0\img_30854.jpg
10081	4.0	c4\img_34301.jpg
1016	0.0	c0\img_45994.jpg
19047	8.0	c8\img_41429.jpg
273	0.0	c0\img_18523.jpg
16955	7.0	c7\img_33671.jpg
17231	7.0	c7\img_47075.jpg
14105	6.0	c6\img_101713.jpg
8549	3.0	c3\img_64858.jpg
6602	2.0	c2\img_8013.jpg
22090	9.0	c9\img_85422.jpg
7993	3.0	c3\img_42551.jpg
18520	8.0	c8\img_14814.jpg
5365	2.0	c2\img_3183.jpg
14520	6.0	c6\img_25255.jpg
12632	5.0	c5\img_43163.jpg
18066	7.0	c7\img_85590.jpg
634	0.0	c0\img_32619.jpg
14246	6.0	c6\img_14958.jpg
4028	1.0	c1\img_7080.jpg
5625	2.0	c2\img_41704.jpg
4108	1.0	c1\img_73924.jpg
8436	3.0	c3\img_6044.jpg
1614	0.0	c0\img_67865.jpg
8546	3.0	c3\img_64792.jpg
2651	1.0	c1\img_14857.jpg
4414	1.0	c1\img_86032.jpg
5415	2.0	c2\img_33742.jpg
7782	3.0	c3\img_35180.jpg
5324	2.0	c2\img_30296.jpg
7828	3.0	c3\img_36971.jpg
5053	2.0	c2\img_19925.jpg
5225	2.0	c2\img_26164.jpg
17503	7.0	c7\img_60164.jpg
14888	6.0	c6\img_40313.jpg
11800	5.0	c5\img_10318.jpg
4489	1.0	c1\img_89030.jpg
14001	5.0	c5\img_97725.jpg
16003	6.0	c6\img_85839.jpg
21198	9.0	c9\img_47165.jpg
16022	6.0	c6\img_86428.jpg
90	0.0	c0\img_11687.jpg
1210	0.0	c0\img_53168.jpg
20986	9.0	c9\img_38478.jpg
2307	0.0	c0\img_93387.jpg
6055	2.0	c2\img_57967.jpg
1566	0.0	c0\img_66256.jpg
8817	3.0	c3\img_7464.jpg
15288	6.0	c6\img_56678.jpg
15382	6.0	c6\img_60648.jpg
9119	3.0	c3\img_87873.jpg
1390	0.0	c0\img_59560.jpg
7968	3.0	c3\img_41820.jpg
20070	8.0	c8\img_88994.jpg
2024	0.0	c0\img_82267.jpg
18646	8.0	c8\img_20780.jpg
6858	2.0	c2\img_90774.jpg
19708	8.0	c8\img_72641.jpg
14045	5.0	c5\img_99558.jpg
4354	1.0	c1\img_84250.jpg
19709	8.0	c8\img_72643.jpg
904	0.0	c0\img_41839.jpg
21959	9.0	c9\img_79992.jpg
12947	5.0	c5\img_55575.jpg
4925	2.0	c2\img_15170.jpg
18516	8.0	c8\img_14402.jpg
20214	8.0	c8\img_95880.jpg
12247	5.0	c5\img_27866.jpg
4389	1.0	c1\img_85262.jpg
8199	3.0	c3\img_50800.jpg
15562	6.0	c6\img_6803.jpg
16390	7.0	c7\img_100336.jpg
5118	2.0	c2\img_22345.jpg
17975	7.0	c7\img_81598.jpg
540	0.0	c0\img_28882.jpg
22226	9.0	c9\img_91002.jpg
7216	3.0	c3\img_13326.jpg
6546	2.0	c2\img_77948.jpg
5038	2.0	c2\img_19360.jpg
9606	4.0	c4\img_16385.jpg
1222	0.0	c0\img_53437.jpg
21464	9.0	c9\img_58844.jpg
1030	0.0	c0\img_46689.jpg
17981	7.0	c7\img_81866.jpg
21897	9.0	c9\img_77168.jpg
954	0.0	c0\img_43623.jpg
18172	7.0	c7\img_89930.jpg
794	0.0	c0\img_38025.jpg
884	0.0	c0\img_41079.jpg
21997	9.0	c9\img_81799.jpg
11031	4.0	c4\img_71730.jpg
4743	1.0	c1\img_99361.jpg
4503	1.0	c1\img_89704.jpg
18372	7.0	c7\img_995.jpg
18100	7.0	c7\img_87000.jpg
4758	2.0	c2\img_100113.jpg
19308	8.0	c8\img_52583.jpg
5653	2.0	c2\img_4253.jpg
18150	7.0	c7\img_89059.jpg
17778	7.0	c7\img_729.jpg
15368	6.0	c6\img_60183.jpg
16335	6.0	c6\img_98294.jpg
14761	6.0	c6\img_35065.jpg
3968	1.0	c1\img_68285.jpg
14150	6.0	c6\img_11212.jpg
20909	9.0	c9\img_35288.jpg
16271	6.0	c6\img_95498.jpg
19233	8.0	c8\img_5003.jpg
20753	9.0	c9\img_28640.jpg
17447	7.0	c7\img_57559.jpg
21860	9.0	c9\img_75655.jpg
21071	9.0	c9\img_41950.jpg
9603	4.0	c4\img_16292.jpg
11689	4.0	c4\img_97888.jpg
6840	2.0	c2\img_90276.jpg
3698	1.0	c1\img_58578.jpg
9608	4.0	c4\img_16472.jpg
19376	8.0	c8\img_56207.jpg
11363	4.0	c4\img_84751.jpg
22338	9.0	c9\img_95900.jpg
15636	6.0	c6\img_71239.jpg
6933	2.0	c2\img_93567.jpg
18729	8.0	c8\img_25010.jpg
5099	2.0	c2\img_21772.jpg
5429	2.0	c2\img_34191.jpg
10813	4.0	c4\img_62615.jpg
13286	5.0	c5\img_69127.jpg
10154	4.0	c4\img_37171.jpg
15682	6.0	c6\img_73095.jpg
17083	7.0	c7\img_39990.jpg
11778	5.0	c5\img_101320.jpg
15103	6.0	c6\img_49041.jpg
9666	4.0	c4\img_18756.jpg
933	0.0	c0\img_42777.jpg
15	0.0	c0\img_100605.jpg
2710	1.0	c1\img_17139.jpg
11713	4.0	c4\img_98962.jpg
19672	8.0	c8\img_70754.jpg
14610	6.0	c6\img_28711.jpg
21055	9.0	c9\img_41035.jpg
17298	7.0	c7\img_50262.jpg
18627	8.0	c8\img_2006.jpg
4548	1.0	c1\img_91542.jpg
4643	1.0	c1\img_95820.jpg
13364	5.0	c5\img_72094.jpg
13305	5.0	c5\img_69726.jpg
12417	5.0	c5\img_34715.jpg
5679	2.0	c2\img_43269.jpg
22038	9.0	c9\img_83460.jpg
11534	4.0	c4\img_92173.jpg
5233	2.0	c2\img_26714.jpg
7552	3.0	c3\img_25950.jpg
15678	6.0	c6\img_72916.jpg
17533	7.0	c7\img_61341.jpg
7069	2.0	c2\img_9978.jpg
17114	7.0	c7\img_41581.jpg
12234	5.0	c5\img_27548.jpg
4380	1.0	c1\img_84978.jpg
7388	3.0	c3\img_19607.jpg
10247	4.0	c4\img_40638.jpg
15067	6.0	c6\img_47782.jpg
17332	7.0	c7\img_51958.jpg
4368	1.0	c1\img_84657.jpg
13832	5.0	c5\img_91028.jpg
8870	3.0	c3\img_77122.jpg
19679	8.0	c8\img_711.jpg
5440	2.0	c2\img_34522.jpg
6383	2.0	c2\img_70587.jpg
16642	7.0	c7\img_20094.jpg
19457	8.0	c8\img_59999.jpg
19837	8.0	c8\img_78206.jpg
15998	6.0	c6\img_85533.jpg
5557	2.0	c2\img_38445.jpg
3541	1.0	c1\img_51916.jpg
7605	3.0	c3\img_28140.jpg
7184	3.0	c3\img_12214.jpg
21090	9.0	c9\img_42810.jpg
21766	9.0	c9\img_71258.jpg
7301	3.0	c3\img_16407.jpg
3086	1.0	c1\img_32563.jpg
15546	6.0	c6\img_67564.jpg
4898	2.0	c2\img_14347.jpg
17638	7.0	c7\img_66823.jpg
1354	0.0	c0\img_58330.jpg
4341	1.0	c1\img_836.jpg
13427	5.0	c5\img_74529.jpg
1805	0.0	c0\img_74632.jpg
21879	9.0	c9\img_76510.jpg
21528	9.0	c9\img_61429.jpg
9408	3.0	c3\img_99703.jpg
21234	9.0	c9\img_48890.jpg
19216	8.0	c8\img_48897.jpg
16373	6.0	c6\img_9973.jpg
16925	7.0	c7\img_32445.jpg
6862	2.0	c2\img_90899.jpg
7873	3.0	c3\img_38735.jpg
18987	8.0	c8\img_38121.jpg
21250	9.0	c9\img_49611.jpg
2459	0.0	c0\img_99012.jpg
8566	3.0	c3\img_65284.jpg
16279	6.0	c6\img_95899.jpg
2820	1.0	c1\img_21737.jpg
11042	4.0	c4\img_72211.jpg
13076	5.0	c5\img_60309.jpg
1427	0.0	c0\img_60797.jpg
10335	4.0	c4\img_43975.jpg
19515	8.0	c8\img_63083.jpg
16456	7.0	c7\img_10974.jpg
21585	9.0	c9\img_63714.jpg
5291	2.0	c2\img_29309.jpg
20209	8.0	c8\img_95736.jpg
11694	4.0	c4\img_9813.jpg
11192	4.0	c4\img_77761.jpg
9516	4.0	c4\img_12616.jpg
4356	1.0	c1\img_84330.jpg
8369	3.0	c3\img_57770.jpg
21392	9.0	c9\img_55242.jpg
11619	4.0	c4\img_95329.jpg
3607	1.0	c1\img_54482.jpg
20814	9.0	c9\img_30987.jpg
6598	2.0	c2\img_80022.jpg
3013	1.0	c1\img_2975.jpg
8537	3.0	c3\img_64280.jpg
8344	3.0	c3\img_569.jpg
10094	4.0	c4\img_34784.jpg
10033	4.0	c4\img_32517.jpg
1958	0.0	c0\img_80325.jpg
4314	1.0	c1\img_8249.jpg
307	0.0	c0\img_19780.jpg
7923	3.0	c3\img_40181.jpg
8808	3.0	c3\img_74405.jpg
572	0.0	c0\img_30218.jpg
4838	2.0	c2\img_11735.jpg
4024	1.0	c1\img_70622.jpg
14331	6.0	c6\img_18516.jpg
13584	5.0	c5\img_8094.jpg
2067	0.0	c0\img_83924.jpg
15353	6.0	c6\img_59366.jpg
13965	5.0	c5\img_96495.jpg
6425	2.0	c2\img_7228.jpg
4406	1.0	c1\img_85878.jpg
7720	3.0	c3\img_32792.jpg
13086	5.0	c5\img_60586.jpg
2867	1.0	c1\img_23966.jpg
7418	3.0	c3\img_20573.jpg
1453	0.0	c0\img_61611.jpg
15858	6.0	c6\img_80044.jpg
6625	2.0	c2\img_81244.jpg
20561	9.0	c9\img_20461.jpg
13160	5.0	c5\img_64541.jpg
6197	2.0	c2\img_6346.jpg
2097	0.0	c0\img_85194.jpg
9555	4.0	c4\img_14493.jpg
2801	1.0	c1\img_20954.jpg
12831	5.0	c5\img_50683.jpg
3811	1.0	c1\img_62917.jpg
9726	4.0	c4\img_21140.jpg
3077	1.0	c1\img_32209.jpg
10641	4.0	c4\img_56453.jpg
22013	9.0	c9\img_82581.jpg
20887	9.0	c9\img_33942.jpg
446	0.0	c0\img_25378.jpg
21237	9.0	c9\img_49017.jpg
1460	0.0	c0\img_61905.jpg
11048	4.0	c4\img_72432.jpg
6837	2.0	c2\img_90036.jpg
7852	3.0	c3\img_37947.jpg
16571	7.0	c7\img_16947.jpg
3628	1.0	c1\img_55353.jpg
14540	6.0	c6\img_25980.jpg
16874	7.0	c7\img_30341.jpg
1339	0.0	c0\img_5785.jpg
2728	1.0	c1\img_17871.jpg
16525	7.0	c7\img_1444.jpg
8788	3.0	c3\img_73739.jpg
5200	2.0	c2\img_25465.jpg
21969	9.0	c9\img_80437.jpg
7536	3.0	c3\img_25400.jpg
10071	4.0	c4\img_33866.jpg
15807	6.0	c6\img_78004.jpg
21972	9.0	c9\img_80482.jpg
16409	7.0	c7\img_101065.jpg
14950	6.0	c6\img_4269.jpg
19869	8.0	c8\img_798.jpg
20273	8.0	c8\img_98882.jpg
699	0.0	c0\img_3478.jpg
16809	7.0	c7\img_27619.jpg
10554	4.0	c4\img_52951.jpg
17069	7.0	c7\img_394.jpg
14396	6.0	c6\img_21008.jpg
12790	5.0	c5\img_49265.jpg
10494	4.0	c4\img_50677.jpg
18487	8.0	c8\img_12886.jpg
2227	0.0	c0\img_90173.jpg
5506	2.0	c2\img_36872.jpg
6661	2.0	c2\img_82746.jpg
16547	7.0	c7\img_15486.jpg
12204	5.0	c5\img_26521.jpg
16229	6.0	c6\img_93836.jpg
18854	8.0	c8\img_31338.jpg
3087	1.0	c1\img_32577.jpg
13198	5.0	c5\img_66294.jpg
3617	1.0	c1\img_54867.jpg
15336	6.0	c6\img_58664.jpg
8692	3.0	c3\img_70592.jpg
16407	7.0	c7\img_10094.jpg
17823	7.0	c7\img_74538.jpg
9958	4.0	c4\img_30264.jpg
18421	8.0	c8\img_10191.jpg
2909	1.0	c1\img_25600.jpg
14777	6.0	c6\img_35826.jpg
14894	6.0	c6\img_40445.jpg
18317	7.0	c7\img_96737.jpg
2385	0.0	c0\img_96159.jpg
12430	5.0	c5\img_35074.jpg
6679	2.0	c2\img_83363.jpg
126	0.0	c0\img_13121.jpg
7988	3.0	c3\img_42350.jpg
14629	6.0	c6\img_29342.jpg
5497	2.0	c2\img_36563.jpg
11520	4.0	c4\img_91286.jpg
20839	9.0	c9\img_32027.jpg
11652	4.0	c4\img_96526.jpg
3464	1.0	c1\img_4839.jpg
7137	3.0	c3\img_101994.jpg
7088	3.0	c3\img_100611.jpg
10095	4.0	c4\img_34792.jpg
5614	2.0	c2\img_41327.jpg
14863	6.0	c6\img_39559.jpg
14623	6.0	c6\img_29126.jpg
13959	5.0	c5\img_96233.jpg
1443	0.0	c0\img_61299.jpg
18695	8.0	c8\img_23655.jpg
9981	4.0	c4\img_30911.jpg
16783	7.0	c7\img_26495.jpg
19509	8.0	c8\img_6289.jpg
22242	9.0	c9\img_91577.jpg
19724	8.0	c8\img_73393.jpg
19623	8.0	c8\img_68726.jpg
16041	6.0	c6\img_8716.jpg
14595	6.0	c6\img_28335.jpg
11584	4.0	c4\img_93875.jpg
20702	9.0	c9\img_25913.jpg
13855	5.0	c5\img_91738.jpg
21639	9.0	c9\img_65995.jpg
16084	6.0	c6\img_88597.jpg
17097	7.0	c7\img_40869.jpg
13728	5.0	c5\img_87183.jpg
9441	4.0	c4\img_101209.jpg
5471	2.0	c2\img_35656.jpg
150	0.0	c0\img_13935.jpg
19831	8.0	c8\img_77947.jpg
20399	9.0	c9\img_13541.jpg
19138	8.0	c8\img_45878.jpg
6069	2.0	c2\img_58615.jpg
19697	8.0	c8\img_72208.jpg
6323	2.0	c2\img_68647.jpg
12567	5.0	c5\img_40621.jpg
15238	6.0	c6\img_5440.jpg
16937	7.0	c7\img_32983.jpg
14031	5.0	c5\img_99151.jpg
8404	3.0	c3\img_58909.jpg
9572	4.0	c4\img_15378.jpg
17488	7.0	c7\img_59406.jpg
4111	1.0	c1\img_74124.jpg
2733	1.0	c1\img_18003.jpg
16027	6.0	c6\img_8662.jpg
1455	0.0	c0\img_6178.jpg
10348	4.0	c4\img_44535.jpg
2554	1.0	c1\img_10812.jpg
536	0.0	c0\img_28578.jpg
8086	3.0	c3\img_45912.jpg
22302	9.0	c9\img_94109.jpg
9754	4.0	c4\img_22315.jpg
6760	2.0	c2\img_86860.jpg
15914	6.0	c6\img_81728.jpg
12265	5.0	c5\img_28705.jpg
5868	2.0	c2\img_50686.jpg
13929	5.0	c5\img_94559.jpg
4286	1.0	c1\img_81021.jpg
13074	5.0	c5\img_60288.jpg
11850	5.0	c5\img_12293.jpg
5830	2.0	c2\img_49201.jpg
2441	0.0	c0\img_98115.jpg
18574	8.0	c8\img_17661.jpg
2917	1.0	c1\img_25940.jpg
2885	1.0	c1\img_24650.jpg
6994	2.0	c2\img_9617.jpg
20519	9.0	c9\img_18607.jpg
13236	5.0	c5\img_67163.jpg
546	0.0	c0\img_29172.jpg
14431	6.0	c6\img_22203.jpg
16636	7.0	c7\img_19923.jpg
17147	7.0	c7\img_43482.jpg
18155	7.0	c7\img_89230.jpg
17881	7.0	c7\img_77158.jpg
15666	6.0	c6\img_72318.jpg
12716	5.0	c5\img_464.jpg
8804	3.0	c3\img_74265.jpg
14484	6.0	c6\img_24254.jpg
2835	1.0	c1\img_22273.jpg
2280	0.0	c0\img_92464.jpg
6695	2.0	c2\img_84270.jpg
18607	8.0	c8\img_19323.jpg
22332	9.0	c9\img_95661.jpg
16194	6.0	c6\img_92503.jpg
2632	1.0	c1\img_13861.jpg
3083	1.0	c1\img_32401.jpg
8798	3.0	c3\img_74030.jpg
21460	9.0	c9\img_58732.jpg
15202	6.0	c6\img_52983.jpg
16786	7.0	c7\img_26517.jpg
8479	3.0	c3\img_61943.jpg
14121	6.0	c6\img_102056.jpg
1490	0.0	c0\img_63140.jpg
4115	1.0	c1\img_74308.jpg
20181	8.0	c8\img_9449.jpg
20672	9.0	c9\img_24891.jpg
20390	9.0	c9\img_13118.jpg
11923	5.0	c5\img_14899.jpg
5739	2.0	c2\img_45931.jpg
12267	5.0	c5\img_28886.jpg
16358	6.0	c6\img_99175.jpg
2727	1.0	c1\img_17855.jpg
7242	3.0	c3\img_14229.jpg
18124	7.0	c7\img_87806.jpg
2591	1.0	c1\img_12181.jpg
6206	2.0	c2\img_63804.jpg
16949	7.0	c7\img_33320.jpg
1386	0.0	c0\img_59338.jpg
10513	4.0	c4\img_51590.jpg
13532	5.0	c5\img_78633.jpg
22096	9.0	c9\img_85683.jpg
18431	8.0	c8\img_10352.jpg
1225	0.0	c0\img_53535.jpg
12971	5.0	c5\img_56467.jpg
19477	8.0	c8\img_61441.jpg
20384	9.0	c9\img_12780.jpg
13650	5.0	c5\img_83873.jpg
9826	4.0	c4\img_25544.jpg
7172	3.0	c3\img_11743.jpg
20582	9.0	c9\img_21391.jpg
5362	2.0	c2\img_31740.jpg
1137	0.0	c0\img_50526.jpg
3530	1.0	c1\img_51649.jpg
12163	5.0	c5\img_24744.jpg
14651	6.0	c6\img_3010.jpg
19316	8.0	c8\img_52914.jpg
16270	6.0	c6\img_95430.jpg
15444	6.0	c6\img_63239.jpg
4783	2.0	c2\img_101258.jpg
6605	2.0	c2\img_80296.jpg
16396	7.0	c7\img_100408.jpg
20466	9.0	c9\img_1640.jpg
3709	1.0	c1\img_59094.jpg
12609	5.0	c5\img_42329.jpg
20820	9.0	c9\img_31148.jpg
15721	6.0	c6\img_74263.jpg
862	0.0	c0\img_40382.jpg
7651	3.0	c3\img_30072.jpg
14427	6.0	c6\img_2209.jpg
11855	5.0	c5\img_1245.jpg
13368	5.0	c5\img_72188.jpg
5869	2.0	c2\img_50688.jpg
8962	3.0	c3\img_81202.jpg
1495	0.0	c0\img_63345.jpg
13118	5.0	c5\img_6238.jpg
1403	0.0	c0\img_59778.jpg
8288	3.0	c3\img_54497.jpg
5990	2.0	c2\img_553.jpg
16432	7.0	c7\img_102.jpg
9796	4.0	c4\img_2413.jpg
7062	2.0	c2\img_9959.jpg
2481	0.0	c0\img_99652.jpg
8780	3.0	c3\img_73505.jpg
14693	6.0	c6\img_31822.jpg
19166	8.0	c8\img_47128.jpg
9800	4.0	c4\img_24247.jpg
22165	9.0	c9\img_88570.jpg
2830	1.0	c1\img_22150.jpg
8858	3.0	c3\img_76504.jpg
9815	4.0	c4\img_25138.jpg
18068	7.0	c7\img_85673.jpg
18109	7.0	c7\img_87419.jpg
11081	4.0	c4\img_73464.jpg
5669	2.0	c2\img_42989.jpg
6218	2.0	c2\img_64296.jpg
9243	3.0	c3\img_9309.jpg
21461	9.0	c9\img_58749.jpg
17339	7.0	c7\img_52296.jpg
8977	3.0	c3\img_81984.jpg
10703	4.0	c4\img_58735.jpg
7385	3.0	c3\img_19484.jpg
598	0.0	c0\img_31355.jpg
77	0.0	c0\img_10884.jpg
17536	7.0	c7\img_61456.jpg
14021	5.0	c5\img_9874.jpg
20234	8.0	c8\img_96702.jpg
20782	9.0	c9\img_29909.jpg
16503	7.0	c7\img_13229.jpg
1806	0.0	c0\img_74672.jpg
1709	0.0	c0\img_71138.jpg
20437	9.0	c9\img_14974.jpg
20906	9.0	c9\img_35155.jpg
4315	1.0	c1\img_82572.jpg
4428	1.0	c1\img_86488.jpg
10751	4.0	c4\img_60673.jpg
740	0.0	c0\img_36155.jpg
9326	3.0	c3\img_96114.jpg
14201	6.0	c6\img_12961.jpg
2824	1.0	c1\img_21891.jpg
8324	3.0	c3\img_56190.jpg
10289	4.0	c4\img_42442.jpg
7445	3.0	c3\img_21776.jpg
5492	2.0	c2\img_36398.jpg
3993	1.0	c1\img_69274.jpg
18419	8.0	c8\img_101770.jpg
19995	8.0	c8\img_86046.jpg
15120	6.0	c6\img_49636.jpg
15039	6.0	c6\img_46634.jpg
22162	9.0	c9\img_88494.jpg
19380	8.0	c8\img_56372.jpg
12562	5.0	c5\img_40321.jpg
17082	7.0	c7\img_39979.jpg
1309	0.0	c0\img_56588.jpg
3493	1.0	c1\img_49793.jpg
5423	2.0	c2\img_34038.jpg
248	0.0	c0\img_17677.jpg
18565	8.0	c8\img_17167.jpg
1028	0.0	c0\img_46484.jpg
6440	2.0	c2\img_72914.jpg
4638	1.0	c1\img_95566.jpg
9214	3.0	c3\img_91939.jpg
9190	3.0	c3\img_9100.jpg
10658	4.0	c4\img_57279.jpg
18288	7.0	c7\img_95315.jpg
16124	6.0	c6\img_90580.jpg
20676	9.0	c9\img_25059.jpg
3859	1.0	c1\img_64305.jpg
4422	1.0	c1\img_86196.jpg
11523	4.0	c4\img_91678.jpg
21306	9.0	c9\img_51689.jpg
6747	2.0	c2\img_86478.jpg
4968	2.0	c2\img_16603.jpg
15053	6.0	c6\img_47148.jpg
3979	1.0	c1\img_68893.jpg
9541	4.0	c4\img_13973.jpg
7727	3.0	c3\img_32997.jpg
6379	2.0	c2\img_70465.jpg
14920	6.0	c6\img_41623.jpg
19190	8.0	c8\img_48213.jpg
5455	2.0	c2\img_35067.jpg
15070	6.0	c6\img_47967.jpg
16106	6.0	c6\img_89845.jpg
5880	2.0	c2\img_51217.jpg
5678	2.0	c2\img_43213.jpg
10225	4.0	c4\img_39966.jpg
18920	8.0	c8\img_34788.jpg
7259	3.0	c3\img_14597.jpg
9040	3.0	c3\img_84465.jpg
3891	1.0	c1\img_65098.jpg
12906	5.0	c5\img_5411.jpg
16716	7.0	c7\img_23155.jpg
22374	9.0	c9\img_97581.jpg
14274	6.0	c6\img_16049.jpg
2641	1.0	c1\img_14420.jpg
561	0.0	c0\img_29863.jpg
2622	1.0	c1\img_13453.jpg
242	0.0	c0\img_17524.jpg
6270	2.0	c2\img_66549.jpg
21311	9.0	c9\img_51984.jpg
1838	0.0	c0\img_75801.jpg
1446	0.0	c0\img_61375.jpg
5680	2.0	c2\img_43277.jpg
6763	2.0	c2\img_86953.jpg
19836	8.0	c8\img_78175.jpg
13881	5.0	c5\img_92810.jpg
13473	5.0	c5\img_76558.jpg
13761	5.0	c5\img_88434.jpg
21150	9.0	c9\img_45872.jpg
6029	2.0	c2\img_57028.jpg
10382	4.0	c4\img_45930.jpg
20924	9.0	c9\img_35880.jpg
15469	6.0	c6\img_64446.jpg
7017	2.0	c2\img_97473.jpg
17414	7.0	c7\img_56234.jpg
9664	4.0	c4\img_18743.jpg
11284	4.0	c4\img_81551.jpg
2288	0.0	c0\img_9270.jpg
14366	6.0	c6\img_19879.jpg
14822	6.0	c6\img_37428.jpg
8307	3.0	c3\img_55478.jpg
7508	3.0	c3\img_244.jpg
20777	9.0	c9\img_29606.jpg
13543	5.0	c5\img_79061.jpg
11816	5.0	c5\img_11087.jpg
14458	6.0	c6\img_23186.jpg
14780	6.0	c6\img_36003.jpg
18423	8.0	c8\img_101984.jpg
14260	6.0	c6\img_15382.jpg
12582	5.0	c5\img_41179.jpg
17634	7.0	c7\img_66667.jpg
4652	1.0	c1\img_96038.jpg
3945	1.0	c1\img_67327.jpg
5308	2.0	c2\img_29788.jpg
15928	6.0	c6\img_82113.jpg
9705	4.0	c4\img_20205.jpg
5973	2.0	c2\img_5465.jpg
19607	8.0	c8\img_6791.jpg
18779	8.0	c8\img_27549.jpg
7220	3.0	c3\img_13389.jpg
13082	5.0	c5\img_60486.jpg
7338	3.0	c3\img_17778.jpg
13159	5.0	c5\img_64503.jpg
13860	5.0	c5\img_91853.jpg
2146	0.0	c0\img_87245.jpg
13213	5.0	c5\img_66622.jpg
13190	5.0	c5\img_6584.jpg
19058	8.0	c8\img_41812.jpg
15785	6.0	c6\img_76768.jpg
330	0.0	c0\img_20727.jpg
17466	7.0	c7\img_58542.jpg
17822	7.0	c7\img_74536.jpg
2630	1.0	c1\img_13826.jpg
7684	3.0	c3\img_31357.jpg
2700	1.0	c1\img_16744.jpg
13081	5.0	c5\img_60466.jpg
9875	4.0	c4\img_27370.jpg
10200	4.0	c4\img_38764.jpg
14970	6.0	c6\img_43497.jpg
6692	2.0	c2\img_84080.jpg
22373	9.0	c9\img_97580.jpg
11553	4.0	c4\img_92811.jpg
18976	8.0	c8\img_37699.jpg
3349	1.0	c1\img_43786.jpg
14967	6.0	c6\img_43398.jpg
12055	5.0	c5\img_20413.jpg
11752	5.0	c5\img_100270.jpg
17317	7.0	c7\img_51133.jpg
21131	9.0	c9\img_45169.jpg
15962	6.0	c6\img_83884.jpg
5342	2.0	c2\img_31021.jpg
4644	1.0	c1\img_95825.jpg
15296	6.0	c6\img_56943.jpg
20488	9.0	c9\img_17355.jpg
20205	8.0	c8\img_95504.jpg
19200	8.0	c8\img_4853.jpg
12053	5.0	c5\img_20396.jpg
16994	7.0	c7\img_35473.jpg
5612	2.0	c2\img_41219.jpg
10648	4.0	c4\img_56761.jpg
18836	8.0	c8\img_30318.jpg
10795	4.0	c4\img_62056.jpg
4870	2.0	c2\img_13221.jpg
19159	8.0	c8\img_46877.jpg
14008	5.0	c5\img_98269.jpg
1561	0.0	c0\img_65978.jpg
20990	9.0	c9\img_38583.jpg
2842	1.0	c1\img_22597.jpg
16505	7.0	c7\img_133.jpg
5032	2.0	c2\img_19255.jpg
18095	7.0	c7\img_86686.jpg
13444	5.0	c5\img_7511.jpg
1654	0.0	c0\img_69092.jpg
2973	1.0	c1\img_28295.jpg
5135	2.0	c2\img_22964.jpg
1189	0.0	c0\img_52396.jpg
8398	3.0	c3\img_58768.jpg
11796	5.0	c5\img_102073.jpg
16068	6.0	c6\img_88081.jpg
7215	3.0	c3\img_13325.jpg
10079	4.0	c4\img_3417.jpg
4734	1.0	c1\img_9912.jpg
18374	7.0	c7\img_99736.jpg
19996	8.0	c8\img_8605.jpg
4415	1.0	c1\img_86068.jpg
7581	3.0	c3\img_27140.jpg
20440	9.0	c9\img_15164.jpg
12018	5.0	c5\img_18866.jpg
5697	2.0	c2\img_43841.jpg
10351	4.0	c4\img_4468.jpg
3115	1.0	c1\img_33758.jpg
2282	0.0	c0\img_92507.jpg
14699	6.0	c6\img_32221.jpg
21652	9.0	c9\img_66333.jpg
5193	2.0	c2\img_25270.jpg
6693	2.0	c2\img_84142.jpg
11021	4.0	c4\img_71416.jpg
17452	7.0	c7\img_57745.jpg
13506	5.0	c5\img_7760.jpg
5473	2.0	c2\img_35689.jpg
20767	9.0	c9\img_294.jpg
5925	2.0	c2\img_52671.jpg
16690	7.0	c7\img_22125.jpg
12190	5.0	c5\img_25949.jpg
7894	3.0	c3\img_39363.jpg
16940	7.0	c7\img_33072.jpg
18039	7.0	c7\img_84469.jpg
14024	5.0	c5\img_98856.jpg
9211	3.0	c3\img_91849.jpg
16586	7.0	c7\img_17812.jpg
3636	1.0	c1\img_55567.jpg
12767	5.0	c5\img_48282.jpg
17681	7.0	c7\img_68731.jpg
873	0.0	c0\img_40742.jpg
15842	6.0	c6\img_79558.jpg
17558	7.0	c7\img_62818.jpg
14848	6.0	c6\img_38718.jpg
3960	1.0	c1\img_67914.jpg
17798	7.0	c7\img_73685.jpg
13819	5.0	c5\img_90646.jpg
3567	1.0	c1\img_52960.jpg
15985	6.0	c6\img_84963.jpg
16973	7.0	c7\img_34377.jpg
13518	5.0	c5\img_78039.jpg
6883	2.0	c2\img_91691.jpg
2578	1.0	c1\img_11484.jpg
16527	7.0	c7\img_14581.jpg
12233	5.0	c5\img_275.jpg
2460	0.0	c0\img_9907.jpg
5281	2.0	c2\img_28938.jpg
1721	0.0	c0\img_71418.jpg
9311	3.0	c3\img_95555.jpg
19853	8.0	c8\img_78925.jpg
21195	9.0	c9\img_47121.jpg
7974	3.0	c3\img_41902.jpg
16948	7.0	c7\img_33282.jpg
5171	2.0	c2\img_24303.jpg
2299	0.0	c0\img_93090.jpg
18432	8.0	c8\img_10359.jpg
11234	4.0	c4\img_79534.jpg
7637	3.0	c3\img_29491.jpg
4902	2.0	c2\img_14414.jpg
17351	7.0	c7\img_52752.jpg
13850	5.0	c5\img_91444.jpg
5853	2.0	c2\img_501.jpg
13747	5.0	c5\img_87850.jpg
14139	6.0	c6\img_10918.jpg
10705	4.0	c4\img_58762.jpg
12135	5.0	c5\img_23613.jpg
21718	9.0	c9\img_69103.jpg
17911	7.0	c7\img_78784.jpg
588	0.0	c0\img_31024.jpg
3292	1.0	c1\img_41412.jpg
18254	7.0	c7\img_93650.jpg
5579	2.0	c2\img_39561.jpg
1485	0.0	c0\img_63064.jpg
10749	4.0	c4\img_60551.jpg
12317	5.0	c5\img_31451.jpg
12506	5.0	c5\img_38239.jpg
16607	7.0	c7\img_18741.jpg
8233	3.0	c3\img_52195.jpg
1887	0.0	c0\img_7807.jpg
18897	8.0	c8\img_33479.jpg
21892	9.0	c9\img_76944.jpg
241	0.0	c0\img_17515.jpg
15794	6.0	c6\img_77254.jpg
3127	1.0	c1\img_34203.jpg
16553	7.0	c7\img_15864.jpg
20526	9.0	c9\img_18974.jpg
15406	6.0	c6\img_61483.jpg
7545	3.0	c3\img_25815.jpg
12876	5.0	c5\img_52688.jpg
476	0.0	c0\img_26684.jpg
12350	5.0	c5\img_32655.jpg
16844	7.0	c7\img_29087.jpg
16384	7.0	c7\img_100164.jpg
3192	1.0	c1\img_36846.jpg
3632	1.0	c1\img_55461.jpg
17207	7.0	c7\img_46390.jpg
6622	2.0	c2\img_81161.jpg
17145	7.0	c7\img_43224.jpg
5761	2.0	c2\img_46650.jpg
3930	1.0	c1\img_66825.jpg
7455	3.0	c3\img_22182.jpg
15139	6.0	c6\img_50354.jpg
11622	4.0	c4\img_95397.jpg
10663	4.0	c4\img_57436.jpg
15116	6.0	c6\img_49443.jpg
14966	6.0	c6\img_43354.jpg
21957	9.0	c9\img_79959.jpg
1044	0.0	c0\img_47285.jpg
5016	2.0	c2\img_18543.jpg
11149	4.0	c4\img_76128.jpg
19874	8.0	c8\img_79982.jpg
1884	0.0	c0\img_7804.jpg
647	0.0	c0\img_32930.jpg
14215	6.0	c6\img_13520.jpg
15440	6.0	c6\img_62959.jpg
3306	1.0	c1\img_42047.jpg
9964	4.0	c4\img_3032.jpg
21295	9.0	c9\img_51145.jpg
15114	6.0	c6\img_49290.jpg
483	0.0	c0\img_26926.jpg
10044	4.0	c4\img_3298.jpg
14388	6.0	c6\img_20716.jpg
2290	0.0	c0\img_92731.jpg
8137	3.0	c3\img_47911.jpg
13065	5.0	c5\img_5980.jpg
8271	3.0	c3\img_53623.jpg
9742	4.0	c4\img_22075.jpg
4304	1.0	c1\img_82068.jpg
7987	3.0	c3\img_423.jpg
10567	4.0	c4\img_53646.jpg
18614	8.0	c8\img_19559.jpg
17837	7.0	c7\img_74958.jpg
4340	1.0	c1\img_83550.jpg
19952	8.0	c8\img_84414.jpg
8094	3.0	c3\img_4614.jpg
4683	1.0	c1\img_97035.jpg
19429	8.0	c8\img_58878.jpg
417	0.0	c0\img_2420.jpg
18774	8.0	c8\img_27307.jpg
14916	6.0	c6\img_41583.jpg
21508	9.0	c9\img_60511.jpg
1068	0.0	c0\img_48028.jpg
12996	5.0	c5\img_57437.jpg
21938	9.0	c9\img_79088.jpg
8633	3.0	c3\img_6835.jpg
16369	6.0	c6\img_99644.jpg
21037	9.0	c9\img_40254.jpg
21665	9.0	c9\img_66840.jpg
12630	5.0	c5\img_43091.jpg
1573	0.0	c0\img_66454.jpg
11889	5.0	c5\img_13760.jpg
4824	2.0	c2\img_11202.jpg
13064	5.0	c5\img_59796.jpg
12851	5.0	c5\img_51694.jpg
18473	8.0	c8\img_12188.jpg
20937	9.0	c9\img_36588.jpg
13582	5.0	c5\img_80629.jpg
5742	2.0	c2\img_46056.jpg
11072	4.0	c4\img_73258.jpg
20951	9.0	c9\img_3717.jpg
19540	8.0	c8\img_64291.jpg
18170	7.0	c7\img_89925.jpg
19676	8.0	c8\img_70997.jpg
2138	0.0	c0\img_86851.jpg
6877	2.0	c2\img_91592.jpg
21391	9.0	c9\img_55213.jpg
17993	7.0	c7\img_82387.jpg
5042	2.0	c2\img_19501.jpg
20085	8.0	c8\img_89709.jpg
11757	5.0	c5\img_10052.jpg
19383	8.0	c8\img_56518.jpg
14974	6.0	c6\img_43627.jpg
8728	3.0	c3\img_71680.jpg
14723	6.0	c6\img_33297.jpg
18506	8.0	c8\img_13752.jpg
20303	9.0	c9\img_100394.jpg
20504	9.0	c9\img_18034.jpg
20883	9.0	c9\img_33790.jpg
1327	0.0	c0\img_57235.jpg
14818	6.0	c6\img_37299.jpg
14393	6.0	c6\img_20956.jpg
15337	6.0	c6\img_58747.jpg
21422	9.0	c9\img_57214.jpg
10891	4.0	c4\img_66351.jpg
6148	2.0	c2\img_61397.jpg
302	0.0	c0\img_1942.jpg
17305	7.0	c7\img_50475.jpg
21853	9.0	c9\img_75408.jpg
9685	4.0	c4\img_19439.jpg
19327	8.0	c8\img_5365.jpg
1609	0.0	c0\img_67609.jpg
9469	4.0	c4\img_102147.jpg
19238	8.0	c8\img_50134.jpg
21870	9.0	c9\img_75875.jpg
1499	0.0	c0\img_63414.jpg
6155	2.0	c2\img_61631.jpg
4500	1.0	c1\img_89472.jpg
2406	0.0	c0\img_96916.jpg
20226	8.0	c8\img_96547.jpg
20832	9.0	c9\img_31681.jpg
20827	9.0	c9\img_3155.jpg
2465	0.0	c0\img_99179.jpg
12375	5.0	c5\img_33419.jpg
14600	6.0	c6\img_2845.jpg
19260	8.0	c8\img_50664.jpg
20606	9.0	c9\img_22310.jpg
20590	9.0	c9\img_21809.jpg
13943	5.0	c5\img_9539.jpg
12197	5.0	c5\img_26226.jpg
823	0.0	c0\img_39046.jpg
13874	5.0	c5\img_92551.jpg
10121	4.0	c4\img_3594.jpg
6325	2.0	c2\img_68732.jpg
1929	0.0	c0\img_79384.jpg
10326	4.0	c4\img_43594.jpg
18354	7.0	c7\img_98738.jpg
11794	5.0	c5\img_102040.jpg
1447	0.0	c0\img_61415.jpg
17967	7.0	c7\img_81370.jpg
6524	2.0	c2\img_76744.jpg
20449	9.0	c9\img_15534.jpg
17320	7.0	c7\img_51489.jpg
9803	4.0	c4\img_2443.jpg
7370	3.0	c3\img_18969.jpg
21282	9.0	c9\img_50806.jpg
19640	8.0	c8\img_69491.jpg
11892	5.0	c5\img_138.jpg
17470	7.0	c7\img_58770.jpg
15090	6.0	c6\img_48597.jpg
6983	2.0	c2\img_95527.jpg
16700	7.0	c7\img_22427.jpg
12256	5.0	c5\img_28341.jpg
4854	2.0	c2\img_12530.jpg
3089	1.0	c1\img_32621.jpg
1497	0.0	c0\img_63389.jpg
17665	7.0	c7\img_6810.jpg
3257	1.0	c1\img_3949.jpg
6687	2.0	c2\img_83860.jpg
9929	4.0	c4\img_29299.jpg
8120	3.0	c3\img_47284.jpg
21163	9.0	c9\img_46230.jpg
9750	4.0	c4\img_22200.jpg
21214	9.0	c9\img_47885.jpg
20491	9.0	c9\img_17453.jpg
21076	9.0	c9\img_4227.jpg
16188	6.0	c6\img_92338.jpg
19081	8.0	c8\img_42899.jpg
16140	6.0	c6\img_91042.jpg
2753	1.0	c1\img_18794.jpg
21655	9.0	c9\img_66427.jpg
15968	6.0	c6\img_84034.jpg
15208	6.0	c6\img_53137.jpg
11302	4.0	c4\img_82202.jpg
22392	9.0	c9\img_98423.jpg
21399	9.0	c9\img_55865.jpg
7822	3.0	c3\img_36736.jpg
14451	6.0	c6\img_2289.jpg
7302	3.0	c3\img_1645.jpg
16801	7.0	c7\img_27311.jpg
17046	7.0	c7\img_37951.jpg
20905	9.0	c9\img_3512.jpg
233	0.0	c0\img_17066.jpg
10050	4.0	c4\img_33121.jpg
16522	7.0	c7\img_14321.jpg
5399	2.0	c2\img_33177.jpg
11187	4.0	c4\img_77364.jpg
18154	7.0	c7\img_89206.jpg
16412	7.0	c7\img_101197.jpg
6991	2.0	c2\img_95778.jpg
6568	2.0	c2\img_78800.jpg
14306	6.0	c6\img_1722.jpg
20264	8.0	c8\img_98501.jpg
3050	1.0	c1\img_31004.jpg
14904	6.0	c6\img_41103.jpg
18325	7.0	c7\img_96912.jpg
18	0.0	c0\img_100796.jpg
17644	7.0	c7\img_67010.jpg
20028	8.0	c8\img_87249.jpg
2690	1.0	c1\img_16379.jpg
7372	3.0	c3\img_19024.jpg
5674	2.0	c2\img_43107.jpg
16161	6.0	c6\img_91546.jpg
14243	6.0	c6\img_14687.jpg
5331	2.0	c2\img_30565.jpg
11389	4.0	c4\img_85743.jpg
4241	1.0	c1\img_79327.jpg
7934	3.0	c3\img_40643.jpg
13045	5.0	c5\img_59195.jpg
3750	1.0	c1\img_60858.jpg
8182	3.0	c3\img_49942.jpg
17192	7.0	c7\img_45407.jpg
2121	0.0	c0\img_86323.jpg
22311	9.0	c9\img_94838.jpg
19491	8.0	c8\img_62110.jpg
14285	6.0	c6\img_16526.jpg
9204	3.0	c3\img_91604.jpg
4881	2.0	c2\img_13601.jpg
7013	2.0	c2\img_97326.jpg
17255	7.0	c7\img_48156.jpg
7604	3.0	c3\img_28119.jpg
14252	6.0	c6\img_15109.jpg
16820	7.0	c7\img_28127.jpg
21360	9.0	c9\img_53683.jpg
17426	7.0	c7\img_56661.jpg
7775	3.0	c3\img_34896.jpg
5640	2.0	c2\img_42032.jpg
4243	1.0	c1\img_79339.jpg
1675	0.0	c0\img_69977.jpg
16344	6.0	c6\img_98549.jpg
5368	2.0	c2\img_31875.jpg
3574	1.0	c1\img_53130.jpg
12663	5.0	c5\img_44297.jpg
9598	4.0	c4\img_16220.jpg
13676	5.0	c5\img_85173.jpg
2705	1.0	c1\img_16823.jpg
21818	9.0	c9\img_73705.jpg
9915	4.0	c4\img_28891.jpg
9151	3.0	c3\img_8911.jpg
1742	0.0	c0\img_72300.jpg
21599	9.0	c9\img_64368.jpg
16861	7.0	c7\img_29983.jpg
15403	6.0	c6\img_61392.jpg
14856	6.0	c6\img_39102.jpg
4673	1.0	c1\img_96654.jpg
15105	6.0	c6\img_49090.jpg
8792	3.0	c3\img_73824.jpg
2811	1.0	c1\img_21329.jpg
15452	6.0	c6\img_63599.jpg
12852	5.0	c5\img_51706.jpg
8570	3.0	c3\img_65421.jpg
558	0.0	c0\img_29656.jpg
19009	8.0	c8\img_39422.jpg
1582	0.0	c0\img_66709.jpg
7045	2.0	c2\img_9873.jpg
4230	1.0	c1\img_79000.jpg
17463	7.0	c7\img_58356.jpg
1072	0.0	c0\img_48185.jpg
18478	8.0	c8\img_12390.jpg
7878	3.0	c3\img_38933.jpg
4654	1.0	c1\img_9610.jpg
3787	1.0	c1\img_62154.jpg
3208	1.0	c1\img_37460.jpg
12498	5.0	c5\img_38029.jpg
2904	1.0	c1\img_25412.jpg
20910	9.0	c9\img_35303.jpg
478	0.0	c0\img_26701.jpg
20349	9.0	c9\img_11421.jpg
3529	1.0	c1\img_51643.jpg
18909	8.0	c8\img_34235.jpg
13662	5.0	c5\img_8443.jpg
12579	5.0	c5\img_4105.jpg
21953	9.0	c9\img_7973.jpg
12112	5.0	c5\img_22821.jpg
14464	6.0	c6\img_23414.jpg
6393	2.0	c2\img_70920.jpg
12244	5.0	c5\img_27774.jpg
9007	3.0	c3\img_83385.jpg
18594	8.0	c8\img_18737.jpg
17567	7.0	c7\img_63032.jpg
13169	5.0	c5\img_6487.jpg
19248	8.0	c8\img_50325.jpg
15393	6.0	c6\img_60959.jpg
18783	8.0	c8\img_27889.jpg
7710	3.0	c3\img_32399.jpg
8299	3.0	c3\img_55164.jpg
7342	3.0	c3\img_17979.jpg
14194	6.0	c6\img_12736.jpg
14394	6.0	c6\img_20960.jpg
1431	0.0	c0\img_60925.jpg
5391	2.0	c2\img_32819.jpg
2990	1.0	c1\img_28955.jpg
21873	9.0	c9\img_76204.jpg
718	0.0	c0\img_35502.jpg
20600	9.0	c9\img_21984.jpg
18602	8.0	c8\img_19021.jpg
19537	8.0	c8\img_64159.jpg
8862	3.0	c3\img_76852.jpg
22289	9.0	c9\img_93535.jpg
4685	1.0	c1\img_97162.jpg
20095	8.0	c8\img_90116.jpg
6485	2.0	c2\img_75088.jpg
5156	2.0	c2\img_23792.jpg
3697	1.0	c1\img_58564.jpg
16822	7.0	c7\img_28205.jpg
8349	3.0	c3\img_57086.jpg
4928	2.0	c2\img_15240.jpg
11179	4.0	c4\img_77239.jpg
21358	9.0	c9\img_53664.jpg
16928	7.0	c7\img_32474.jpg
17764	7.0	c7\img_72482.jpg
15972	6.0	c6\img_84284.jpg
19650	8.0	c8\img_69954.jpg
17143	7.0	c7\img_43122.jpg
3265	1.0	c1\img_40021.jpg
7467	3.0	c3\img_22625.jpg
11224	4.0	c4\img_79188.jpg
19089	8.0	c8\img_43358.jpg
3383	1.0	c1\img_45096.jpg
17730	7.0	c7\img_71168.jpg
8446	3.0	c3\img_60829.jpg
13618	5.0	c5\img_82339.jpg
3673	1.0	c1\img_57226.jpg
11828	5.0	c5\img_11581.jpg
4363	1.0	c1\img_8447.jpg
17078	7.0	c7\img_398.jpg
8313	3.0	c3\img_55797.jpg
5971	2.0	c2\img_54563.jpg
13285	5.0	c5\img_69090.jpg
4581	1.0	c1\img_93266.jpg
894	0.0	c0\img_41417.jpg
7874	3.0	c3\img_38790.jpg
5803	2.0	c2\img_48228.jpg
8686	3.0	c3\img_70371.jpg
1265	0.0	c0\img_55100.jpg
11678	4.0	c4\img_97621.jpg
14556	6.0	c6\img_26670.jpg
19470	8.0	c8\img_60927.jpg
17782	7.0	c7\img_73032.jpg
2374	0.0	c0\img_95760.jpg
3671	1.0	c1\img_57008.jpg
13903	5.0	c5\img_93637.jpg
2586	1.0	c1\img_11996.jpg
15412	6.0	c6\img_61811.jpg
17603	7.0	c7\img_64867.jpg
18323	7.0	c7\img_96845.jpg
21116	9.0	c9\img_44345.jpg
15111	6.0	c6\img_49258.jpg
7195	3.0	c3\img_1257.jpg
5048	2.0	c2\img_19640.jpg
2233	0.0	c0\img_90343.jpg
13326	5.0	c5\img_70663.jpg
6319	2.0	c2\img_68486.jpg
19940	8.0	c8\img_83726.jpg
14299	6.0	c6\img_1705.jpg
10479	4.0	c4\img_5014.jpg
9728	4.0	c4\img_21339.jpg
14736	6.0	c6\img_33786.jpg
17449	7.0	c7\img_5771.jpg
10179	4.0	c4\img_38091.jpg
3620	1.0	c1\img_55032.jpg
2230	0.0	c0\img_90325.jpg
847	0.0	c0\img_40014.jpg
9288	3.0	c3\img_9480.jpg
2270	0.0	c0\img_91958.jpg
3041	1.0	c1\img_30646.jpg
11811	5.0	c5\img_10657.jpg
6353	2.0	c2\img_69691.jpg
10446	4.0	c4\img_48663.jpg
9522	4.0	c4\img_12791.jpg
9847	4.0	c4\img_26380.jpg
19158	8.0	c8\img_46871.jpg
16450	7.0	c7\img_1086.jpg
4075	1.0	c1\img_72849.jpg
11204	4.0	c4\img_78310.jpg
9504	4.0	c4\img_12160.jpg
16100	6.0	c6\img_8947.jpg
21156	9.0	c9\img_46005.jpg
8338	3.0	c3\img_56746.jpg
18824	8.0	c8\img_29427.jpg
19261	8.0	c8\img_50668.jpg
22101	9.0	c9\img_85835.jpg
7893	3.0	c3\img_39355.jpg
582	0.0	c0\img_30740.jpg
6423	2.0	c2\img_72133.jpg
4005	1.0	c1\img_69858.jpg
22287	9.0	c9\img_93509.jpg
12310	5.0	c5\img_31142.jpg
19732	8.0	c8\img_73834.jpg
1473	0.0	c0\img_6240.jpg
1700	0.0	c0\img_70820.jpg
6253	2.0	c2\img_65723.jpg
4294	1.0	c1\img_81458.jpg
14601	6.0	c6\img_28455.jpg
6475	2.0	c2\img_74617.jpg
13489	5.0	c5\img_77084.jpg
3284	1.0	c1\img_40937.jpg
2778	1.0	c1\img_19815.jpg
19254	8.0	c8\img_50462.jpg
7535	3.0	c3\img_25398.jpg
10966	4.0	c4\img_69630.jpg
7763	3.0	c3\img_34498.jpg
20499	9.0	c9\img_17788.jpg
10427	4.0	c4\img_47839.jpg
7120	3.0	c3\img_101486.jpg
7343	3.0	c3\img_17995.jpg
371	0.0	c0\img_22143.jpg
3920	1.0	c1\img_66548.jpg
13905	5.0	c5\img_93740.jpg
9347	3.0	c3\img_96950.jpg
19423	8.0	c8\img_5840.jpg
2515	1.0	c1\img_101180.jpg
12026	5.0	c5\img_19162.jpg
15219	6.0	c6\img_53493.jpg
18098	7.0	c7\img_86959.jpg
13328	5.0	c5\img_70719.jpg
3690	1.0	c1\img_58220.jpg
4740	1.0	c1\img_99283.jpg
11017	4.0	c4\img_71201.jpg
17154	7.0	c7\img_43784.jpg
17873	7.0	c7\img_76630.jpg
18716	8.0	c8\img_2464.jpg
7230	3.0	c3\img_13742.jpg
16804	7.0	c7\img_27403.jpg
427	0.0	c0\img_24403.jpg
9673	4.0	c4\img_19091.jpg
6093	2.0	c2\img_59519.jpg
3845	1.0	c1\img_63918.jpg
4517	1.0	c1\img_90104.jpg
10598	4.0	c4\img_5496.jpg
11252	4.0	c4\img_80035.jpg
18406	8.0	c8\img_100976.jpg
20528	9.0	c9\img_19.jpg
18693	8.0	c8\img_23591.jpg
7297	3.0	c3\img_16169.jpg
14673	6.0	c6\img_30856.jpg
12483	5.0	c5\img_37474.jpg
18112	7.0	c7\img_8744.jpg
20356	9.0	c9\img_11642.jpg
12224	5.0	c5\img_27352.jpg
299	0.0	c0\img_19311.jpg
11577	4.0	c4\img_93609.jpg
6059	2.0	c2\img_58158.jpg
20886	9.0	c9\img_33923.jpg
20188	8.0	c8\img_94652.jpg
15651	6.0	c6\img_71864.jpg
6375	2.0	c2\img_70331.jpg
2277	0.0	c0\img_92314.jpg
4048	1.0	c1\img_71544.jpg
5634	2.0	c2\img_41872.jpg
9683	4.0	c4\img_19383.jpg
19106	8.0	c8\img_43861.jpg
18846	8.0	c8\img_30953.jpg
21523	9.0	c9\img_61267.jpg
87	0.0	c0\img_11582.jpg
15925	6.0	c6\img_82001.jpg
14973	6.0	c6\img_43622.jpg
10828	4.0	c4\img_63260.jpg
9178	3.0	c3\img_90231.jpg
7150	3.0	c3\img_11023.jpg
4156	1.0	c1\img_75741.jpg
3176	1.0	c1\img_36081.jpg
14326	6.0	c6\img_183.jpg
17683	7.0	c7\img_68823.jpg
7957	3.0	c3\img_41297.jpg
4706	1.0	c1\img_98013.jpg
4929	2.0	c2\img_15269.jpg
3461	1.0	c1\img_48068.jpg
10531	4.0	c4\img_51955.jpg
3014	1.0	c1\img_29808.jpg
11601	4.0	c4\img_94578.jpg
16603	7.0	c7\img_18602.jpg
2803	1.0	c1\img_21076.jpg
2774	1.0	c1\img_19727.jpg
9470	4.0	c4\img_10230.jpg
725	0.0	c0\img_35669.jpg
20759	9.0	c9\img_28988.jpg
3432	1.0	c1\img_47196.jpg
20727	9.0	c9\img_27342.jpg
18007	7.0	c7\img_82937.jpg
11824	5.0	c5\img_11398.jpg
16496	7.0	c7\img_12902.jpg
6420	2.0	c2\img_72043.jpg
12298	5.0	c5\img_30469.jpg
19548	8.0	c8\img_64739.jpg
12217	5.0	c5\img_27092.jpg
6424	2.0	c2\img_7217.jpg
2366	0.0	c0\img_95596.jpg
9010	3.0	c3\img_83446.jpg
8033	3.0	c3\img_43954.jpg
20786	9.0	c9\img_30092.jpg
10691	4.0	c4\img_58313.jpg
5913	2.0	c2\img_52180.jpg
15488	6.0	c6\img_64967.jpg
17287	7.0	c7\img_49736.jpg
2103	0.0	c0\img_85624.jpg
16738	7.0	c7\img_2401.jpg
5248	2.0	c2\img_27476.jpg
5748	2.0	c2\img_46210.jpg
18373	7.0	c7\img_99683.jpg
1205	0.0	c0\img_53025.jpg
14088	6.0	c6\img_101088.jpg
9270	3.0	c3\img_94157.jpg
20474	9.0	c9\img_16668.jpg
4360	1.0	c1\img_84439.jpg
14579	6.0	c6\img_27525.jpg
20126	8.0	c8\img_91366.jpg
15068	6.0	c6\img_47827.jpg
14138	6.0	c6\img_10875.jpg
6629	2.0	c2\img_814.jpg
3238	1.0	c1\img_38575.jpg
397	0.0	c0\img_23231.jpg
16286	6.0	c6\img_9615.jpg
7701	3.0	c3\img_32122.jpg
14841	6.0	c6\img_38444.jpg
18015	7.0	c7\img_83257.jpg
10321	4.0	c4\img_43469.jpg
19629	8.0	c8\img_68849.jpg
22299	9.0	c9\img_93918.jpg
10659	4.0	c4\img_57333.jpg
19535	8.0	c8\img_64028.jpg
17478	7.0	c7\img_59067.jpg
16778	7.0	c7\img_26053.jpg
2529	1.0	c1\img_101681.jpg
8034	3.0	c3\img_43963.jpg
11327	4.0	c4\img_83309.jpg
21020	9.0	c9\img_39408.jpg
9433	4.0	c4\img_100808.jpg
9581	4.0	c4\img_15738.jpg
19737	8.0	c8\img_74065.jpg
14010	5.0	c5\img_98328.jpg
4372	1.0	c1\img_84731.jpg
7243	3.0	c3\img_14264.jpg
6496	2.0	c2\img_75559.jpg
13920	5.0	c5\img_94164.jpg
10672	4.0	c4\img_57658.jpg
2434	0.0	c0\img_97789.jpg
9094	3.0	c3\img_86857.jpg
7130	3.0	c3\img_101757.jpg
12922	5.0	c5\img_54622.jpg
16038	6.0	c6\img_87023.jpg
4284	1.0	c1\img_8099.jpg
10412	4.0	c4\img_4707.jpg
5488	2.0	c2\img_36284.jpg
9095	3.0	c3\img_86863.jpg
9224	3.0	c3\img_9225.jpg
17393	7.0	c7\img_55210.jpg
5828	2.0	c2\img_4913.jpg
17327	7.0	c7\img_5175.jpg
1382	0.0	c0\img_59237.jpg
17260	7.0	c7\img_48341.jpg
15768	6.0	c6\img_76008.jpg
4946	2.0	c2\img_15802.jpg
17356	7.0	c7\img_52943.jpg
22097	9.0	c9\img_85699.jpg
5376	2.0	c2\img_32237.jpg
8734	3.0	c3\img_71904.jpg
19032	8.0	c8\img_40602.jpg
1365	0.0	c0\img_58679.jpg
4703	1.0	c1\img_97835.jpg
9041	3.0	c3\img_84474.jpg
3851	1.0	c1\img_64065.jpg
20287	8.0	c8\img_99796.jpg
7122	3.0	c3\img_101542.jpg
9028	3.0	c3\img_84246.jpg
17720	7.0	c7\img_70678.jpg
9905	4.0	c4\img_28655.jpg
14582	6.0	c6\img_27891.jpg
15524	6.0	c6\img_66564.jpg
19065	8.0	c8\img_42266.jpg
14438	6.0	c6\img_22493.jpg
11153	4.0	c4\img_76257.jpg
5589	2.0	c2\img_39826.jpg
20362	9.0	c9\img_11964.jpg
17284	7.0	c7\img_49662.jpg
8437	3.0	c3\img_60468.jpg
4370	1.0	c1\img_84691.jpg
10656	4.0	c4\img_57097.jpg
8973	3.0	c3\img_81826.jpg
19769	8.0	c8\img_75545.jpg
4358	1.0	c1\img_84433.jpg
12637	5.0	c5\img_4341.jpg
1248	0.0	c0\img_54603.jpg
2124	0.0	c0\img_86407.jpg
15245	6.0	c6\img_54690.jpg
9071	3.0	c3\img_85928.jpg
17174	7.0	c7\img_44818.jpg
19220	8.0	c8\img_49247.jpg
2732	1.0	c1\img_18002.jpg
19315	8.0	c8\img_52890.jpg
11217	4.0	c4\img_78820.jpg
21671	9.0	c9\img_67234.jpg
5630	2.0	c2\img_41739.jpg
16235	6.0	c6\img_9401.jpg
8597	3.0	c3\img_66824.jpg
15720	6.0	c6\img_74212.jpg
12270	5.0	c5\img_29001.jpg
4657	1.0	c1\img_96164.jpg
10844	4.0	c4\img_64068.jpg
14071	6.0	c6\img_100528.jpg
4470	1.0	c1\img_88474.jpg
10536	4.0	c4\img_52138.jpg
15126	6.0	c6\img_49749.jpg
5168	2.0	c2\img_24193.jpg
20180	8.0	c8\img_94489.jpg
6377	2.0	c2\img_70357.jpg
1428	0.0	c0\img_60835.jpg
15765	6.0	c6\img_75898.jpg
11265	4.0	c4\img_80489.jpg
10504	4.0	c4\img_51183.jpg
6142	2.0	c2\img_61091.jpg
506	0.0	c0\img_2764.jpg
1224	0.0	c0\img_53526.jpg
10904	4.0	c4\img_66941.jpg
14529	6.0	c6\img_25613.jpg
8924	3.0	c3\img_79688.jpg
11140	4.0	c4\img_75950.jpg
8622	3.0	c3\img_68026.jpg
19978	8.0	c8\img_85516.jpg
5735	2.0	c2\img_45607.jpg
829	0.0	c0\img_39280.jpg
7553	3.0	c3\img_26054.jpg
229	0.0	c0\img_16903.jpg
16753	7.0	c7\img_24583.jpg
9449	4.0	c4\img_101437.jpg
20157	8.0	c8\img_93323.jpg
20713	9.0	c9\img_26240.jpg
15739	6.0	c6\img_74953.jpg
994	0.0	c0\img_45005.jpg
6992	2.0	c2\img_95814.jpg
18145	7.0	c7\img_88806.jpg
8314	3.0	c3\img_55817.jpg
6871	2.0	c2\img_91424.jpg
13580	5.0	c5\img_80589.jpg
15167	6.0	c6\img_51367.jpg
8763	3.0	c3\img_72963.jpg
6478	2.0	c2\img_74763.jpg
1605	0.0	c0\img_67292.jpg
14975	6.0	c6\img_43653.jpg
16647	7.0	c7\img_20171.jpg
8752	3.0	c3\img_72497.jpg
14994	6.0	c6\img_44276.jpg
621	0.0	c0\img_32153.jpg
10371	4.0	c4\img_45526.jpg
3622	1.0	c1\img_55112.jpg
1085	0.0	c0\img_4854.jpg
17955	7.0	c7\img_80730.jpg
17882	7.0	c7\img_77160.jpg
5716	2.0	c2\img_44691.jpg
1713	0.0	c0\img_71196.jpg
6970	2.0	c2\img_95044.jpg
6354	2.0	c2\img_69693.jpg
10721	4.0	c4\img_59298.jpg
22225	9.0	c9\img_9098.jpg
16318	6.0	c6\img_97539.jpg
202	0.0	c0\img_15822.jpg
16167	6.0	c6\img_91643.jpg
17399	7.0	c7\img_55669.jpg
22200	9.0	c9\img_8976.jpg
18534	8.0	c8\img_15562.jpg
3534	1.0	c1\img_51786.jpg
4181	1.0	c1\img_76735.jpg
11132	4.0	c4\img_75719.jpg
3070	1.0	c1\img_32019.jpg
387	0.0	c0\img_22974.jpg
8294	3.0	c3\img_5479.jpg
1735	0.0	c0\img_71818.jpg
21964	9.0	c9\img_80250.jpg
682	0.0	c0\img_34146.jpg
17626	7.0	c7\img_66016.jpg
12050	5.0	c5\img_20358.jpg
7541	3.0	c3\img_25657.jpg
1066	0.0	c0\img_47947.jpg
17673	7.0	c7\img_68240.jpg
20836	9.0	c9\img_31830.jpg
9483	4.0	c4\img_11012.jpg
18615	8.0	c8\img_19585.jpg
3490	1.0	c1\img_49641.jpg
14180	6.0	c6\img_1208.jpg
3977	1.0	c1\img_68842.jpg
359	0.0	c0\img_21731.jpg
9699	4.0	c4\img_20049.jpg
6549	2.0	c2\img_78045.jpg
12667	5.0	c5\img_4438.jpg
6178	2.0	c2\img_62430.jpg
8655	3.0	c3\img_68978.jpg
13757	5.0	c5\img_88339.jpg
4464	1.0	c1\img_88087.jpg
1125	0.0	c0\img_50007.jpg
14367	6.0	c6\img_19941.jpg
3458	1.0	c1\img_47993.jpg
267	0.0	c0\img_18314.jpg
20468	9.0	c9\img_16448.jpg
3418	1.0	c1\img_46257.jpg
17687	7.0	c7\img_68990.jpg
258	0.0	c0\img_18121.jpg
17935	7.0	c7\img_79650.jpg
20364	9.0	c9\img_12000.jpg
9057	3.0	c3\img_85093.jpg
14330	6.0	c6\img_18418.jpg
1356	0.0	c0\img_5846.jpg
22161	9.0	c9\img_88455.jpg
6192	2.0	c2\img_63151.jpg
5651	2.0	c2\img_42448.jpg
18071	7.0	c7\img_85828.jpg
1720	0.0	c0\img_71412.jpg
16242	6.0	c6\img_94319.jpg
18451	8.0	c8\img_11417.jpg
18911	8.0	c8\img_34328.jpg
21168	9.0	c9\img_46458.jpg
10523	4.0	c4\img_51790.jpg
19075	8.0	c8\img_42529.jpg
9170	3.0	c3\img_8987.jpg
8988	3.0	c3\img_82715.jpg
3061	1.0	c1\img_31657.jpg
17669	7.0	c7\img_68158.jpg
10374	4.0	c4\img_45614.jpg
3829	1.0	c1\img_6329.jpg
21015	9.0	c9\img_39336.jpg
11812	5.0	c5\img_10760.jpg
5895	2.0	c2\img_51593.jpg
12481	5.0	c5\img_37376.jpg
18367	7.0	c7\img_99020.jpg
10836	4.0	c4\img_63638.jpg
9535	4.0	c4\img_13701.jpg
5940	2.0	c2\img_53195.jpg
21563	9.0	c9\img_63020.jpg
17022	7.0	c7\img_3657.jpg
7420	3.0	c3\img_20673.jpg
13416	5.0	c5\img_74178.jpg
14637	6.0	c6\img_29610.jpg
2527	1.0	c1\img_101649.jpg
10720	4.0	c4\img_59246.jpg
8177	3.0	c3\img_49615.jpg
20505	9.0	c9\img_18052.jpg
17225	7.0	c7\img_46909.jpg
5855	2.0	c2\img_50145.jpg
3664	1.0	c1\img_5680.jpg
9575	4.0	c4\img_1552.jpg
14410	6.0	c6\img_2152.jpg
17735	7.0	c7\img_71288.jpg
16285	6.0	c6\img_96145.jpg
15905	6.0	c6\img_81473.jpg
11328	4.0	c4\img_83373.jpg
15512	6.0	c6\img_66152.jpg
13813	5.0	c5\img_90328.jpg
22376	9.0	c9\img_97749.jpg
795	0.0	c0\img_38065.jpg
9261	3.0	c3\img_93826.jpg
5816	2.0	c2\img_48619.jpg
21170	9.0	c9\img_46510.jpg
8601	3.0	c3\img_67045.jpg
18727	8.0	c8\img_24927.jpg
9558	4.0	c4\img_14593.jpg
466	0.0	c0\img_26185.jpg
20970	9.0	c9\img_37708.jpg
500	0.0	c0\img_27414.jpg
1286	0.0	c0\img_55890.jpg
20508	9.0	c9\img_18208.jpg
16179	6.0	c6\img_92055.jpg
6894	2.0	c2\img_91962.jpg
2165	0.0	c0\img_87946.jpg
1977	0.0	c0\img_8081.jpg
17302	7.0	c7\img_50419.jpg
17989	7.0	c7\img_82317.jpg
183	0.0	c0\img_15117.jpg
16474	7.0	c7\img_116.jpg
1173	0.0	c0\img_51928.jpg
10847	4.0	c4\img_64192.jpg
18029	7.0	c7\img_83885.jpg
16675	7.0	c7\img_21452.jpg
4633	1.0	c1\img_95374.jpg
3335	1.0	c1\img_4330.jpg
12795	5.0	c5\img_4940.jpg
14934	6.0	c6\img_42058.jpg
21888	9.0	c9\img_7682.jpg
18156	7.0	c7\img_89317.jpg
18814	8.0	c8\img_29028.jpg
527	0.0	c0\img_28286.jpg
4862	2.0	c2\img_12784.jpg
2020	0.0	c0\img_82122.jpg
6564	2.0	c2\img_78430.jpg
3897	1.0	c1\img_65466.jpg
10754	4.0	c4\img_60846.jpg
15792	6.0	c6\img_77107.jpg
20408	9.0	c9\img_13876.jpg
11095	4.0	c4\img_74182.jpg
9188	3.0	c3\img_90960.jpg
21896	9.0	c9\img_77138.jpg
4800	2.0	c2\img_10269.jpg
3350	1.0	c1\img_43798.jpg
17290	7.0	c7\img_49854.jpg
6873	2.0	c2\img_91509.jpg
13073	5.0	c5\img_60274.jpg
11769	5.0	c5\img_100905.jpg
19480	8.0	c8\img_61587.jpg
13833	5.0	c5\img_91055.jpg
12016	5.0	c5\img_18740.jpg
12479	5.0	c5\img_37322.jpg
18289	7.0	c7\img_95354.jpg
18851	8.0	c8\img_31174.jpg
9419	4.0	c4\img_100225.jpg
2633	1.0	c1\img_1407.jpg
8110	3.0	c3\img_46718.jpg
5102	2.0	c2\img_21958.jpg
20496	9.0	c9\img_17725.jpg
9104	3.0	c3\img_87177.jpg
14233	6.0	c6\img_1424.jpg
13219	5.0	c5\img_667.jpg
12269	5.0	c5\img_28973.jpg
20044	8.0	c8\img_87860.jpg
620	0.0	c0\img_32074.jpg
5787	2.0	c2\img_47741.jpg
13389	5.0	c5\img_73158.jpg
1360	0.0	c0\img_58551.jpg
16348	6.0	c6\img_98782.jpg
16979	7.0	c7\img_34726.jpg
13630	5.0	c5\img_83064.jpg
8303	3.0	c3\img_55298.jpg
5082	2.0	c2\img_21094.jpg
19556	8.0	c8\img_65016.jpg
14339	6.0	c6\img_18820.jpg
12029	5.0	c5\img_19279.jpg
3729	1.0	c1\img_60117.jpg
961	0.0	c0\img_4399.jpg
19271	8.0	c8\img_51168.jpg
15381	6.0	c6\img_60636.jpg
16600	7.0	c7\img_18380.jpg
11412	4.0	c4\img_86916.jpg
22066	9.0	c9\img_8455.jpg
12432	5.0	c5\img_35088.jpg
18545	8.0	c8\img_16149.jpg
14468	6.0	c6\img_23460.jpg
20740	9.0	c9\img_28033.jpg
18890	8.0	c8\img_33071.jpg
12470	5.0	c5\img_36886.jpg
19174	8.0	c8\img_47469.jpg
21062	9.0	c9\img_4141.jpg
13524	5.0	c5\img_78328.jpg
19872	8.0	c8\img_79889.jpg
4030	1.0	c1\img_70831.jpg
5159	2.0	c2\img_23878.jpg
15620	6.0	c6\img_70466.jpg
22223	9.0	c9\img_90841.jpg
19518	8.0	c8\img_63216.jpg
410	0.0	c0\img_23890.jpg
14932	6.0	c6\img_42012.jpg
10936	4.0	c4\img_68224.jpg
11705	4.0	c4\img_98578.jpg
18619	8.0	c8\img_1973.jpg
11894	5.0	c5\img_13895.jpg
11248	4.0	c4\img_79905.jpg
16617	7.0	c7\img_19281.jpg
5472	2.0	c2\img_35658.jpg
184	0.0	c0\img_1519.jpg
4614	1.0	c1\img_94463.jpg
6680	2.0	c2\img_83377.jpg
3975	1.0	c1\img_68780.jpg
5726	2.0	c2\img_45279.jpg
